0001_0029_0035_0049_0049.jpg 1 29 35 49 49
0002_0019_0032_0033_0033.jpg 1 19 32 33 33
0003_0038_0043_0025_0025.jpg 1 38 43 25 25
0004_0010_0032_0057_0057.jpg 1 10 32 57 57
0005_0015_0024_0060_0060.jpg 1 15 24 60 60
0006_0028_0018_0043_0043.jpg 1 28 18 43 43
0007_0024_0042_0048_0048.jpg 1 24 42 48 48
0008_0037_0029_0058_0058.jpg 1 37 29 58 58
0009_0021_0009_0024_0024.jpg 1 21 9 24 24
0010_0038_0053_0027_0027.jpg 1 38 53 27 27
0011_0018_0017_0034_0034.jpg 1 18 17 34 34
0012_0044_0041_0038_0038.jpg 1 44 41 38 38
0013_0026_0013_0059_0059.jpg 1 26 13 59 59
0014_0043_0041_0037_0037.jpg 1 43 41 37 37
0015_0009_0004_0060_0060.jpg 1 9 4 60 60
0016_0018_0024_0065_0065.jpg 1 18 24 65 65
0017_0031_0034_0062_0062.jpg 1 31 34 62 62
0018_0055_0015_0030_0030.jpg 1 55 15 30 30
0019_0044_0007_0040_0040.jpg 1 44 7 40 40
0020_0029_0010_0060_0060.jpg 1 29 10 60 60
0021_0055_0017_0034_0034.jpg 1 55 17 34 34
0022_0030_0046_0028_0028.jpg 1 30 46 28 28
0023_0025_0038_0041_0041.jpg 1 25 38 41 41
0024_0006_0014_0052_0052.jpg 1 6 14 52 52
0025_0026_0025_0035_0035.jpg 1 26 25 35 35
0026_0050_0008_0030_0030.jpg 1 50 8 30 30
0027_0020_0048_0028_0028.jpg 1 20 48 28 28
0028_0025_0011_0056_0056.jpg 1 25 11 56 56
0029_0023_0021_0068_0068.jpg 1 23 21 68 68
0030_0025_0007_0046_0046.jpg 1 25 7 46 46
0031_0014_0036_0054_0054.jpg 1 14 36 54 54
0032_0006_0021_0055_0055.jpg 1 6 21 55 55
0033_0054_0056_0024_0024.jpg 1 54 56 24 24
0034_0017_0009_0055_0055.jpg 1 17 9 55 55
0035_0049_0012_0033_0033.jpg 1 49 12 33 33
0036_0023_0009_0047_0047.jpg 1 23 9 47 47
0037_0006_0023_0054_0054.jpg 1 6 23 54 54
0038_0007_0059_0032_0032.jpg 1 7 59 32 32
0039_0052_0009_0041_0041.jpg 1 52 9 41 41
0040_0004_0007_0069_0069.jpg 1 4 7 69 69
0041_0057_0020_0035_0035.jpg 1 57 20 35 35
0042_0036_0018_0051_0051.jpg 1 36 18 51 51
0043_0030_0007_0032_0032.jpg 1 30 7 32 32
0044_0024_0007_0065_0065.jpg 1 24 7 65 65
0045_0025_0048_0024_0024.jpg 1 25 48 24 24
0046_0027_0027_0042_0042.jpg 1 27 27 42 42
0047_0023_0020_0053_0053.jpg 1 23 20 53 53
0048_0043_0061_0024_0024.jpg 1 43 61 24 24
0049_0042_0048_0030_0030.jpg 1 42 48 30 30
0050_0031_0043_0036_0036.jpg 1 31 43 36 36
0051_0021_0019_0060_0060.jpg 1 21 19 60 60
0052_0036_0052_0033_0033.jpg 1 36 52 33 33
0053_0050_0021_0032_0032.jpg 1 50 21 32 32
0054_0018_0013_0039_0039.jpg 1 18 13 39 39
0055_0019_0012_0064_0064.jpg 1 19 12 64 64
0056_0020_0020_0026_0026.jpg 1 20 20 26 26
0057_0041_0030_0037_0037.jpg 1 41 30 37 37
0058_0025_0028_0035_0035.jpg 1 25 28 35 35
0059_0015_0010_0058_0058.jpg 1 15 10 58 58
0060_0022_0013_0066_0066.jpg 1 22 13 66 66
0061_0037_0040_0054_0054.jpg 1 37 40 54 54
0062_0035_0009_0058_0058.jpg 1 35 9 58 58
0063_0032_0051_0029_0029.jpg 1 32 51 29 29
0064_0014_0013_0045_0045.jpg 1 14 13 45 45
0065_0051_0031_0025_0025.jpg 1 51 31 25 25
0066_0060_0060_0024_0024.jpg 1 60 60 24 24
0067_0035_0019_0039_0039.jpg 1 35 19 39 39
0068_0033_0036_0041_0041.jpg 1 33 36 41 41
0069_0016_0063_0027_0027.jpg 1 16 63 27 27
0070_0032_0044_0029_0029.jpg 1 32 44 29 29
0071_0025_0027_0063_0063.jpg 1 25 27 63 63
0072_0028_0036_0051_0051.jpg 1 28 36 51 51
0073_0045_0009_0040_0040.jpg 1 45 9 40 40
0074_0023_0027_0042_0042.jpg 1 23 27 42 42
0075_0028_0063_0029_0029.jpg 1 28 63 29 29
0076_0020_0035_0033_0033.jpg 1 20 35 33 33
0077_0057_0040_0035_0035.jpg 1 57 40 35 35
0078_0030_0020_0057_0057.jpg 1 30 20 57 57
0079_0011_0029_0059_0059.jpg 1 11 29 59 59
0080_0026_0033_0054_0054.jpg 1 26 33 54 54
0081_0004_0009_0063_0063.jpg 1 4 9 63 63
0082_0013_0019_0060_0060.jpg 1 13 19 60 60
0083_0018_0019_0067_0067.jpg 1 18 19 67 67
0084_0005_0030_0065_0065.jpg 1 5 30 65 65
0085_0010_0039_0041_0041.jpg 1 10 39 41 41
0086_0013_0044_0033_0033.jpg 1 13 44 33 33
0087_0053_0053_0038_0038.jpg 1 53 53 38 38
0088_0004_0018_0063_0063.jpg 1 4 18 63 63
0089_0021_0037_0047_0047.jpg 1 21 37 47 47
0090_0018_0031_0056_0056.jpg 1 18 31 56 56
0091_0010_0020_0067_0067.jpg 1 10 20 67 67
0092_0021_0014_0025_0025.jpg 1 21 14 25 25
0093_0046_0050_0031_0031.jpg 1 46 50 31 31
0094_0012_0032_0028_0028.jpg 1 12 32 28 28
0095_0010_0023_0043_0043.jpg 1 10 23 43 43
0096_0030_0017_0058_0058.jpg 1 30 17 58 58
0097_0006_0043_0039_0039.jpg 1 6 43 39 39
0098_0021_0049_0035_0035.jpg 1 21 49 35 35
0099_0023_0029_0038_0038.jpg 1 23 29 38 38
0100_0028_0029_0053_0053.jpg 1 28 29 53 53
0101_0033_0029_0060_0060.jpg 1 33 29 60 60
0102_0054_0006_0034_0034.jpg 1 54 6 34 34
0103_0019_0021_0058_0058.jpg 1 19 21 58 58
0104_0033_0019_0026_0026.jpg 1 33 19 26 26
0105_0029_0030_0065_0065.jpg 1 29 30 65 65
0106_0012_0036_0049_0049.jpg 1 12 36 49 49
0107_0058_0037_0034_0034.jpg 1 58 37 34 34
0108_0021_0005_0067_0067.jpg 1 21 5 67 67
0109_0009_0011_0055_0055.jpg 1 9 11 55 55
0110_0039_0020_0044_0044.jpg 1 39 20 44 44
0111_0022_0008_0058_0058.jpg 1 22 8 58 58
0112_0018_0015_0028_0028.jpg 1 18 15 28 28
0113_0035_0015_0029_0029.jpg 1 35 15 29 29
0114_0030_0006_0065_0065.jpg 1 30 6 65 65
0115_0028_0040_0032_0032.jpg 1 28 40 32 32
0116_0038_0031_0050_0050.jpg 1 38 31 50 50
0117_0054_0060_0030_0030.jpg 1 54 60 30 30
0118_0022_0028_0043_0043.jpg 1 22 28 43 43
0119_0027_0021_0047_0047.jpg 1 27 21 47 47
0120_0027_0012_0068_0068.jpg 1 27 12 68 68
0121_0045_0046_0048_0048.jpg 1 45 46 48 48
0122_0012_0011_0065_0065.jpg 1 12 11 65 65
0123_0027_0020_0058_0058.jpg 1 27 20 58 58
0124_0020_0015_0065_0065.jpg 1 20 15 65 65
0125_0007_0021_0042_0042.jpg 1 7 21 42 42
0126_0055_0043_0036_0036.jpg 1 55 43 36 36
0127_0029_0014_0061_0061.jpg 1 29 14 61 61
0128_0023_0038_0052_0052.jpg 1 23 38 52 52
0129_0029_0032_0059_0059.jpg 1 29 32 59 59
0130_0054_0049_0029_0029.jpg 1 54 49 29 29
0131_0016_0015_0069_0069.jpg 1 16 15 69 69
0132_0047_0050_0027_0027.jpg 1 47 50 27 27
0133_0019_0021_0067_0067.jpg 1 19 21 67 67
0134_0052_0023_0026_0026.jpg 1 52 23 26 26
0135_0013_0006_0060_0060.jpg 1 13 6 60 60
0136_0029_0053_0034_0034.jpg 1 29 53 34 34
0137_0008_0029_0066_0066.jpg 1 8 29 66 66
0138_0052_0010_0035_0035.jpg 1 52 10 35 35
0139_0008_0046_0032_0032.jpg 1 8 46 32 32
0140_0035_0033_0031_0031.jpg 1 35 33 31 31
0141_0033_0009_0053_0053.jpg 1 33 9 53 53
0142_0025_0030_0048_0048.jpg 1 25 30 48 48
0143_0015_0013_0032_0032.jpg 1 15 13 32 32
0144_0017_0061_0030_0030.jpg 1 17 61 30 30
0145_0035_0021_0052_0052.jpg 1 35 21 52 52
0146_0043_0034_0051_0051.jpg 1 43 34 51 51
0147_0018_0010_0056_0056.jpg 1 18 10 56 56
0148_0010_0014_0061_0061.jpg 1 10 14 61 61
0149_0020_0020_0058_0058.jpg 1 20 20 58 58
0150_0034_0040_0050_0050.jpg 1 34 40 50 50
0151_0008_0007_0045_0045.jpg 1 8 7 45 45
0152_0024_0011_0067_0067.jpg 1 24 11 67 67
0153_0052_0040_0032_0032.jpg 1 52 40 32 32
0154_0033_0038_0051_0051.jpg 1 33 38 51 51
0155_0043_0025_0025_0025.jpg 1 43 25 25 25
0156_0008_0015_0059_0059.jpg 1 8 15 59 59
0157_0033_0030_0054_0054.jpg 1 33 30 54 54
0158_0047_0042_0036_0036.jpg 1 47 42 36 36
0159_0020_0023_0064_0064.jpg 1 20 23 64 64
0160_0031_0033_0053_0053.jpg 1 31 33 53 53
0161_0024_0019_0028_0028.jpg 1 24 19 28 28
0162_0053_0026_0037_0037.jpg 1 53 26 37 37
0163_0032_0021_0054_0054.jpg 1 32 21 54 54
0164_0037_0017_0038_0038.jpg 1 37 17 38 38
0165_0040_0018_0042_0042.jpg 1 40 18 42 42
0166_0020_0013_0025_0025.jpg 1 20 13 25 25
0167_0064_0053_0026_0026.jpg 1 64 53 26 26
0168_0026_0020_0054_0054.jpg 1 26 20 54 54
0169_0032_0027_0059_0059.jpg 1 32 27 59 59
0170_0039_0057_0034_0034.jpg 1 39 57 34 34
0171_0047_0059_0034_0034.jpg 1 47 59 34 34
0172_0007_0028_0065_0065.jpg 1 7 28 65 65
0173_0029_0021_0030_0030.jpg 1 29 21 30 30
0174_0038_0032_0055_0055.jpg 1 38 32 55 55
0175_0063_0039_0029_0029.jpg 1 63 39 29 29
0176_0034_0008_0047_0047.jpg 1 34 8 47 47
0177_0030_0029_0066_0066.jpg 1 30 29 66 66
0178_0034_0021_0040_0040.jpg 1 34 21 40 40
0179_0027_0026_0048_0048.jpg 1 27 26 48 48
0180_0010_0051_0026_0026.jpg 1 10 51 26 26
0181_0042_0049_0030_0030.jpg 1 42 49 30 30
0182_0045_0058_0033_0033.jpg 1 45 58 33 33
0183_0026_0023_0031_0031.jpg 1 26 23 31 31
0184_0005_0028_0054_0054.jpg 1 5 28 54 54
0185_0023_0007_0039_0039.jpg 1 23 7 39 39
0186_0031_0034_0052_0052.jpg 1 31 34 52 52
0187_0009_0022_0065_0065.jpg 1 9 22 65 65
0188_0050_0031_0033_0033.jpg 1 50 31 33 33
0189_0024_0023_0064_0064.jpg 1 24 23 64 64
0190_0024_0041_0046_0046.jpg 1 24 41 46 46
0191_0026_0059_0024_0024.jpg 1 26 59 24 24
0192_0026_0017_0048_0048.jpg 1 26 17 48 48
0193_0026_0019_0069_0069.jpg 1 26 19 69 69
0194_0028_0013_0051_0051.jpg 1 28 13 51 51
0195_0014_0019_0066_0066.jpg 1 14 19 66 66
0196_0045_0056_0033_0033.jpg 1 45 56 33 33
0197_0023_0011_0041_0041.jpg 1 23 11 41 41
0198_0012_0031_0024_0024.jpg 1 12 31 24 24
0199_0056_0015_0036_0036.jpg 1 56 15 36 36
0200_0014_0019_0046_0046.jpg 1 14 19 46 46
0201_0040_0029_0050_0050.jpg 1 40 29 50 50
0202_0006_0012_0064_0064.jpg 1 6 12 64 64
0203_0033_0042_0043_0043.jpg 1 33 42 43 43
0204_0014_0009_0062_0062.jpg 1 14 9 62 62
0205_0027_0013_0049_0049.jpg 1 27 13 49 49
0206_0033_0044_0024_0024.jpg 1 33 44 24 24
0207_0008_0018_0065_0065.jpg 1 8 18 65 65
0208_0015_0006_0048_0048.jpg 1 15 6 48 48
0209_0033_0027_0026_0026.jpg 1 33 27 26 26
0210_0025_0030_0036_0036.jpg 1 25 30 36 36
0211_0027_0026_0030_0030.jpg 1 27 26 30 30
0212_0022_0020_0068_0068.jpg 1 22 20 68 68
0213_0021_0015_0046_0046.jpg 1 21 15 46 46
0214_0038_0047_0032_0032.jpg 1 38 47 32 32
0215_0010_0004_0056_0056.jpg 1 10 4 56 56
0216_0020_0060_0027_0027.jpg 1 20 60 27 27
0217_0015_0015_0047_0047.jpg 1 15 15 47 47
0218_0034_0041_0051_0051.jpg 1 34 41 51 51
0219_0029_0056_0037_0037.jpg 1 29 56 37 37
0220_0018_0010_0028_0028.jpg 1 18 10 28 28
0221_0042_0041_0032_0032.jpg 1 42 41 32 32
0222_0009_0035_0042_0042.jpg 1 9 35 42 42
0223_0062_0037_0025_0025.jpg 1 62 37 25 25
0224_0037_0021_0055_0055.jpg 1 37 21 55 55
0225_0018_0012_0066_0066.jpg 1 18 12 66 66
0226_0034_0031_0031_0031.jpg 1 34 31 31 31
0227_0057_0047_0028_0028.jpg 1 57 47 28 28
0228_0020_0010_0066_0066.jpg 1 20 10 66 66
0229_0045_0021_0039_0039.jpg 1 45 21 39 39
0230_0050_0049_0037_0037.jpg 1 50 49 37 37
0231_0025_0025_0032_0032.jpg 1 25 25 32 32
0232_0044_0036_0043_0043.jpg 1 44 36 43 43
0233_0023_0022_0057_0057.jpg 1 23 22 57 57
0234_0017_0032_0059_0059.jpg 1 17 32 59 59
0235_0037_0028_0044_0044.jpg 1 37 28 44 44
0236_0042_0036_0045_0045.jpg 1 42 36 45 45
0237_0026_0009_0067_0067.jpg 1 26 9 67 67
0238_0049_0039_0040_0040.jpg 1 49 39 40 40
0239_0036_0050_0033_0033.jpg 1 36 50 33 33
0240_0022_0012_0034_0034.jpg 1 22 12 34 34
0241_0006_0005_0065_0065.jpg 1 6 5 65 65
0242_0027_0057_0030_0030.jpg 1 27 57 30 30
0243_0043_0033_0036_0036.jpg 1 43 33 36 36
0244_0039_0033_0048_0048.jpg 1 39 33 48 48
0245_0008_0007_0044_0044.jpg 1 8 7 44 44
0246_0035_0018_0033_0033.jpg 1 35 18 33 33
0247_0005_0031_0058_0058.jpg 1 5 31 58 58
0248_0032_0021_0059_0059.jpg 1 32 21 59 59
0249_0025_0006_0069_0069.jpg 1 25 6 69 69
0250_0022_0046_0048_0048.jpg 1 22 46 48 48
0251_0036_0044_0048_0048.jpg 1 36 44 48 48
0252_0017_0042_0051_0051.jpg 1 17 42 51 51
0253_0039_0027_0038_0038.jpg 1 39 27 38 38
0254_0024_0012_0044_0044.jpg 1 24 12 44 44
0255_0036_0018_0055_0055.jpg 1 36 18 55 55
0256_0040_0021_0034_0034.jpg 1 40 21 34 34
0257_0007_0021_0052_0052.jpg 1 7 21 52 52
0258_0027_0054_0038_0038.jpg 1 27 54 38 38
0259_0029_0035_0052_0052.jpg 1 29 35 52 52
0260_0015_0027_0064_0064.jpg 1 15 27 64 64
0261_0022_0033_0034_0034.jpg 1 22 33 34 34
0262_0014_0028_0060_0060.jpg 1 14 28 60 60
0263_0023_0007_0052_0052.jpg 1 23 7 52 52
0264_0009_0026_0060_0060.jpg 1 9 26 60 60
0265_0004_0024_0058_0058.jpg 1 4 24 58 58
0266_0016_0020_0038_0038.jpg 1 16 20 38 38
0267_0017_0019_0069_0069.jpg 1 17 19 69 69
0268_0014_0015_0065_0065.jpg 1 14 15 65 65
0269_0039_0055_0036_0036.jpg 1 39 55 36 36
0270_0021_0025_0069_0069.jpg 1 21 25 69 69
0271_0023_0004_0068_0068.jpg 1 23 4 68 68
0272_0039_0007_0048_0048.jpg 1 39 7 48 48
0273_0022_0032_0061_0061.jpg 1 22 32 61 61
0274_0011_0050_0033_0033.jpg 1 11 50 33 33
0275_0006_0029_0038_0038.jpg 1 6 29 38 38
0276_0013_0020_0056_0056.jpg 1 13 20 56 56
0277_0047_0040_0036_0036.jpg 1 47 40 36 36
0278_0029_0011_0037_0037.jpg 1 29 11 37 37
0279_0019_0049_0042_0042.jpg 1 19 49 42 42
0280_0018_0026_0063_0063.jpg 1 18 26 63 63
0281_0039_0012_0044_0044.jpg 1 39 12 44 44
0282_0010_0005_0068_0068.jpg 1 10 5 68 68
0283_0018_0037_0053_0053.jpg 1 18 37 53 53
0284_0034_0007_0032_0032.jpg 1 34 7 32 32
0285_0023_0020_0068_0068.jpg 1 23 20 68 68
0286_0043_0017_0033_0033.jpg 1 43 17 33 33
0287_0021_0033_0044_0044.jpg 1 21 33 44 44
0288_0014_0025_0056_0056.jpg 1 14 25 56 56
0289_0004_0012_0064_0064.jpg 1 4 12 64 64
0290_0005_0033_0054_0054.jpg 1 5 33 54 54
0291_0006_0024_0044_0044.jpg 1 6 24 44 44
0292_0014_0014_0064_0064.jpg 1 14 14 64 64
0293_0007_0028_0067_0067.jpg 1 7 28 67 67
0294_0031_0029_0063_0063.jpg 1 31 29 63 63
0295_0017_0015_0065_0065.jpg 1 17 15 65 65
0296_0045_0038_0048_0048.jpg 1 45 38 48 48
0297_0011_0047_0031_0031.jpg 1 11 47 31 31
0298_0057_0058_0031_0031.jpg 1 57 58 31 31
0299_0049_0051_0034_0034.jpg 1 49 51 34 34
0300_0043_0018_0045_0045.jpg 1 43 18 45 45
0301_0054_0037_0034_0034.jpg 1 54 37 34 34
0302_0036_0056_0036_0036.jpg 1 36 56 36 36
0303_0014_0026_0053_0053.jpg 1 14 26 53 53
0304_0048_0027_0043_0043.jpg 1 48 27 43 43
0305_0004_0029_0063_0063.jpg 1 4 29 63 63
0306_0041_0052_0024_0024.jpg 1 41 52 24 24
0307_0040_0022_0049_0049.jpg 1 40 22 49 49
0308_0036_0007_0041_0041.jpg 1 36 7 41 41
0309_0047_0041_0024_0024.jpg 1 47 41 24 24
0310_0007_0006_0054_0054.jpg 1 7 6 54 54
0311_0008_0010_0057_0057.jpg 1 8 10 57 57
0312_0009_0028_0032_0032.jpg 1 9 28 32 32
0313_0033_0004_0057_0057.jpg 1 33 4 57 57
0314_0007_0039_0035_0035.jpg 1 7 39 35 35
0315_0055_0026_0025_0025.jpg 1 55 26 25 25
0316_0046_0018_0048_0048.jpg 1 46 18 48 48
0317_0027_0009_0056_0056.jpg 1 27 9 56 56
0318_0044_0030_0041_0041.jpg 1 44 30 41 41
0319_0034_0019_0056_0056.jpg 1 34 19 56 56
0320_0041_0016_0036_0036.jpg 1 41 16 36 36
0321_0008_0027_0069_0069.jpg 1 8 27 69 69
0322_0057_0046_0027_0027.jpg 1 57 46 27 27
0323_0033_0009_0052_0052.jpg 1 33 9 52 52
0324_0026_0033_0052_0052.jpg 1 26 33 52 52
0325_0044_0017_0044_0044.jpg 1 44 17 44 44
0326_0027_0025_0057_0057.jpg 1 27 25 57 57
0327_0023_0031_0051_0051.jpg 1 23 31 51 51
0328_0010_0016_0069_0069.jpg 1 10 16 69 69
0329_0025_0043_0047_0047.jpg 1 25 43 47 47
0330_0004_0020_0069_0069.jpg 1 4 20 69 69
0331_0026_0047_0027_0027.jpg 1 26 47 27 27
0332_0030_0025_0046_0046.jpg 1 30 25 46 46
0333_0059_0019_0026_0026.jpg 1 59 19 26 26
0334_0012_0045_0039_0039.jpg 1 12 45 39 39
0335_0020_0043_0028_0028.jpg 1 20 43 28 28
0336_0033_0029_0061_0061.jpg 1 33 29 61 61
0337_0015_0026_0069_0069.jpg 1 15 26 69 69
0338_0021_0022_0056_0056.jpg 1 21 22 56 56
0339_0009_0011_0065_0065.jpg 1 9 11 65 65
0340_0033_0018_0054_0054.jpg 1 33 18 54 54
0341_0010_0006_0068_0068.jpg 1 10 6 68 68
0342_0053_0037_0032_0032.jpg 1 53 37 32 32
0343_0024_0043_0034_0034.jpg 1 24 43 34 34
0344_0022_0042_0045_0045.jpg 1 22 42 45 45
0345_0009_0027_0050_0050.jpg 1 9 27 50 50
0346_0015_0012_0042_0042.jpg 1 15 12 42 42
0347_0032_0039_0040_0040.jpg 1 32 39 40 40
0348_0011_0029_0059_0059.jpg 1 11 29 59 59
0349_0019_0019_0041_0041.jpg 1 19 19 41 41
0350_0033_0039_0050_0050.jpg 1 33 39 50 50
0351_0023_0052_0029_0029.jpg 1 23 52 29 29
0352_0031_0029_0040_0040.jpg 1 31 29 40 40
0353_0038_0048_0035_0035.jpg 1 38 48 35 35
0354_0007_0017_0068_0068.jpg 1 7 17 68 68
0355_0018_0019_0042_0042.jpg 1 18 19 42 42
0356_0062_0053_0025_0025.jpg 1 62 53 25 25
0357_0022_0020_0035_0035.jpg 1 22 20 35 35
0358_0011_0028_0064_0064.jpg 1 11 28 64 64
0359_0004_0024_0063_0063.jpg 1 4 24 63 63
0360_0010_0019_0064_0064.jpg 1 10 19 64 64
0361_0040_0025_0029_0029.jpg 1 40 25 29 29
0362_0025_0006_0069_0069.jpg 1 25 6 69 69
0363_0042_0025_0049_0049.jpg 1 42 25 49 49
0364_0047_0027_0030_0030.jpg 1 47 27 30 30
0365_0010_0038_0052_0052.jpg 1 10 38 52 52
0366_0027_0017_0067_0067.jpg 1 27 17 67 67
0367_0020_0017_0053_0053.jpg 1 20 17 53 53
0368_0008_0050_0026_0026.jpg 1 8 50 26 26
0369_0007_0047_0044_0044.jpg 1 7 47 44 44
0370_0012_0018_0068_0068.jpg 1 12 18 68 68
0371_0038_0011_0034_0034.jpg 1 38 11 34 34
0372_0031_0009_0064_0064.jpg 1 31 9 64 64
0373_0030_0038_0055_0055.jpg 1 30 38 55 55
0374_0036_0004_0056_0056.jpg 1 36 4 56 56
0375_0057_0052_0032_0032.jpg 1 57 52 32 32
0376_0005_0004_0069_0069.jpg 1 5 4 69 69
0377_0008_0007_0065_0065.jpg 1 8 7 65 65
0378_0038_0037_0044_0044.jpg 1 38 37 44 44
0379_0039_0063_0028_0028.jpg 1 39 63 28 28
0380_0007_0014_0043_0043.jpg 1 7 14 43 43
0381_0037_0033_0048_0048.jpg 1 37 33 48 48
0382_0008_0007_0053_0053.jpg 1 8 7 53 53
0383_0024_0014_0034_0034.jpg 1 24 14 34 34
0384_0031_0015_0032_0032.jpg 1 31 15 32 32
0385_0019_0024_0048_0048.jpg 1 19 24 48 48
0386_0017_0046_0041_0041.jpg 1 17 46 41 41
0387_0032_0043_0035_0035.jpg 1 32 43 35 35
0388_0012_0029_0041_0041.jpg 1 12 29 41 41
0389_0006_0031_0045_0045.jpg 1 6 31 45 45
0390_0010_0029_0024_0024.jpg 1 10 29 24 24
0391_0019_0033_0040_0040.jpg 1 19 33 40 40
0392_0013_0014_0040_0040.jpg 1 13 14 40 40
0393_0009_0029_0062_0062.jpg 1 9 29 62 62
0394_0016_0040_0052_0052.jpg 1 16 40 52 52
0395_0047_0006_0037_0037.jpg 1 47 6 37 37
0396_0044_0035_0046_0046.jpg 1 44 35 46 46
0397_0031_0012_0061_0061.jpg 1 31 12 61 61
0398_0005_0008_0056_0056.jpg 1 5 8 56 56
0399_0031_0048_0041_0041.jpg 1 31 48 41 41
0400_0016_0009_0048_0048.jpg 1 16 9 48 48
0401_0008_0034_0039_0039.jpg 1 8 34 39 39
0402_0022_0009_0062_0062.jpg 1 22 9 62 62
0403_0042_0013_0029_0029.jpg 1 42 13 29 29
0404_0021_0017_0069_0069.jpg 1 21 17 69 69
0405_0015_0016_0045_0045.jpg 1 15 16 45 45
0406_0025_0033_0061_0061.jpg 1 25 33 61 61
0407_0017_0047_0033_0033.jpg 1 17 47 33 33
0408_0052_0011_0031_0031.jpg 1 52 11 31 31
0409_0034_0007_0056_0056.jpg 1 34 7 56 56
0410_0031_0031_0052_0052.jpg 1 31 31 52 52
0411_0015_0008_0027_0027.jpg 1 15 8 27 27
0412_0043_0018_0050_0050.jpg 1 43 18 50 50
0413_0025_0031_0030_0030.jpg 1 25 31 30 30
0414_0030_0059_0030_0030.jpg 1 30 59 30 30
0415_0023_0056_0033_0033.jpg 1 23 56 33 33
0416_0016_0031_0056_0056.jpg 1 16 31 56 56
0417_0005_0016_0060_0060.jpg 1 5 16 60 60
0418_0028_0011_0036_0036.jpg 1 28 11 36 36
0419_0036_0027_0039_0039.jpg 1 36 27 39 39
0420_0029_0007_0026_0026.jpg 1 29 7 26 26
0421_0006_0012_0065_0065.jpg 1 6 12 65 65
0422_0023_0022_0048_0048.jpg 1 23 22 48 48
0423_0003_0013_0068_0068.jpg 1 3 13 68 68
0424_0008_0011_0066_0066.jpg 1 8 11 66 66
0425_0020_0035_0050_0050.jpg 1 20 35 50 50
0426_0020_0012_0029_0029.jpg 1 20 12 29 29
0427_0015_0012_0061_0061.jpg 1 15 12 61 61
0428_0016_0017_0047_0047.jpg 1 16 17 47 47
0429_0024_0024_0040_0040.jpg 1 24 24 40 40
0430_0027_0062_0030_0030.jpg 1 27 62 30 30
0431_0006_0042_0038_0038.jpg 1 6 42 38 38
0432_0008_0022_0038_0038.jpg 1 8 22 38 38
0433_0058_0062_0027_0027.jpg 1 58 62 27 27
0434_0058_0039_0031_0031.jpg 1 58 39 31 31
0435_0060_0021_0028_0028.jpg 1 60 21 28 28
0436_0029_0046_0025_0025.jpg 1 29 46 25 25
0437_0024_0024_0042_0042.jpg 1 24 24 42 42
0438_0015_0035_0055_0055.jpg 1 15 35 55 55
0439_0025_0056_0029_0029.jpg 1 25 56 29 29
0440_0036_0020_0057_0057.jpg 1 36 20 57 57
0441_0028_0035_0054_0054.jpg 1 28 35 54 54
0442_0018_0021_0067_0067.jpg 1 18 21 67 67
0443_0008_0003_0064_0064.jpg 1 8 3 64 64
0444_0036_0050_0031_0031.jpg 1 36 50 31 31
0445_0041_0018_0030_0030.jpg 1 41 18 30 30
0446_0049_0058_0025_0025.jpg 1 49 58 25 25
0447_0027_0028_0054_0054.jpg 1 27 28 54 54
0448_0007_0024_0067_0067.jpg 1 7 24 67 67
0449_0005_0018_0062_0062.jpg 1 5 18 62 62
0450_0038_0045_0028_0028.jpg 1 38 45 28 28
0451_0016_0035_0034_0034.jpg 1 16 35 34 34
0452_0016_0013_0046_0046.jpg 1 16 13 46 46
0453_0015_0031_0046_0046.jpg 1 15 31 46 46
0454_0033_0025_0046_0046.jpg 1 33 25 46 46
0455_0043_0043_0050_0050.jpg 1 43 43 50 50
0456_0005_0028_0059_0059.jpg 1 5 28 59 59
0457_0011_0047_0038_0038.jpg 1 11 47 38 38
0458_0024_0041_0035_0035.jpg 1 24 41 35 35
0459_0061_0054_0031_0031.jpg 1 61 54 31 31
0460_0015_0028_0060_0060.jpg 1 15 28 60 60
0461_0019_0007_0053_0053.jpg 1 19 7 53 53
0462_0040_0022_0050_0050.jpg 1 40 22 50 50
0463_0050_0016_0040_0040.jpg 1 50 16 40 40
0464_0018_0033_0036_0036.jpg 1 18 33 36 36
0465_0021_0033_0058_0058.jpg 1 21 33 58 58
0466_0019_0023_0025_0025.jpg 1 19 23 25 25
0467_0026_0031_0058_0058.jpg 1 26 31 58 58
0468_0022_0012_0053_0053.jpg 1 22 12 53 53
0469_0011_0040_0042_0042.jpg 1 11 40 42 42
0470_0053_0039_0038_0038.jpg 1 53 39 38 38
0471_0046_0021_0033_0033.jpg 1 46 21 33 33
0472_0024_0022_0068_0068.jpg 1 24 22 68 68
0473_0014_0046_0029_0029.jpg 1 14 46 29 29
0474_0026_0032_0041_0041.jpg 1 26 32 41 41
0475_0020_0020_0056_0056.jpg 1 20 20 56 56
0476_0013_0026_0042_0042.jpg 1 13 26 42 42
0477_0028_0016_0032_0032.jpg 1 28 16 32 32
0478_0025_0004_0063_0063.jpg 1 25 4 63 63
0479_0022_0023_0056_0056.jpg 1 22 23 56 56
0480_0030_0019_0043_0043.jpg 1 30 19 43 43
0481_0007_0012_0053_0053.jpg 1 7 12 53 53
0482_0034_0025_0048_0048.jpg 1 34 25 48 48
0483_0035_0007_0048_0048.jpg 1 35 7 48 48
0484_0044_0046_0038_0038.jpg 1 44 46 38 38
0485_0008_0015_0067_0067.jpg 1 8 15 67 67
0486_0026_0015_0059_0059.jpg 1 26 15 59 59
0487_0018_0007_0031_0031.jpg 1 18 7 31 31
0488_0004_0012_0059_0059.jpg 1 4 12 59 59
0489_0018_0044_0048_0048.jpg 1 18 44 48 48
0490_0049_0041_0043_0043.jpg 1 49 41 43 43
0491_0010_0011_0033_0033.jpg 1 10 11 33 33
0492_0010_0013_0032_0032.jpg 1 10 13 32 32
0493_0030_0008_0055_0055.jpg 1 30 8 55 55
0494_0013_0030_0047_0047.jpg 1 13 30 47 47
0495_0037_0065_0026_0026.jpg 1 37 65 26 26
0496_0029_0043_0041_0041.jpg 1 29 43 41 41
0497_0023_0030_0059_0059.jpg 1 23 30 59 59
0498_0053_0041_0032_0032.jpg 1 53 41 32 32
0499_0014_0016_0045_0045.jpg 1 14 16 45 45
0500_0019_0015_0043_0043.jpg 1 19 15 43 43
0501_0019_0018_0054_0054.jpg 1 19 18 54 54
0502_0040_0021_0045_0045.jpg 1 40 21 45 45
0503_0012_0014_0068_0068.jpg 1 12 14 68 68
0504_0027_0047_0043_0043.jpg 1 27 47 43 43
0505_0026_0066_0026_0026.jpg 1 26 66 26 26
0506_0049_0020_0025_0025.jpg 1 49 20 25 25
0507_0038_0030_0054_0054.jpg 1 38 30 54 54
0508_0007_0018_0027_0027.jpg 1 7 18 27 27
0509_0027_0057_0026_0026.jpg 1 27 57 26 26
0510_0036_0051_0043_0043.jpg 1 36 51 43 43
0511_0008_0032_0035_0035.jpg 1 8 32 35 35
0512_0011_0011_0062_0062.jpg 1 11 11 62 62
0513_0040_0038_0032_0032.jpg 1 40 38 32 32
0514_0047_0047_0046_0046.jpg 1 47 47 46 46
0515_0008_0012_0067_0067.jpg 1 8 12 67 67
0516_0026_0010_0060_0060.jpg 1 26 10 60 60
0517_0049_0034_0037_0037.jpg 1 49 34 37 37
0518_0045_0025_0031_0031.jpg 1 45 25 31 31
0519_0026_0025_0061_0061.jpg 1 26 25 61 61
0520_0021_0038_0051_0051.jpg 1 21 38 51 51
0521_0046_0049_0040_0040.jpg 1 46 49 40 40
0522_0024_0042_0029_0029.jpg 1 24 42 29 29
0523_0011_0029_0061_0061.jpg 1 11 29 61 61
0524_0019_0049_0029_0029.jpg 1 19 49 29 29
0525_0008_0025_0064_0064.jpg 1 8 25 64 64
0526_0035_0048_0028_0028.jpg 1 35 48 28 28
0527_0021_0015_0048_0048.jpg 1 21 15 48 48
0528_0015_0007_0066_0066.jpg 1 15 7 66 66
0529_0019_0016_0049_0049.jpg 1 19 16 49 49
0530_0020_0038_0048_0048.jpg 1 20 38 48 48
0531_0025_0016_0046_0046.jpg 1 25 16 46 46
0532_0065_0035_0024_0024.jpg 1 65 35 24 24
0533_0036_0027_0042_0042.jpg 1 36 27 42 42
0534_0036_0028_0030_0030.jpg 1 36 28 30 30
0535_0015_0037_0049_0049.jpg 1 15 37 49 49
0536_0053_0013_0036_0036.jpg 1 53 13 36 36
0537_0011_0041_0037_0037.jpg 1 11 41 37 37
0538_0006_0006_0058_0058.jpg 1 6 6 58 58
0539_0023_0021_0056_0056.jpg 1 23 21 56 56
0540_0047_0045_0037_0037.jpg 1 47 45 37 37
0541_0028_0014_0045_0045.jpg 1 28 14 45 45
0542_0013_0044_0028_0028.jpg 1 13 44 28 28
0543_0039_0038_0041_0041.jpg 1 39 38 41 41
0544_0021_0025_0053_0053.jpg 1 21 25 53 53
0545_0025_0028_0054_0054.jpg 1 25 28 54 54
0546_0033_0028_0045_0045.jpg 1 33 28 45 45
0547_0004_0023_0069_0069.jpg 1 4 23 69 69
0548_0011_0022_0065_0065.jpg 1 11 22 65 65
0549_0050_0012_0041_0041.jpg 1 50 12 41 41
0550_0029_0025_0033_0033.jpg 1 29 25 33 33
0551_0010_0024_0061_0061.jpg 1 10 24 61 61
0552_0040_0025_0026_0026.jpg 1 40 25 26 26
0553_0015_0020_0066_0066.jpg 1 15 20 66 66
0554_0010_0009_0061_0061.jpg 1 10 9 61 61
0555_0044_0051_0040_0040.jpg 1 44 51 40 40
0556_0010_0026_0046_0046.jpg 1 10 26 46 46
0557_0021_0031_0028_0028.jpg 1 21 31 28 28
0558_0006_0019_0066_0066.jpg 1 6 19 66 66
0559_0035_0030_0044_0044.jpg 1 35 30 44 44
0560_0049_0017_0036_0036.jpg 1 49 17 36 36
0561_0058_0046_0033_0033.jpg 1 58 46 33 33
0562_0036_0055_0027_0027.jpg 1 36 55 27 27
0563_0022_0021_0034_0034.jpg 1 22 21 34 34
0564_0021_0024_0055_0055.jpg 1 21 24 55 55
0565_0068_0047_0024_0024.jpg 1 68 47 24 24
0566_0020_0032_0029_0029.jpg 1 20 32 29 29
0567_0031_0037_0058_0058.jpg 1 31 37 58 58
0568_0018_0041_0036_0036.jpg 1 18 41 36 36
0569_0032_0017_0046_0046.jpg 1 32 17 46 46
0570_0009_0005_0063_0063.jpg 1 9 5 63 63
0571_0055_0017_0029_0029.jpg 1 55 17 29 29
0572_0035_0033_0049_0049.jpg 1 35 33 49 49
0573_0026_0059_0027_0027.jpg 1 26 59 27 27
0574_0062_0020_0026_0026.jpg 1 62 20 26 26
0575_0024_0034_0060_0060.jpg 1 24 34 60 60
0576_0021_0048_0028_0028.jpg 1 21 48 28 28
0577_0009_0032_0037_0037.jpg 1 9 32 37 37
0578_0027_0021_0056_0056.jpg 1 27 21 56 56
0579_0048_0007_0036_0036.jpg 1 48 7 36 36
0580_0060_0034_0027_0027.jpg 1 60 34 27 27
0581_0019_0057_0032_0032.jpg 1 19 57 32 32
0582_0030_0005_0046_0046.jpg 1 30 5 46 46
0583_0042_0052_0025_0025.jpg 1 42 52 25 25
0584_0031_0011_0058_0058.jpg 1 31 11 58 58
0585_0044_0022_0041_0041.jpg 1 44 22 41 41
0586_0041_0054_0037_0037.jpg 1 41 54 37 37
0587_0044_0018_0031_0031.jpg 1 44 18 31 31
0588_0012_0041_0050_0050.jpg 1 12 41 50 50
0589_0004_0015_0064_0064.jpg 1 4 15 64 64
0590_0031_0027_0037_0037.jpg 1 31 27 37 37
0591_0027_0025_0035_0035.jpg 1 27 25 35 35
0592_0014_0028_0066_0066.jpg 1 14 28 66 66
0593_0035_0025_0057_0057.jpg 1 35 25 57 57
0594_0027_0025_0058_0058.jpg 1 27 25 58 58
0595_0026_0035_0028_0028.jpg 1 26 35 28 28
0596_0025_0005_0044_0044.jpg 1 25 5 44 44
0597_0054_0053_0037_0037.jpg 1 54 53 37 37
0598_0011_0007_0042_0042.jpg 1 11 7 42 42
0599_0052_0009_0040_0040.jpg 1 52 9 40 40
0600_0018_0029_0067_0067.jpg 1 18 29 67 67
0601_0035_0025_0049_0049.jpg 1 35 25 49 49
0602_0026_0010_0044_0044.jpg 1 26 10 44 44
0603_0016_0008_0062_0062.jpg 1 16 8 62 62
0604_0007_0026_0048_0048.jpg 1 7 26 48 48
0605_0026_0012_0042_0042.jpg 1 26 12 42 42
0606_0031_0011_0055_0055.jpg 1 31 11 55 55
0607_0019_0032_0034_0034.jpg 1 19 32 34 34
0608_0032_0013_0051_0051.jpg 1 32 13 51 51
0609_0013_0031_0030_0030.jpg 1 13 31 30 30
0610_0039_0040_0051_0051.jpg 1 39 40 51 51
0611_0025_0027_0035_0035.jpg 1 25 27 35 35
0612_0008_0036_0047_0047.jpg 1 8 36 47 47
0613_0043_0039_0051_0051.jpg 1 43 39 51 51
0614_0033_0006_0056_0056.jpg 1 33 6 56 56
0615_0016_0012_0057_0057.jpg 1 16 12 57 57
0616_0023_0043_0026_0026.jpg 1 23 43 26 26
0617_0027_0033_0044_0044.jpg 1 27 33 44 44
0618_0022_0007_0068_0068.jpg 1 22 7 68 68
0619_0034_0013_0054_0054.jpg 1 34 13 54 54
0620_0015_0014_0066_0066.jpg 1 15 14 66 66
0621_0021_0026_0036_0036.jpg 1 21 26 36 36
0622_0018_0050_0024_0024.jpg 1 18 50 24 24
0623_0029_0014_0029_0029.jpg 1 29 14 29 29
0624_0029_0012_0043_0043.jpg 1 29 12 43 43
0625_0042_0011_0041_0041.jpg 1 42 11 41 41
0626_0014_0019_0055_0055.jpg 1 14 19 55 55
0627_0009_0047_0046_0046.jpg 1 9 47 46 46
0628_0030_0030_0058_0058.jpg 1 30 30 58 58
0629_0017_0025_0043_0043.jpg 1 17 25 43 43
0630_0011_0028_0028_0028.jpg 1 11 28 28 28
0631_0055_0038_0024_0024.jpg 1 55 38 24 24
0632_0048_0029_0029_0029.jpg 1 48 29 29 29
0633_0013_0028_0063_0063.jpg 1 13 28 63 63
0634_0023_0016_0057_0057.jpg 1 23 16 57 57
0635_0021_0019_0054_0054.jpg 1 21 19 54 54
0636_0029_0054_0030_0030.jpg 1 29 54 30 30
0637_0042_0050_0043_0043.jpg 1 42 50 43 43
0638_0040_0050_0030_0030.jpg 1 40 50 30 30
0639_0058_0045_0030_0030.jpg 1 58 45 30 30
0640_0034_0028_0028_0028.jpg 1 34 28 28 28
0641_0006_0018_0051_0051.jpg 1 6 18 51 51
0642_0012_0020_0037_0037.jpg 1 12 20 37 37
0643_0007_0028_0057_0057.jpg 1 7 28 57 57
0644_0028_0033_0030_0030.jpg 1 28 33 30 30
0645_0017_0013_0031_0031.jpg 1 17 13 31 31
0646_0031_0041_0047_0047.jpg 1 31 41 47 47
0647_0047_0015_0027_0027.jpg 1 47 15 27 27
0648_0025_0024_0050_0050.jpg 1 25 24 50 50
0649_0011_0017_0060_0060.jpg 1 11 17 60 60
0650_0007_0033_0038_0038.jpg 1 7 33 38 38
0651_0025_0017_0059_0059.jpg 1 25 17 59 59
0652_0024_0029_0039_0039.jpg 1 24 29 39 39
0653_0013_0030_0062_0062.jpg 1 13 30 62 62
0654_0051_0047_0032_0032.jpg 1 51 47 32 32
0655_0019_0023_0068_0068.jpg 1 19 23 68 68
0656_0055_0038_0036_0036.jpg 1 55 38 36 36
0657_0017_0043_0031_0031.jpg 1 17 43 31 31
0658_0029_0014_0062_0062.jpg 1 29 14 62 62
0659_0038_0028_0035_0035.jpg 1 38 28 35 35
0660_0014_0032_0042_0042.jpg 1 14 32 42 42
0661_0027_0028_0059_0059.jpg 1 27 28 59 59
0662_0026_0007_0066_0066.jpg 1 26 7 66 66
0663_0014_0010_0026_0026.jpg 1 14 10 26 26
0664_0039_0013_0045_0045.jpg 1 39 13 45 45
0665_0031_0044_0039_0039.jpg 1 31 44 39 39
0666_0008_0008_0060_0060.jpg 1 8 8 60 60
0667_0045_0027_0029_0029.jpg 1 45 27 29 29
0668_0038_0029_0028_0028.jpg 1 38 29 28 28
0669_0006_0021_0062_0062.jpg 1 6 21 62 62
0670_0011_0024_0048_0048.jpg 1 11 24 48 48
0671_0019_0009_0068_0068.jpg 1 19 9 68 68
0672_0028_0017_0068_0068.jpg 1 28 17 68 68
0673_0023_0020_0067_0067.jpg 1 23 20 67 67
0674_0028_0033_0032_0032.jpg 1 28 33 32 32
0675_0012_0038_0040_0040.jpg 1 12 38 40 40
0676_0017_0004_0067_0067.jpg 1 17 4 67 67
0677_0010_0024_0043_0043.jpg 1 10 24 43 43
0678_0015_0004_0069_0069.jpg 1 15 4 69 69
0679_0022_0033_0056_0056.jpg 1 22 33 56 56
0680_0016_0029_0052_0052.jpg 1 16 29 52 52
0681_0055_0008_0029_0029.jpg 1 55 8 29 29
0682_0008_0003_0068_0068.jpg 1 8 3 68 68
0683_0038_0011_0040_0040.jpg 1 38 11 40 40
0684_0028_0010_0056_0056.jpg 1 28 10 56 56
0685_0029_0022_0027_0027.jpg 1 29 22 27 27
0686_0018_0019_0068_0068.jpg 1 18 19 68 68
0687_0029_0012_0045_0045.jpg 1 29 12 45 45
0688_0049_0008_0031_0031.jpg 1 49 8 31 31
0689_0017_0039_0044_0044.jpg 1 17 39 44 44
0690_0012_0014_0061_0061.jpg 1 12 14 61 61
0691_0004_0011_0066_0066.jpg 1 4 11 66 66
0692_0066_0061_0024_0024.jpg 1 66 61 24 24
0693_0029_0008_0055_0055.jpg 1 29 8 55 55
0694_0016_0025_0060_0060.jpg 1 16 25 60 60
0695_0032_0021_0060_0060.jpg 1 32 21 60 60
0696_0021_0018_0043_0043.jpg 1 21 18 43 43
0697_0012_0034_0042_0042.jpg 1 12 34 42 42
0698_0022_0017_0061_0061.jpg 1 22 17 61 61
0699_0053_0052_0032_0032.jpg 1 53 52 32 32
0700_0055_0015_0037_0037.jpg 1 55 15 37 37
0701_0021_0003_0066_0066.jpg 1 21 3 66 66
0702_0027_0009_0059_0059.jpg 1 27 9 59 59
0703_0055_0058_0028_0028.jpg 1 55 58 28 28
0704_0006_0036_0056_0056.jpg 1 6 36 56 56
0705_0031_0027_0033_0033.jpg 1 31 27 33 33
0706_0006_0024_0068_0068.jpg 1 6 24 68 68
0707_0052_0037_0039_0039.jpg 1 52 37 39 39
0708_0030_0042_0049_0049.jpg 1 30 42 49 49
0709_0012_0057_0032_0032.jpg 1 12 57 32 32
0710_0010_0009_0053_0053.jpg 1 10 9 53 53
0711_0011_0020_0056_0056.jpg 1 11 20 56 56
0712_0032_0045_0045_0045.jpg 1 32 45 45 45
0713_0035_0013_0035_0035.jpg 1 35 13 35 35
0714_0015_0021_0052_0052.jpg 1 15 21 52 52
0715_0006_0025_0058_0058.jpg 1 6 25 58 58
0716_0052_0054_0038_0038.jpg 1 52 54 38 38
0717_0044_0038_0050_0050.jpg 1 44 38 50 50
0718_0034_0005_0053_0053.jpg 1 34 5 53 53
0719_0028_0025_0065_0065.jpg 1 28 25 65 65
0720_0017_0012_0069_0069.jpg 1 17 12 69 69
0721_0020_0037_0030_0030.jpg 1 20 37 30 30
0722_0052_0030_0039_0039.jpg 1 52 30 39 39
0723_0021_0005_0060_0060.jpg 1 21 5 60 60
0724_0044_0054_0038_0038.jpg 1 44 54 38 38
0725_0018_0008_0053_0053.jpg 1 18 8 53 53
0726_0055_0016_0025_0025.jpg 1 55 16 25 25
0727_0006_0055_0038_0038.jpg 1 6 55 38 38
0728_0021_0041_0036_0036.jpg 1 21 41 36 36
0729_0024_0018_0065_0065.jpg 1 24 18 65 65
0730_0031_0025_0055_0055.jpg 1 31 25 55 55
0731_0048_0045_0034_0034.jpg 1 48 45 34 34
0732_0014_0010_0048_0048.jpg 1 14 10 48 48
0733_0053_0040_0040_0040.jpg 1 53 40 40 40
0734_0021_0044_0040_0040.jpg 1 21 44 40 40
0735_0036_0021_0039_0039.jpg 1 36 21 39 39
0736_0009_0008_0067_0067.jpg 1 9 8 67 67
0737_0020_0036_0057_0057.jpg 1 20 36 57 57
0738_0024_0025_0060_0060.jpg 1 24 25 60 60
0739_0010_0033_0050_0050.jpg 1 10 33 50 50
0740_0010_0047_0027_0027.jpg 1 10 47 27 27
0741_0015_0010_0034_0034.jpg 1 15 10 34 34
0742_0024_0036_0054_0054.jpg 1 24 36 54 54
0743_0013_0004_0062_0062.jpg 1 13 4 62 62
0744_0030_0028_0034_0034.jpg 1 30 28 34 34
0745_0011_0044_0041_0041.jpg 1 11 44 41 41
0746_0007_0023_0056_0056.jpg 1 7 23 56 56
0747_0060_0042_0030_0030.jpg 1 60 42 30 30
0748_0023_0031_0040_0040.jpg 1 23 31 40 40
0749_0031_0005_0050_0050.jpg 1 31 5 50 50
0750_0043_0043_0051_0051.jpg 1 43 43 51 51
0751_0037_0025_0038_0038.jpg 1 37 25 38 38
0752_0010_0005_0065_0065.jpg 1 10 5 65 65
0753_0011_0020_0050_0050.jpg 1 11 20 50 50
0754_0012_0041_0047_0047.jpg 1 12 41 47 47
0755_0016_0007_0058_0058.jpg 1 16 7 58 58
0756_0029_0011_0046_0046.jpg 1 29 11 46 46
0757_0044_0044_0035_0035.jpg 1 44 44 35 35
0758_0014_0011_0059_0059.jpg 1 14 11 59 59
0759_0008_0028_0062_0062.jpg 1 8 28 62 62
0760_0033_0037_0037_0037.jpg 1 33 37 37 37
0761_0015_0017_0066_0066.jpg 1 15 17 66 66
0762_0005_0030_0059_0059.jpg 1 5 30 59 59
0763_0020_0023_0041_0041.jpg 1 20 23 41 41
0764_0006_0022_0061_0061.jpg 1 6 22 61 61
0765_0015_0023_0049_0049.jpg 1 15 23 49 49
0766_0008_0012_0043_0043.jpg 1 8 12 43 43
0767_0026_0019_0040_0040.jpg 1 26 19 40 40
0768_0013_0007_0055_0055.jpg 1 13 7 55 55
0769_0009_0033_0039_0039.jpg 1 9 33 39 39
0770_0044_0018_0029_0029.jpg 1 44 18 29 29
0771_0023_0008_0039_0039.jpg 1 23 8 39 39
0772_0032_0034_0060_0060.jpg 1 32 34 60 60
0773_0061_0046_0028_0028.jpg 1 61 46 28 28
0774_0006_0009_0050_0050.jpg 1 6 9 50 50
0775_0040_0033_0053_0053.jpg 1 40 33 53 53
0776_0008_0030_0033_0033.jpg 1 8 30 33 33
0777_0015_0017_0064_0064.jpg 1 15 17 64 64
0778_0045_0046_0040_0040.jpg 1 45 46 40 40
0779_0009_0014_0027_0027.jpg 1 9 14 27 27
0780_0048_0047_0042_0042.jpg 1 48 47 42 42
0781_0012_0036_0040_0040.jpg 1 12 36 40 40
0782_0035_0006_0060_0060.jpg 1 35 6 60 60
0783_0021_0055_0038_0038.jpg 1 21 55 38 38
0784_0010_0038_0036_0036.jpg 1 10 38 36 36
0785_0026_0028_0041_0041.jpg 1 26 28 41 41
0786_0022_0044_0045_0045.jpg 1 22 44 45 45
0787_0025_0029_0067_0067.jpg 1 25 29 67 67
0788_0032_0029_0024_0024.jpg 1 32 29 24 24
0789_0019_0035_0037_0037.jpg 1 19 35 37 37
0790_0004_0009_0060_0060.jpg 1 4 9 60 60
0791_0032_0046_0036_0036.jpg 1 32 46 36 36
0792_0016_0017_0059_0059.jpg 1 16 17 59 59
0793_0020_0015_0061_0061.jpg 1 20 15 61 61
0794_0014_0038_0031_0031.jpg 1 14 38 31 31
0795_0052_0048_0035_0035.jpg 1 52 48 35 35
0796_0016_0011_0060_0060.jpg 1 16 11 60 60
0797_0031_0012_0041_0041.jpg 1 31 12 41 41
0798_0007_0027_0040_0040.jpg 1 7 27 40 40
0799_0024_0016_0065_0065.jpg 1 24 16 65 65
0800_0027_0006_0063_0063.jpg 1 27 6 63 63
0801_0006_0018_0060_0060.jpg 1 6 18 60 60
0802_0008_0021_0068_0068.jpg 1 8 21 68 68
0803_0049_0031_0034_0034.jpg 1 49 31 34 34
0804_0034_0061_0026_0026.jpg 1 34 61 26 26
0805_0040_0018_0030_0030.jpg 1 40 18 30 30
0806_0031_0023_0038_0038.jpg 1 31 23 38 38
0807_0055_0062_0026_0026.jpg 1 55 62 26 26
0808_0003_0014_0066_0066.jpg 1 3 14 66 66
0809_0025_0043_0024_0024.jpg 1 25 43 24 24
0810_0030_0043_0042_0042.jpg 1 30 43 42 42
0811_0031_0005_0057_0057.jpg 1 31 5 57 57
0812_0030_0015_0064_0064.jpg 1 30 15 64 64
0813_0025_0045_0028_0028.jpg 1 25 45 28 28
0814_0022_0017_0039_0039.jpg 1 22 17 39 39
0815_0021_0054_0025_0025.jpg 1 21 54 25 25
0816_0049_0020_0034_0034.jpg 1 49 20 34 34
0817_0022_0031_0065_0065.jpg 1 22 31 65 65
0818_0008_0009_0046_0046.jpg 1 8 9 46 46
0819_0052_0065_0024_0024.jpg 1 52 65 24 24
0820_0036_0007_0037_0037.jpg 1 36 7 37 37
0821_0040_0035_0048_0048.jpg 1 40 35 48 48
0822_0033_0013_0048_0048.jpg 1 33 13 48 48
0823_0018_0026_0068_0068.jpg 1 18 26 68 68
0824_0030_0018_0037_0037.jpg 1 30 18 37 37
0825_0028_0046_0034_0034.jpg 1 28 46 34 34
0826_0039_0038_0040_0040.jpg 1 39 38 40 40
0827_0027_0019_0064_0064.jpg 1 27 19 64 64
0828_0016_0038_0052_0052.jpg 1 16 38 52 52
0829_0017_0027_0058_0058.jpg 1 17 27 58 58
0830_0004_0007_0063_0063.jpg 1 4 7 63 63
0831_0039_0029_0050_0050.jpg 1 39 29 50 50
0832_0045_0051_0025_0025.jpg 1 45 51 25 25
0833_0004_0016_0055_0055.jpg 1 4 16 55 55
0834_0033_0018_0049_0049.jpg 1 33 18 49 49
0835_0026_0024_0068_0068.jpg 1 26 24 68 68
0836_0027_0038_0033_0033.jpg 1 27 38 33 33
0837_0011_0008_0058_0058.jpg 1 11 8 58 58
0838_0014_0051_0043_0043.jpg 1 14 51 43 43
0839_0014_0030_0035_0035.jpg 1 14 30 35 35
0840_0014_0035_0037_0037.jpg 1 14 35 37 37
0841_0010_0022_0033_0033.jpg 1 10 22 33 33
0842_0026_0023_0069_0069.jpg 1 26 23 69 69
0843_0041_0037_0039_0039.jpg 1 41 37 39 39
0844_0028_0009_0025_0025.jpg 1 28 9 25 25
0845_0020_0024_0065_0065.jpg 1 20 24 65 65
0846_0023_0032_0057_0057.jpg 1 23 32 57 57
0847_0004_0023_0065_0065.jpg 1 4 23 65 65
0848_0041_0029_0051_0051.jpg 1 41 29 51 51
0849_0034_0024_0027_0027.jpg 1 34 24 27 27
0850_0031_0016_0038_0038.jpg 1 31 16 38 38
0851_0044_0054_0037_0037.jpg 1 44 54 37 37
0852_0037_0012_0036_0036.jpg 1 37 12 36 36
0853_0013_0019_0068_0068.jpg 1 13 19 68 68
0854_0028_0006_0058_0058.jpg 1 28 6 58 58
0855_0022_0038_0029_0029.jpg 1 22 38 29 29
0856_0034_0042_0051_0051.jpg 1 34 42 51 51
0857_0021_0040_0033_0033.jpg 1 21 40 33 33
0858_0032_0050_0025_0025.jpg 1 32 50 25 25
0859_0043_0011_0035_0035.jpg 1 43 11 35 35
0860_0049_0025_0027_0027.jpg 1 49 25 27 27
0861_0028_0006_0059_0059.jpg 1 28 6 59 59
0862_0033_0010_0025_0025.jpg 1 33 10 25 25
0863_0009_0036_0056_0056.jpg 1 9 36 56 56
0864_0018_0020_0064_0064.jpg 1 18 20 64 64
0865_0023_0025_0068_0068.jpg 1 23 25 68 68
0866_0006_0040_0048_0048.jpg 1 6 40 48 48
0867_0011_0014_0068_0068.jpg 1 11 14 68 68
0868_0026_0042_0043_0043.jpg 1 26 42 43 43
0869_0028_0046_0036_0036.jpg 1 28 46 36 36
0870_0039_0016_0025_0025.jpg 1 39 16 25 25
0871_0026_0052_0028_0028.jpg 1 26 52 28 28
0872_0057_0018_0033_0033.jpg 1 57 18 33 33
0873_0005_0011_0063_0063.jpg 1 5 11 63 63
0874_0039_0053_0037_0037.jpg 1 39 53 37 37
0875_0015_0059_0033_0033.jpg 1 15 59 33 33
0876_0005_0006_0064_0064.jpg 1 5 6 64 64
0877_0025_0054_0024_0024.jpg 1 25 54 24 24
0878_0038_0010_0052_0052.jpg 1 38 10 52 52
0879_0027_0012_0028_0028.jpg 1 27 12 28 28
0880_0015_0052_0037_0037.jpg 1 15 52 37 37
0881_0022_0013_0057_0057.jpg 1 22 13 57 57
0882_0025_0005_0057_0057.jpg 1 25 5 57 57
0883_0026_0006_0069_0069.jpg 1 26 6 69 69
0884_0023_0008_0043_0043.jpg 1 23 8 43 43
0885_0028_0027_0051_0051.jpg 1 28 27 51 51
0886_0034_0043_0030_0030.jpg 1 34 43 30 30
0887_0018_0022_0041_0041.jpg 1 18 22 41 41
0888_0007_0024_0029_0029.jpg 1 7 24 29 29
0889_0040_0018_0042_0042.jpg 1 40 18 42 42
0890_0048_0018_0031_0031.jpg 1 48 18 31 31
0891_0058_0030_0033_0033.jpg 1 58 30 33 33
0892_0012_0046_0030_0030.jpg 1 12 46 30 30
0893_0018_0014_0053_0053.jpg 1 18 14 53 53
0894_0052_0042_0041_0041.jpg 1 52 42 41 41
0895_0042_0040_0032_0032.jpg 1 42 40 32 32
0896_0010_0010_0039_0039.jpg 1 10 10 39 39
0897_0015_0014_0048_0048.jpg 1 15 14 48 48
0898_0013_0028_0063_0063.jpg 1 13 28 63 63
0899_0027_0005_0060_0060.jpg 1 27 5 60 60
0900_0029_0032_0062_0062.jpg 1 29 32 62 62
0901_0061_0058_0028_0028.jpg 1 61 58 28 28
0902_0007_0022_0034_0034.jpg 1 7 22 34 34
0903_0005_0012_0048_0048.jpg 1 5 12 48 48
0904_0025_0004_0054_0054.jpg 1 25 4 54 54
0905_0032_0007_0042_0042.jpg 1 32 7 42 42
0906_0009_0031_0050_0050.jpg 1 9 31 50 50
0907_0010_0016_0064_0064.jpg 1 10 16 64 64
0908_0029_0011_0057_0057.jpg 1 29 11 57 57
0909_0041_0033_0049_0049.jpg 1 41 33 49 49
0910_0009_0007_0024_0024.jpg 1 9 7 24 24
0911_0007_0013_0051_0051.jpg 1 7 13 51 51
0912_0059_0022_0025_0025.jpg 1 59 22 25 25
0913_0010_0024_0061_0061.jpg 1 10 24 61 61
0914_0024_0019_0069_0069.jpg 1 24 19 69 69
0915_0037_0031_0044_0044.jpg 1 37 31 44 44
0916_0007_0010_0034_0034.jpg 1 7 10 34 34
0917_0018_0043_0038_0038.jpg 1 18 43 38 38
0918_0018_0044_0044_0044.jpg 1 18 44 44 44
0919_0041_0032_0039_0039.jpg 1 41 32 39 39
0920_0018_0047_0042_0042.jpg 1 18 47 42 42
0921_0046_0014_0046_0046.jpg 1 46 14 46 46
0922_0031_0028_0038_0038.jpg 1 31 28 38 38
0923_0011_0029_0067_0067.jpg 1 11 29 67 67
0924_0012_0020_0050_0050.jpg 1 12 20 50 50
0925_0025_0003_0069_0069.jpg 1 25 3 69 69
0926_0007_0014_0066_0066.jpg 1 7 14 66 66
0927_0018_0056_0033_0033.jpg 1 18 56 33 33
0928_0039_0056_0027_0027.jpg 1 39 56 27 27
0929_0050_0037_0037_0037.jpg 1 50 37 37 37
0930_0032_0046_0046_0046.jpg 1 32 46 46 46
0931_0022_0006_0069_0069.jpg 1 22 6 69 69
0932_0011_0019_0041_0041.jpg 1 11 19 41 41
0933_0024_0017_0066_0066.jpg 1 24 17 66 66
0934_0033_0038_0025_0025.jpg 1 33 38 25 25
0935_0029_0039_0029_0029.jpg 1 29 39 29 29
0936_0014_0036_0041_0041.jpg 1 14 36 41 41
0937_0046_0037_0027_0027.jpg 1 46 37 27 27
0938_0061_0038_0025_0025.jpg 1 61 38 25 25
0939_0004_0006_0059_0059.jpg 1 4 6 59 59
0940_0050_0060_0032_0032.jpg 1 50 60 32 32
0941_0018_0015_0039_0039.jpg 1 18 15 39 39
0942_0022_0034_0036_0036.jpg 1 22 34 36 36
0943_0052_0026_0032_0032.jpg 1 52 26 32 32
0944_0062_0062_0030_0030.jpg 1 62 62 30 30
0945_0006_0039_0047_0047.jpg 1 6 39 47 47
0946_0027_0010_0032_0032.jpg 1 27 10 32 32
0947_0053_0027_0032_0032.jpg 1 53 27 32 32
0948_0034_0009_0061_0061.jpg 1 34 9 61 61
0949_0040_0010_0053_0053.jpg 1 40 10 53 53
0950_0022_0008_0069_0069.jpg 1 22 8 69 69
0951_0037_0052_0030_0030.jpg 1 37 52 30 30
0952_0009_0032_0064_0064.jpg 1 9 32 64 64
0953_0020_0019_0057_0057.jpg 1 20 19 57 57
0954_0065_0060_0025_0025.jpg 1 65 60 25 25
0955_0040_0020_0026_0026.jpg 1 40 20 26 26
0956_0017_0038_0054_0054.jpg 1 17 38 54 54
0957_0019_0020_0069_0069.jpg 1 19 20 69 69
0958_0028_0020_0025_0025.jpg 1 28 20 25 25
0959_0023_0032_0063_0063.jpg 1 23 32 63 63
0960_0011_0030_0065_0065.jpg 1 11 30 65 65
0961_0036_0038_0042_0042.jpg 1 36 38 42 42
0962_0017_0059_0033_0033.jpg 1 17 59 33 33
0963_0023_0004_0064_0064.jpg 1 23 4 64 64
0964_0007_0009_0052_0052.jpg 1 7 9 52 52
0965_0040_0015_0039_0039.jpg 1 40 15 39 39
0966_0007_0009_0047_0047.jpg 1 7 9 47 47
0967_0008_0023_0044_0044.jpg 1 8 23 44 44
0968_0056_0028_0033_0033.jpg 1 56 28 33 33
0969_0012_0046_0048_0048.jpg 1 12 46 48 48
0970_0009_0007_0044_0044.jpg 1 9 7 44 44
0971_0035_0064_0024_0024.jpg 1 35 64 24 24
0972_0031_0024_0027_0027.jpg 1 31 24 27 27
0973_0052_0033_0039_0039.jpg 1 52 33 39 39
0974_0025_0011_0050_0050.jpg 1 25 11 50 50
0975_0028_0016_0054_0054.jpg 1 28 16 54 54
0976_0007_0012_0069_0069.jpg 1 7 12 69 69
0977_0016_0031_0064_0064.jpg 1 16 31 64 64
0978_0046_0045_0046_0046.jpg 1 46 45 46 46
0979_0037_0032_0049_0049.jpg 1 37 32 49 49
0980_0017_0007_0027_0027.jpg 1 17 7 27 27
0981_0013_0014_0068_0068.jpg 1 13 14 68 68
0982_0043_0013_0046_0046.jpg 1 43 13 46 46
0983_0017_0022_0043_0043.jpg 1 17 22 43 43
0984_0021_0006_0051_0051.jpg 1 21 6 51 51
0985_0018_0051_0041_0041.jpg 1 18 51 41 41
0986_0027_0012_0065_0065.jpg 1 27 12 65 65
0987_0022_0034_0061_0061.jpg 1 22 34 61 61
0988_0022_0018_0054_0054.jpg 1 22 18 54 54
0989_0042_0035_0039_0039.jpg 1 42 35 39 39
0990_0011_0064_0026_0026.jpg 1 11 64 26 26
0991_0027_0007_0056_0056.jpg 1 27 7 56 56
0992_0044_0013_0044_0044.jpg 1 44 13 44 44
0993_0036_0045_0048_0048.jpg 1 36 45 48 48
0994_0031_0051_0040_0040.jpg 1 31 51 40 40
0995_0010_0012_0051_0051.jpg 1 10 12 51 51
0996_0041_0010_0047_0047.jpg 1 41 10 47 47
0997_0033_0026_0059_0059.jpg 1 33 26 59 59
0998_0029_0015_0067_0067.jpg 1 29 15 67 67
0999_0064_0012_0026_0026.jpg 1 64 12 26 26
1000_0020_0035_0050_0050.jpg 1 20 35 50 50
1001_0009_0033_0030_0030.jpg 1 9 33 30 30
1002_0021_0030_0057_0057.jpg 1 21 30 57 57
1003_0016_0038_0054_0054.jpg 1 16 38 54 54
1004_0032_0037_0027_0027.jpg 1 32 37 27 27
1005_0033_0010_0058_0058.jpg 1 33 10 58 58
1006_0052_0038_0025_0025.jpg 1 52 38 25 25
1007_0003_0003_0069_0069.jpg 1 3 3 69 69
1008_0057_0008_0030_0030.jpg 1 57 8 30 30
1009_0021_0006_0035_0035.jpg 1 21 6 35 35
1010_0013_0030_0036_0036.jpg 1 13 30 36 36
1011_0016_0007_0066_0066.jpg 1 16 7 66 66
1012_0029_0032_0036_0036.jpg 1 29 32 36 36
1013_0008_0036_0059_0059.jpg 1 8 36 59 59
1014_0055_0051_0036_0036.jpg 1 55 51 36 36
1015_0062_0048_0026_0026.jpg 1 62 48 26 26
1016_0007_0018_0042_0042.jpg 1 7 18 42 42
1017_0030_0043_0032_0032.jpg 1 30 43 32 32
1018_0011_0009_0068_0068.jpg 1 11 9 68 68
1019_0043_0049_0036_0036.jpg 1 43 49 36 36
1020_0014_0050_0043_0043.jpg 1 14 50 43 43
1021_0019_0013_0040_0040.jpg 1 19 13 40 40
1022_0027_0050_0026_0026.jpg 1 27 50 26 26
1023_0013_0012_0063_0063.jpg 1 13 12 63 63
1024_0044_0023_0029_0029.jpg 1 44 23 29 29
1025_0024_0038_0042_0042.jpg 1 24 38 42 42
1026_0006_0019_0064_0064.jpg 1 6 19 64 64
1027_0018_0011_0056_0056.jpg 1 18 11 56 56
1028_0048_0043_0039_0039.jpg 1 48 43 39 39
1029_0046_0024_0041_0041.jpg 1 46 24 41 41
1030_0045_0014_0028_0028.jpg 1 45 14 28 28
1031_0051_0016_0031_0031.jpg 1 51 16 31 31
1032_0006_0046_0046_0046.jpg 1 6 46 46 46
1033_0004_0023_0065_0065.jpg 1 4 23 65 65
1034_0006_0011_0066_0066.jpg 1 6 11 66 66
1035_0024_0010_0068_0068.jpg 1 24 10 68 68
1036_0009_0017_0067_0067.jpg 1 9 17 67 67
1037_0035_0043_0039_0039.jpg 1 35 43 39 39
1038_0048_0013_0025_0025.jpg 1 48 13 25 25
1039_0017_0006_0065_0065.jpg 1 17 6 65 65
1040_0011_0006_0069_0069.jpg 1 11 6 69 69
1041_0033_0035_0050_0050.jpg 1 33 35 50 50
1042_0052_0049_0041_0041.jpg 1 52 49 41 41
1043_0046_0039_0032_0032.jpg 1 46 39 32 32
1044_0005_0020_0066_0066.jpg 1 5 20 66 66
1045_0029_0029_0047_0047.jpg 1 29 29 47 47
1046_0054_0016_0032_0032.jpg 1 54 16 32 32
1047_0009_0012_0068_0068.jpg 1 9 12 68 68
1048_0036_0047_0041_0041.jpg 1 36 47 41 41
1049_0011_0048_0040_0040.jpg 1 11 48 40 40
1050_0031_0023_0038_0038.jpg 1 31 23 38 38
1051_0023_0028_0063_0063.jpg 1 23 28 63 63
1052_0027_0033_0052_0052.jpg 1 27 33 52 52
1053_0026_0046_0036_0036.jpg 1 26 46 36 36
1054_0018_0014_0065_0065.jpg 1 18 14 65 65
1055_0011_0041_0030_0030.jpg 1 11 41 30 30
1056_0053_0008_0032_0032.jpg 1 53 8 32 32
1057_0018_0017_0047_0047.jpg 1 18 17 47 47
1058_0033_0011_0033_0033.jpg 1 33 11 33 33
1059_0022_0014_0064_0064.jpg 1 22 14 64 64
1060_0045_0060_0025_0025.jpg 1 45 60 25 25
1061_0025_0034_0056_0056.jpg 1 25 34 56 56
1062_0039_0041_0031_0031.jpg 1 39 41 31 31
1063_0034_0022_0051_0051.jpg 1 34 22 51 51
1064_0017_0028_0060_0060.jpg 1 17 28 60 60
1065_0050_0036_0032_0032.jpg 1 50 36 32 32
1066_0016_0014_0064_0064.jpg 1 16 14 64 64
1067_0041_0047_0028_0028.jpg 1 41 47 28 28
1068_0008_0026_0066_0066.jpg 1 8 26 66 66
1069_0015_0030_0039_0039.jpg 1 15 30 39 39
1070_0011_0027_0046_0046.jpg 1 11 27 46 46
1071_0016_0011_0068_0068.jpg 1 16 11 68 68
1072_0027_0020_0062_0062.jpg 1 27 20 62 62
1073_0020_0014_0030_0030.jpg 1 20 14 30 30
1074_0008_0011_0030_0030.jpg 1 8 11 30 30
1075_0017_0032_0064_0064.jpg 1 17 32 64 64
1076_0016_0055_0027_0027.jpg 1 16 55 27 27
1077_0025_0014_0044_0044.jpg 1 25 14 44 44
1078_0024_0030_0043_0043.jpg 1 24 30 43 43
1079_0024_0006_0048_0048.jpg 1 24 6 48 48
1080_0026_0014_0069_0069.jpg 1 26 14 69 69
1081_0051_0043_0027_0027.jpg 1 51 43 27 27
1082_0026_0017_0065_0065.jpg 1 26 17 65 65
1083_0018_0013_0031_0031.jpg 1 18 13 31 31
1084_0036_0031_0045_0045.jpg 1 36 31 45 45
1085_0045_0038_0040_0040.jpg 1 45 38 40 40
1086_0044_0033_0045_0045.jpg 1 44 33 45 45
1087_0027_0023_0051_0051.jpg 1 27 23 51 51
1088_0024_0051_0035_0035.jpg 1 24 51 35 35
1089_0038_0018_0028_0028.jpg 1 38 18 28 28
1090_0036_0030_0049_0049.jpg 1 36 30 49 49
1091_0006_0026_0049_0049.jpg 1 6 26 49 49
1092_0045_0029_0039_0039.jpg 1 45 29 39 39
1093_0028_0053_0029_0029.jpg 1 28 53 29 29
1094_0011_0041_0025_0025.jpg 1 11 41 25 25
1095_0045_0008_0045_0045.jpg 1 45 8 45 45
1096_0006_0038_0056_0056.jpg 1 6 38 56 56
1097_0005_0006_0069_0069.jpg 1 5 6 69 69
1098_0034_0025_0038_0038.jpg 1 34 25 38 38
1099_0016_0008_0068_0068.jpg 1 16 8 68 68
1100_0017_0024_0031_0031.jpg 1 17 24 31 31
1101_0028_0012_0054_0054.jpg 1 28 12 54 54
1102_0028_0008_0066_0066.jpg 1 28 8 66 66
1103_0025_0014_0056_0056.jpg 1 25 14 56 56
1104_0020_0032_0059_0059.jpg 1 20 32 59 59
1105_0017_0018_0030_0030.jpg 1 17 18 30 30
1106_0021_0015_0059_0059.jpg 1 21 15 59 59
1107_0032_0022_0057_0057.jpg 1 32 22 57 57
1108_0009_0023_0049_0049.jpg 1 9 23 49 49
1109_0028_0023_0042_0042.jpg 1 28 23 42 42
1110_0024_0033_0044_0044.jpg 1 24 33 44 44
1111_0029_0006_0056_0056.jpg 1 29 6 56 56
1112_0015_0027_0065_0065.jpg 1 15 27 65 65
1113_0056_0026_0030_0030.jpg 1 56 26 30 30
1114_0015_0014_0058_0058.jpg 1 15 14 58 58
1115_0024_0041_0025_0025.jpg 1 24 41 25 25
1116_0018_0032_0051_0051.jpg 1 18 32 51 51
1117_0053_0033_0029_0029.jpg 1 53 33 29 29
1118_0030_0023_0049_0049.jpg 1 30 23 49 49
1119_0012_0015_0051_0051.jpg 1 12 15 51 51
1120_0015_0003_0068_0068.jpg 1 15 3 68 68
1121_0045_0008_0032_0032.jpg 1 45 8 32 32
1122_0009_0046_0024_0024.jpg 1 9 46 24 24
1123_0046_0051_0031_0031.jpg 1 46 51 31 31
1124_0006_0016_0047_0047.jpg 1 6 16 47 47
1125_0045_0036_0028_0028.jpg 1 45 36 28 28
1126_0009_0040_0054_0054.jpg 1 9 40 54 54
1127_0044_0012_0030_0030.jpg 1 44 12 30 30
1128_0029_0042_0037_0037.jpg 1 29 42 37 37
1129_0047_0011_0046_0046.jpg 1 47 11 46 46
1130_0023_0042_0052_0052.jpg 1 23 42 52 52
1131_0042_0009_0052_0052.jpg 1 42 9 52 52
1132_0006_0025_0048_0048.jpg 1 6 25 48 48
1133_0006_0038_0046_0046.jpg 1 6 38 46 46
1134_0030_0008_0025_0025.jpg 1 30 8 25 25
1135_0020_0017_0068_0068.jpg 1 20 17 68 68
1136_0018_0012_0042_0042.jpg 1 18 12 42 42
1137_0047_0042_0045_0045.jpg 1 47 42 45 45
1138_0005_0005_0068_0068.jpg 1 5 5 68 68
1139_0010_0008_0059_0059.jpg 1 10 8 59 59
1140_0060_0032_0026_0026.jpg 1 60 32 26 26
1141_0011_0019_0064_0064.jpg 1 11 19 64 64
1142_0031_0034_0051_0051.jpg 1 31 34 51 51
1143_0025_0028_0056_0056.jpg 1 25 28 56 56
1144_0025_0016_0045_0045.jpg 1 25 16 45 45
1145_0026_0015_0062_0062.jpg 1 26 15 62 62
1146_0009_0048_0039_0039.jpg 1 9 48 39 39
1147_0024_0034_0031_0031.jpg 1 24 34 31 31
1148_0045_0032_0043_0043.jpg 1 45 32 43 43
1149_0047_0028_0042_0042.jpg 1 47 28 42 42
1150_0010_0030_0060_0060.jpg 1 10 30 60 60
1151_0014_0014_0050_0050.jpg 1 14 14 50 50
1152_0030_0017_0033_0033.jpg 1 30 17 33 33
1153_0053_0027_0037_0037.jpg 1 53 27 37 37
1154_0017_0031_0048_0048.jpg 1 17 31 48 48
1155_0012_0039_0045_0045.jpg 1 12 39 45 45
1156_0052_0046_0030_0030.jpg 1 52 46 30 30
1157_0024_0045_0024_0024.jpg 1 24 45 24 24
1158_0010_0011_0046_0046.jpg 1 10 11 46 46
1159_0047_0025_0026_0026.jpg 1 47 25 26 26
1160_0031_0021_0039_0039.jpg 1 31 21 39 39
1161_0039_0005_0049_0049.jpg 1 39 5 49 49
1162_0012_0054_0032_0032.jpg 1 12 54 32 32
1163_0017_0013_0068_0068.jpg 1 17 13 68 68
1164_0022_0011_0036_0036.jpg 1 22 11 36 36
1165_0035_0050_0039_0039.jpg 1 35 50 39 39
1166_0005_0015_0061_0061.jpg 1 5 15 61 61
1167_0066_0054_0024_0024.jpg 1 66 54 24 24
1168_0027_0012_0052_0052.jpg 1 27 12 52 52
1169_0013_0006_0068_0068.jpg 1 13 6 68 68
1170_0011_0039_0028_0028.jpg 1 11 39 28 28
1171_0032_0030_0048_0048.jpg 1 32 30 48 48
1172_0015_0043_0050_0050.jpg 1 15 43 50 50
1173_0025_0010_0060_0060.jpg 1 25 10 60 60
1174_0009_0046_0034_0034.jpg 1 9 46 34 34
1175_0048_0042_0044_0044.jpg 1 48 42 44 44
1176_0011_0062_0024_0024.jpg 1 11 62 24 24
1177_0010_0041_0040_0040.jpg 1 10 41 40 40
1178_0037_0038_0040_0040.jpg 1 37 38 40 40
1179_0026_0039_0025_0025.jpg 1 26 39 25 25
1180_0011_0012_0058_0058.jpg 1 11 12 58 58
1181_0037_0019_0054_0054.jpg 1 37 19 54 54
1182_0017_0015_0068_0068.jpg 1 17 15 68 68
1183_0013_0046_0047_0047.jpg 1 13 46 47 47
1184_0008_0020_0048_0048.jpg 1 8 20 48 48
1185_0032_0024_0040_0040.jpg 1 32 24 40 40
1186_0008_0027_0050_0050.jpg 1 8 27 50 50
1187_0028_0024_0061_0061.jpg 1 28 24 61 61
1188_0047_0028_0032_0032.jpg 1 47 28 32 32
1189_0020_0023_0049_0049.jpg 1 20 23 49 49
1190_0061_0042_0032_0032.jpg 1 61 42 32 32
1191_0039_0037_0053_0053.jpg 1 39 37 53 53
1192_0016_0029_0063_0063.jpg 1 16 29 63 63
1193_0026_0019_0060_0060.jpg 1 26 19 60 60
1194_0039_0006_0038_0038.jpg 1 39 6 38 38
1195_0024_0008_0044_0044.jpg 1 24 8 44 44
1196_0031_0019_0052_0052.jpg 1 31 19 52 52
1197_0023_0045_0034_0034.jpg 1 23 45 34 34
1198_0041_0064_0026_0026.jpg 1 41 64 26 26
1199_0049_0007_0042_0042.jpg 1 49 7 42 42
1200_0023_0041_0047_0047.jpg 1 23 41 47 47
1201_0008_0023_0064_0064.jpg 1 8 23 64 64
1202_0008_0019_0030_0030.jpg 1 8 19 30 30
1203_0017_0018_0060_0060.jpg 1 17 18 60 60
1204_0033_0009_0057_0057.jpg 1 33 9 57 57
1205_0005_0011_0059_0059.jpg 1 5 11 59 59
1206_0054_0017_0034_0034.jpg 1 54 17 34 34
1207_0015_0036_0055_0055.jpg 1 15 36 55 55
1208_0014_0053_0037_0037.jpg 1 14 53 37 37
1209_0017_0029_0054_0054.jpg 1 17 29 54 54
1210_0013_0019_0056_0056.jpg 1 13 19 56 56
1211_0004_0009_0067_0067.jpg 1 4 9 67 67
1212_0013_0005_0049_0049.jpg 1 13 5 49 49
1213_0026_0032_0043_0043.jpg 1 26 32 43 43
1214_0012_0011_0066_0066.jpg 1 12 11 66 66
1215_0040_0051_0041_0041.jpg 1 40 51 41 41
1216_0023_0026_0062_0062.jpg 1 23 26 62 62
1217_0036_0008_0046_0046.jpg 1 36 8 46 46
1218_0017_0055_0025_0025.jpg 1 17 55 25 25
1219_0026_0014_0059_0059.jpg 1 26 14 59 59
1220_0006_0019_0061_0061.jpg 1 6 19 61 61
1221_0038_0015_0044_0044.jpg 1 38 15 44 44
1222_0036_0006_0049_0049.jpg 1 36 6 49 49
1223_0018_0003_0068_0068.jpg 1 18 3 68 68
1224_0036_0019_0044_0044.jpg 1 36 19 44 44
1225_0065_0054_0025_0025.jpg 1 65 54 25 25
1226_0019_0049_0040_0040.jpg 1 19 49 40 40
1227_0036_0005_0056_0056.jpg 1 36 5 56 56
1228_0042_0038_0043_0043.jpg 1 42 38 43 43
1229_0017_0005_0051_0051.jpg 1 17 5 51 51
1230_0014_0025_0037_0037.jpg 1 14 25 37 37
1231_0020_0043_0034_0034.jpg 1 20 43 34 34
1232_0050_0009_0037_0037.jpg 1 50 9 37 37
1233_0036_0040_0029_0029.jpg 1 36 40 29 29
1234_0031_0019_0032_0032.jpg 1 31 19 32 32
1235_0032_0019_0034_0034.jpg 1 32 19 34 34
1236_0048_0045_0035_0035.jpg 1 48 45 35 35
1237_0026_0038_0052_0052.jpg 1 26 38 52 52
1238_0020_0044_0051_0051.jpg 1 20 44 51 51
1239_0039_0046_0048_0048.jpg 1 39 46 48 48
1240_0053_0025_0040_0040.jpg 1 53 25 40 40
1241_0046_0027_0040_0040.jpg 1 46 27 40 40
1242_0015_0014_0051_0051.jpg 1 15 14 51 51
1243_0021_0025_0060_0060.jpg 1 21 25 60 60
1244_0019_0035_0045_0045.jpg 1 19 35 45 45
1245_0019_0016_0039_0039.jpg 1 19 16 39 39
1246_0018_0032_0037_0037.jpg 1 18 32 37 37
1247_0040_0020_0041_0041.jpg 1 40 20 41 41
1248_0014_0022_0063_0063.jpg 1 14 22 63 63
1249_0009_0007_0060_0060.jpg 1 9 7 60 60
1250_0009_0006_0062_0062.jpg 1 9 6 62 62
1251_0019_0024_0069_0069.jpg 1 19 24 69 69
1252_0047_0025_0042_0042.jpg 1 47 25 42 42
1253_0026_0010_0030_0030.jpg 1 26 10 30 30
1254_0025_0056_0025_0025.jpg 1 25 56 25 25
1255_0019_0019_0054_0054.jpg 1 19 19 54 54
1256_0024_0035_0046_0046.jpg 1 24 35 46 46
1257_0025_0008_0069_0069.jpg 1 25 8 69 69
1258_0012_0024_0039_0039.jpg 1 12 24 39 39
1259_0011_0008_0059_0059.jpg 1 11 8 59 59
1260_0037_0021_0055_0055.jpg 1 37 21 55 55
1261_0005_0018_0069_0069.jpg 1 5 18 69 69
1262_0037_0009_0047_0047.jpg 1 37 9 47 47
1263_0017_0035_0050_0050.jpg 1 17 35 50 50
1264_0015_0011_0053_0053.jpg 1 15 11 53 53
1265_0025_0031_0025_0025.jpg 1 25 31 25 25
1266_0023_0030_0030_0030.jpg 1 23 30 30 30
1267_0017_0056_0033_0033.jpg 1 17 56 33 33
1268_0024_0012_0052_0052.jpg 1 24 12 52 52
1269_0007_0016_0060_0060.jpg 1 7 16 60 60
1270_0010_0016_0036_0036.jpg 1 10 16 36 36
1271_0035_0020_0026_0026.jpg 1 35 20 26 26
1272_0039_0019_0050_0050.jpg 1 39 19 50 50
1273_0033_0040_0036_0036.jpg 1 33 40 36 36
1274_0026_0030_0030_0030.jpg 1 26 30 30 30
1275_0047_0035_0045_0045.jpg 1 47 35 45 45
1276_0030_0024_0066_0066.jpg 1 30 24 66 66
1277_0027_0030_0063_0063.jpg 1 27 30 63 63
1278_0030_0009_0051_0051.jpg 1 30 9 51 51
1279_0027_0014_0061_0061.jpg 1 27 14 61 61
1280_0029_0008_0033_0033.jpg 1 29 8 33 33
1281_0004_0011_0065_0065.jpg 1 4 11 65 65
1282_0032_0031_0060_0060.jpg 1 32 31 60 60
1283_0024_0022_0068_0068.jpg 1 24 22 68 68
1284_0011_0032_0029_0029.jpg 1 11 32 29 29
1285_0026_0008_0068_0068.jpg 1 26 8 68 68
1286_0011_0047_0046_0046.jpg 1 11 47 46 46
1287_0025_0025_0036_0036.jpg 1 25 25 36 36
1288_0052_0043_0038_0038.jpg 1 52 43 38 38
1289_0066_0043_0025_0025.jpg 1 66 43 25 25
1290_0015_0052_0032_0032.jpg 1 15 52 32 32
1291_0042_0054_0024_0024.jpg 1 42 54 24 24
1292_0052_0031_0037_0037.jpg 1 52 31 37 37
1293_0023_0020_0045_0045.jpg 1 23 20 45 45
1294_0024_0016_0037_0037.jpg 1 24 16 37 37
1295_0039_0049_0040_0040.jpg 1 39 49 40 40
1296_0021_0005_0049_0049.jpg 1 21 5 49 49
1297_0039_0034_0051_0051.jpg 1 39 34 51 51
1298_0011_0055_0025_0025.jpg 1 11 55 25 25
1299_0046_0036_0032_0032.jpg 1 46 36 32 32
1300_0010_0006_0064_0064.jpg 1 10 6 64 64
1301_0026_0032_0036_0036.jpg 1 26 32 36 36
1302_0006_0038_0051_0051.jpg 1 6 38 51 51
1303_0054_0033_0038_0038.jpg 1 54 33 38 38
1304_0025_0043_0049_0049.jpg 1 25 43 49 49
1305_0016_0018_0029_0029.jpg 1 16 18 29 29
1306_0029_0042_0028_0028.jpg 1 29 42 28 28
1307_0031_0025_0054_0054.jpg 1 31 25 54 54
1308_0032_0036_0044_0044.jpg 1 32 36 44 44
1309_0044_0009_0039_0039.jpg 1 44 9 39 39
1310_0024_0035_0050_0050.jpg 1 24 35 50 50
1311_0046_0039_0032_0032.jpg 1 46 39 32 32
1312_0021_0032_0056_0056.jpg 1 21 32 56 56
1313_0009_0023_0034_0034.jpg 1 9 23 34 34
1314_0037_0033_0049_0049.jpg 1 37 33 49 49
1315_0047_0034_0046_0046.jpg 1 47 34 46 46
1316_0020_0008_0049_0049.jpg 1 20 8 49 49
1317_0055_0054_0032_0032.jpg 1 55 54 32 32
1318_0060_0058_0029_0029.jpg 1 60 58 29 29
1319_0027_0010_0066_0066.jpg 1 27 10 66 66
1320_0015_0004_0055_0055.jpg 1 15 4 55 55
1321_0018_0005_0063_0063.jpg 1 18 5 63 63
1322_0021_0038_0041_0041.jpg 1 21 38 41 41
1323_0007_0024_0066_0066.jpg 1 7 24 66 66
1324_0013_0035_0038_0038.jpg 1 13 35 38 38
1325_0017_0042_0034_0034.jpg 1 17 42 34 34
1326_0033_0026_0056_0056.jpg 1 33 26 56 56
1327_0034_0015_0034_0034.jpg 1 34 15 34 34
1328_0006_0052_0041_0041.jpg 1 6 52 41 41
1329_0021_0020_0064_0064.jpg 1 21 20 64 64
1330_0017_0015_0049_0049.jpg 1 17 15 49 49
1331_0008_0035_0059_0059.jpg 1 8 35 59 59
1332_0034_0031_0061_0061.jpg 1 34 31 61 61
1333_0036_0024_0045_0045.jpg 1 36 24 45 45
1334_0031_0023_0060_0060.jpg 1 31 23 60 60
1335_0010_0017_0062_0062.jpg 1 10 17 62 62
1336_0042_0039_0049_0049.jpg 1 42 39 49 49
1337_0023_0021_0034_0034.jpg 1 23 21 34 34
1338_0019_0038_0033_0033.jpg 1 19 38 33 33
1339_0012_0017_0035_0035.jpg 1 12 17 35 35
1340_0020_0036_0032_0032.jpg 1 20 36 32 32
1341_0015_0005_0049_0049.jpg 1 15 5 49 49
1342_0040_0007_0037_0037.jpg 1 40 7 37 37
1343_0019_0042_0025_0025.jpg 1 19 42 25 25
1344_0034_0017_0052_0052.jpg 1 34 17 52 52
1345_0038_0029_0048_0048.jpg 1 38 29 48 48
1346_0033_0041_0049_0049.jpg 1 33 41 49 49
1347_0017_0028_0055_0055.jpg 1 17 28 55 55
1348_0004_0025_0064_0064.jpg 1 4 25 64 64
1349_0009_0036_0046_0046.jpg 1 9 36 46 46
1350_0008_0018_0054_0054.jpg 1 8 18 54 54
1351_0050_0009_0036_0036.jpg 1 50 9 36 36
1352_0021_0036_0058_0058.jpg 1 21 36 58 58
1353_0057_0044_0034_0034.jpg 1 57 44 34 34
1354_0006_0012_0068_0068.jpg 1 6 12 68 68
1355_0042_0034_0050_0050.jpg 1 42 34 50 50
1356_0021_0004_0059_0059.jpg 1 21 4 59 59
1357_0020_0020_0041_0041.jpg 1 20 20 41 41
1358_0024_0015_0054_0054.jpg 1 24 15 54 54
1359_0016_0026_0046_0046.jpg 1 16 26 46 46
1360_0038_0006_0047_0047.jpg 1 38 6 47 47
1361_0046_0053_0030_0030.jpg 1 46 53 30 30
1362_0035_0035_0029_0029.jpg 1 35 35 29 29
1363_0058_0047_0027_0027.jpg 1 58 47 27 27
1364_0022_0044_0050_0050.jpg 1 22 44 50 50
1365_0055_0021_0037_0037.jpg 1 55 21 37 37
1366_0056_0031_0030_0030.jpg 1 56 31 30 30
1367_0020_0046_0038_0038.jpg 1 20 46 38 38
1368_0005_0036_0044_0044.jpg 1 5 36 44 44
1369_0012_0030_0046_0046.jpg 1 12 30 46 46
1370_0035_0030_0027_0027.jpg 1 35 30 27 27
1371_0020_0004_0059_0059.jpg 1 20 4 59 59
1372_0044_0058_0034_0034.jpg 1 44 58 34 34
1373_0028_0039_0052_0052.jpg 1 28 39 52 52
1374_0006_0057_0034_0034.jpg 1 6 57 34 34
1375_0037_0041_0050_0050.jpg 1 37 41 50 50
1376_0023_0009_0066_0066.jpg 1 23 9 66 66
1377_0044_0054_0028_0028.jpg 1 44 54 28 28
1378_0012_0013_0063_0063.jpg 1 12 13 63 63
1379_0030_0047_0026_0026.jpg 1 30 47 26 26
1380_0026_0041_0046_0046.jpg 1 26 41 46 46
1381_0036_0019_0024_0024.jpg 1 36 19 24 24
1382_0034_0035_0038_0038.jpg 1 34 35 38 38
1383_0029_0020_0042_0042.jpg 1 29 20 42 42
1384_0046_0038_0027_0027.jpg 1 46 38 27 27
1385_0011_0053_0030_0030.jpg 1 11 53 30 30
1386_0022_0010_0067_0067.jpg 1 22 10 67 67
1387_0058_0059_0028_0028.jpg 1 58 59 28 28
1388_0025_0011_0041_0041.jpg 1 25 11 41 41
1389_0011_0038_0029_0029.jpg 1 11 38 29 29
1390_0047_0052_0040_0040.jpg 1 47 52 40 40
1391_0042_0041_0042_0042.jpg 1 42 41 42 42
1392_0008_0026_0057_0057.jpg 1 8 26 57 57
1393_0056_0007_0025_0025.jpg 1 56 7 25 25
1394_0003_0006_0067_0067.jpg 1 3 6 67 67
1395_0027_0010_0035_0035.jpg 1 27 10 35 35
1396_0035_0032_0036_0036.jpg 1 35 32 36 36
1397_0031_0043_0037_0037.jpg 1 31 43 37 37
1398_0053_0038_0031_0031.jpg 1 53 38 31 31
1399_0028_0007_0055_0055.jpg 1 28 7 55 55
1400_0021_0029_0052_0052.jpg 1 21 29 52 52
1401_0026_0004_0059_0059.jpg 1 26 4 59 59
1402_0037_0025_0049_0049.jpg 1 37 25 49 49
1403_0047_0022_0034_0034.jpg 1 47 22 34 34
1404_0031_0034_0045_0045.jpg 1 31 34 45 45
1405_0031_0047_0044_0044.jpg 1 31 47 44 44
1406_0012_0043_0036_0036.jpg 1 12 43 36 36
1407_0031_0023_0063_0063.jpg 1 31 23 63 63
1408_0027_0017_0055_0055.jpg 1 27 17 55 55
1409_0051_0019_0041_0041.jpg 1 51 19 41 41
1410_0006_0009_0068_0068.jpg 1 6 9 68 68
1411_0009_0021_0061_0061.jpg 1 9 21 61 61
1412_0027_0015_0064_0064.jpg 1 27 15 64 64
1413_0022_0019_0028_0028.jpg 1 22 19 28 28
1414_0050_0007_0041_0041.jpg 1 50 7 41 41
1415_0026_0030_0037_0037.jpg 1 26 30 37 37
1416_0028_0009_0035_0035.jpg 1 28 9 35 35
1417_0044_0028_0027_0027.jpg 1 44 28 27 27
1418_0034_0031_0034_0034.jpg 1 34 31 34 34
1419_0019_0027_0063_0063.jpg 1 19 27 63 63
1420_0041_0043_0027_0027.jpg 1 41 43 27 27
1421_0025_0017_0045_0045.jpg 1 25 17 45 45
1422_0051_0045_0029_0029.jpg 1 51 45 29 29
1423_0042_0017_0028_0028.jpg 1 42 17 28 28
1424_0027_0049_0038_0038.jpg 1 27 49 38 38
1425_0034_0035_0044_0044.jpg 1 34 35 44 44
1426_0048_0047_0029_0029.jpg 1 48 47 29 29
1427_0032_0011_0051_0051.jpg 1 32 11 51 51
1428_0039_0015_0049_0049.jpg 1 39 15 49 49
1429_0038_0027_0028_0028.jpg 1 38 27 28 28
1430_0054_0034_0034_0034.jpg 1 54 34 34 34
1431_0031_0039_0028_0028.jpg 1 31 39 28 28
1432_0040_0061_0030_0030.jpg 1 40 61 30 30
1433_0010_0019_0037_0037.jpg 1 10 19 37 37
1434_0025_0043_0038_0038.jpg 1 25 43 38 38
1435_0013_0016_0033_0033.jpg 1 13 16 33 33
1436_0027_0021_0036_0036.jpg 1 27 21 36 36
1437_0009_0063_0026_0026.jpg 1 9 63 26 26
1438_0008_0020_0049_0049.jpg 1 8 20 49 49
1439_0048_0009_0031_0031.jpg 1 48 9 31 31
1440_0048_0032_0035_0035.jpg 1 48 32 35 35
1441_0006_0014_0039_0039.jpg 1 6 14 39 39
1442_0043_0015_0033_0033.jpg 1 43 15 33 33
1443_0011_0018_0065_0065.jpg 1 11 18 65 65
1444_0036_0030_0056_0056.jpg 1 36 30 56 56
1445_0026_0015_0069_0069.jpg 1 26 15 69 69
1446_0026_0017_0064_0064.jpg 1 26 17 64 64
1447_0050_0040_0034_0034.jpg 1 50 40 34 34
1448_0025_0024_0066_0066.jpg 1 25 24 66 66
1449_0014_0038_0057_0057.jpg 1 14 38 57 57
1450_0004_0021_0069_0069.jpg 1 4 21 69 69
1451_0011_0016_0045_0045.jpg 1 11 16 45 45
1452_0017_0004_0057_0057.jpg 1 17 4 57 57
1453_0015_0017_0068_0068.jpg 1 15 17 68 68
1454_0023_0026_0065_0065.jpg 1 23 26 65 65
1455_0029_0035_0047_0047.jpg 1 29 35 47 47
1456_0018_0047_0037_0037.jpg 1 18 47 37 37
1457_0050_0024_0044_0044.jpg 1 50 24 44 44
1458_0039_0010_0032_0032.jpg 1 39 10 32 32
1459_0008_0013_0065_0065.jpg 1 8 13 65 65
1460_0019_0029_0051_0051.jpg 1 19 29 51 51
1461_0006_0023_0055_0055.jpg 1 6 23 55 55
1462_0032_0055_0034_0034.jpg 1 32 55 34 34
1463_0005_0015_0069_0069.jpg 1 5 15 69 69
1464_0034_0043_0046_0046.jpg 1 34 43 46 46
1465_0028_0020_0045_0045.jpg 1 28 20 45 45
1466_0028_0024_0066_0066.jpg 1 28 24 66 66
1467_0014_0032_0054_0054.jpg 1 14 32 54 54
1468_0020_0011_0061_0061.jpg 1 20 11 61 61
1469_0033_0016_0055_0055.jpg 1 33 16 55 55
1470_0027_0021_0049_0049.jpg 1 27 21 49 49
1471_0035_0037_0058_0058.jpg 1 35 37 58 58
1472_0015_0005_0060_0060.jpg 1 15 5 60 60
1473_0027_0005_0062_0062.jpg 1 27 5 62 62
1474_0022_0033_0057_0057.jpg 1 22 33 57 57
1475_0011_0008_0049_0049.jpg 1 11 8 49 49
1476_0023_0024_0057_0057.jpg 1 23 24 57 57
1477_0023_0022_0067_0067.jpg 1 23 22 67 67
1478_0028_0052_0040_0040.jpg 1 28 52 40 40
1479_0009_0014_0049_0049.jpg 1 9 14 49 49
1480_0035_0010_0058_0058.jpg 1 35 10 58 58
1481_0014_0020_0048_0048.jpg 1 14 20 48 48
1482_0020_0003_0064_0064.jpg 1 20 3 64 64
1483_0023_0047_0041_0041.jpg 1 23 47 41 41
1484_0032_0065_0024_0024.jpg 1 32 65 24 24
1485_0057_0042_0024_0024.jpg 1 57 42 24 24
1486_0008_0039_0056_0056.jpg 1 8 39 56 56
1487_0057_0055_0029_0029.jpg 1 57 55 29 29
1488_0043_0040_0051_0051.jpg 1 43 40 51 51
1489_0005_0027_0060_0060.jpg 1 5 27 60 60
1490_0019_0037_0058_0058.jpg 1 19 37 58 58
1491_0061_0038_0024_0024.jpg 1 61 38 24 24
1492_0033_0021_0059_0059.jpg 1 33 21 59 59
1493_0023_0017_0065_0065.jpg 1 23 17 65 65
1494_0031_0007_0061_0061.jpg 1 31 7 61 61
1495_0015_0027_0037_0037.jpg 1 15 27 37 37
1496_0024_0049_0038_0038.jpg 1 24 49 38 38
1497_0013_0039_0043_0043.jpg 1 13 39 43 43
1498_0011_0022_0050_0050.jpg 1 11 22 50 50
1499_0021_0012_0058_0058.jpg 1 21 12 58 58
1500_0031_0038_0032_0032.jpg 1 31 38 32 32
1501_0010_0017_0034_0034.jpg 1 10 17 34 34
1502_0047_0028_0039_0039.jpg 1 47 28 39 39
1503_0009_0020_0052_0052.jpg 1 9 20 52 52
1504_0008_0014_0063_0063.jpg 1 8 14 63 63
1505_0023_0012_0024_0024.jpg 1 23 12 24 24
1506_0035_0011_0048_0048.jpg 1 35 11 48 48
1507_0017_0037_0040_0040.jpg 1 17 37 40 40
1508_0033_0027_0037_0037.jpg 1 33 27 37 37
1509_0029_0007_0047_0047.jpg 1 29 7 47 47
1510_0005_0019_0053_0053.jpg 1 5 19 53 53
1511_0008_0051_0026_0026.jpg 1 8 51 26 26
1512_0045_0036_0030_0030.jpg 1 45 36 30 30
1513_0057_0041_0024_0024.jpg 1 57 41 24 24
1514_0032_0017_0061_0061.jpg 1 32 17 61 61
1515_0008_0007_0058_0058.jpg 1 8 7 58 58
1516_0038_0012_0051_0051.jpg 1 38 12 51 51
1517_0009_0022_0047_0047.jpg 1 9 22 47 47
1518_0039_0012_0049_0049.jpg 1 39 12 49 49
1519_0034_0011_0041_0041.jpg 1 34 11 41 41
1520_0016_0021_0055_0055.jpg 1 16 21 55 55
1521_0013_0010_0027_0027.jpg 1 13 10 27 27
1522_0024_0039_0047_0047.jpg 1 24 39 47 47
1523_0022_0014_0064_0064.jpg 1 22 14 64 64
1524_0007_0027_0066_0066.jpg 1 7 27 66 66
1525_0025_0033_0024_0024.jpg 1 25 33 24 24
1526_0046_0027_0045_0045.jpg 1 46 27 45 45
1527_0038_0009_0051_0051.jpg 1 38 9 51 51
1528_0010_0044_0034_0034.jpg 1 10 44 34 34
1529_0015_0036_0037_0037.jpg 1 15 36 37 37
1530_0009_0010_0056_0056.jpg 1 9 10 56 56
1531_0007_0026_0050_0050.jpg 1 7 26 50 50
1532_0053_0023_0027_0027.jpg 1 53 23 27 27
1533_0034_0042_0037_0037.jpg 1 34 42 37 37
1534_0054_0052_0028_0028.jpg 1 54 52 28 28
1535_0041_0037_0038_0038.jpg 1 41 37 38 38
1536_0013_0019_0038_0038.jpg 1 13 19 38 38
1537_0039_0020_0054_0054.jpg 1 39 20 54 54
1538_0030_0046_0029_0029.jpg 1 30 46 29 29
1539_0026_0049_0040_0040.jpg 1 26 49 40 40
1540_0030_0032_0062_0062.jpg 1 30 32 62 62
1541_0017_0029_0056_0056.jpg 1 17 29 56 56
1542_0021_0038_0037_0037.jpg 1 21 38 37 37
1543_0011_0011_0057_0057.jpg 1 11 11 57 57
1544_0012_0008_0065_0065.jpg 1 12 8 65 65
1545_0040_0010_0055_0055.jpg 1 40 10 55 55
1546_0031_0033_0051_0051.jpg 1 31 33 51 51
1547_0058_0010_0033_0033.jpg 1 58 10 33 33
1548_0020_0025_0041_0041.jpg 1 20 25 41 41
1549_0006_0021_0056_0056.jpg 1 6 21 56 56
1550_0033_0035_0032_0032.jpg 1 33 35 32 32
1551_0023_0008_0060_0060.jpg 1 23 8 60 60
1552_0049_0031_0040_0040.jpg 1 49 31 40 40
1553_0033_0029_0054_0054.jpg 1 33 29 54 54
1554_0016_0005_0063_0063.jpg 1 16 5 63 63
1555_0014_0059_0027_0027.jpg 1 14 59 27 27
1556_0029_0007_0042_0042.jpg 1 29 7 42 42
1557_0007_0021_0066_0066.jpg 1 7 21 66 66
1558_0014_0037_0026_0026.jpg 1 14 37 26 26
1559_0026_0029_0059_0059.jpg 1 26 29 59 59
1560_0012_0027_0053_0053.jpg 1 12 27 53 53
1561_0006_0004_0063_0063.jpg 1 6 4 63 63
1562_0043_0039_0029_0029.jpg 1 43 39 29 29
1563_0015_0014_0028_0028.jpg 1 15 14 28 28
1564_0037_0014_0040_0040.jpg 1 37 14 40 40
1565_0011_0026_0053_0053.jpg 1 11 26 53 53
1566_0051_0026_0041_0041.jpg 1 51 26 41 41
1567_0044_0011_0042_0042.jpg 1 44 11 42 42
1568_0038_0012_0053_0053.jpg 1 38 12 53 53
1569_0018_0037_0051_0051.jpg 1 18 37 51 51
1570_0048_0007_0046_0046.jpg 1 48 7 46 46
1571_0031_0014_0039_0039.jpg 1 31 14 39 39
1572_0006_0023_0055_0055.jpg 1 6 23 55 55
1573_0008_0010_0024_0024.jpg 1 8 10 24 24
1574_0022_0013_0036_0036.jpg 1 22 13 36 36
1575_0009_0014_0048_0048.jpg 1 9 14 48 48
1576_0044_0022_0041_0041.jpg 1 44 22 41 41
1577_0021_0018_0039_0039.jpg 1 21 18 39 39
1578_0014_0043_0033_0033.jpg 1 14 43 33 33
1579_0048_0024_0040_0040.jpg 1 48 24 40 40
1580_0033_0019_0061_0061.jpg 1 33 19 61 61
1581_0017_0047_0038_0038.jpg 1 17 47 38 38
1582_0023_0005_0067_0067.jpg 1 23 5 67 67
1583_0017_0033_0042_0042.jpg 1 17 33 42 42
1584_0014_0015_0044_0044.jpg 1 14 15 44 44
1585_0030_0026_0060_0060.jpg 1 30 26 60 60
1586_0007_0015_0057_0057.jpg 1 7 15 57 57
1587_0033_0004_0062_0062.jpg 1 33 4 62 62
1588_0013_0012_0062_0062.jpg 1 13 12 62 62
1589_0018_0021_0065_0065.jpg 1 18 21 65 65
1590_0058_0016_0031_0031.jpg 1 58 16 31 31
1591_0060_0027_0029_0029.jpg 1 60 27 29 29
1592_0029_0025_0052_0052.jpg 1 29 25 52 52
1593_0014_0023_0064_0064.jpg 1 14 23 64 64
1594_0025_0009_0066_0066.jpg 1 25 9 66 66
1595_0036_0036_0052_0052.jpg 1 36 36 52 52
1596_0022_0033_0024_0024.jpg 1 22 33 24 24
1597_0019_0031_0045_0045.jpg 1 19 31 45 45
1598_0009_0028_0024_0024.jpg 1 9 28 24 24
1599_0019_0030_0029_0029.jpg 1 19 30 29 29
1600_0036_0012_0044_0044.jpg 1 36 12 44 44
1601_0037_0038_0034_0034.jpg 1 37 38 34 34
1602_0024_0029_0044_0044.jpg 1 24 29 44 44
1603_0026_0025_0029_0029.jpg 1 26 25 29 29
1604_0016_0008_0052_0052.jpg 1 16 8 52 52
1605_0041_0010_0036_0036.jpg 1 41 10 36 36
1606_0014_0005_0068_0068.jpg 1 14 5 68 68
1607_0023_0035_0045_0045.jpg 1 23 35 45 45
1608_0011_0030_0045_0045.jpg 1 11 30 45 45
1609_0013_0033_0042_0042.jpg 1 13 33 42 42
1610_0022_0016_0065_0065.jpg 1 22 16 65 65
1611_0024_0043_0044_0044.jpg 1 24 43 44 44
1612_0020_0025_0059_0059.jpg 1 20 25 59 59
1613_0010_0035_0045_0045.jpg 1 10 35 45 45
1614_0005_0044_0049_0049.jpg 1 5 44 49 49
1615_0012_0025_0064_0064.jpg 1 12 25 64 64
1616_0005_0006_0058_0058.jpg 1 5 6 58 58
1617_0029_0011_0038_0038.jpg 1 29 11 38 38
1618_0044_0023_0036_0036.jpg 1 44 23 36 36
1619_0032_0037_0058_0058.jpg 1 32 37 58 58
1620_0013_0039_0037_0037.jpg 1 13 39 37 37
1621_0044_0037_0041_0041.jpg 1 44 37 41 41
1622_0020_0025_0059_0059.jpg 1 20 25 59 59
1623_0036_0052_0035_0035.jpg 1 36 52 35 35
1624_0028_0028_0059_0059.jpg 1 28 28 59 59
1625_0035_0033_0044_0044.jpg 1 35 33 44 44
1626_0012_0052_0032_0032.jpg 1 12 52 32 32
1627_0006_0016_0068_0068.jpg 1 6 16 68 68
1628_0044_0038_0050_0050.jpg 1 44 38 50 50
1629_0033_0019_0052_0052.jpg 1 33 19 52 52
1630_0031_0023_0055_0055.jpg 1 31 23 55 55
1631_0016_0042_0041_0041.jpg 1 16 42 41 41
1632_0051_0032_0038_0038.jpg 1 51 32 38 38
1633_0015_0059_0033_0033.jpg 1 15 59 33 33
1634_0032_0016_0053_0053.jpg 1 32 16 53 53
1635_0019_0040_0043_0043.jpg 1 19 40 43 43
1636_0036_0010_0035_0035.jpg 1 36 10 35 35
1637_0027_0024_0044_0044.jpg 1 27 24 44 44
1638_0046_0025_0031_0031.jpg 1 46 25 31 31
1639_0038_0033_0040_0040.jpg 1 38 33 40 40
1640_0030_0009_0066_0066.jpg 1 30 9 66 66
1641_0016_0020_0061_0061.jpg 1 16 20 61 61
1642_0019_0013_0062_0062.jpg 1 19 13 62 62
1643_0035_0004_0053_0053.jpg 1 35 4 53 53
1644_0021_0051_0036_0036.jpg 1 21 51 36 36
1645_0039_0039_0053_0053.jpg 1 39 39 53 53
1646_0007_0043_0049_0049.jpg 1 7 43 49 49
1647_0021_0019_0063_0063.jpg 1 21 19 63 63
1648_0018_0038_0055_0055.jpg 1 18 38 55 55
1649_0024_0053_0040_0040.jpg 1 24 53 40 40
1650_0050_0046_0027_0027.jpg 1 50 46 27 27
1651_0013_0028_0058_0058.jpg 1 13 28 58 58
1652_0023_0040_0044_0044.jpg 1 23 40 44 44
1653_0042_0030_0044_0044.jpg 1 42 30 44 44
1654_0006_0020_0061_0061.jpg 1 6 20 61 61
1655_0038_0008_0034_0034.jpg 1 38 8 34 34
1656_0007_0011_0066_0066.jpg 1 7 11 66 66
1657_0013_0053_0037_0037.jpg 1 13 53 37 37
1658_0031_0029_0058_0058.jpg 1 31 29 58 58
1659_0028_0032_0038_0038.jpg 1 28 32 38 38
1660_0057_0011_0029_0029.jpg 1 57 11 29 29
1661_0021_0019_0063_0063.jpg 1 21 19 63 63
1662_0056_0021_0028_0028.jpg 1 56 21 28 28
1663_0053_0046_0033_0033.jpg 1 53 46 33 33
1664_0032_0028_0051_0051.jpg 1 32 28 51 51
1665_0044_0025_0024_0024.jpg 1 44 25 24 24
1666_0043_0014_0037_0037.jpg 1 43 14 37 37
1667_0046_0018_0031_0031.jpg 1 46 18 31 31
1668_0021_0019_0057_0057.jpg 1 21 19 57 57
1669_0020_0043_0038_0038.jpg 1 20 43 38 38
1670_0061_0055_0031_0031.jpg 1 61 55 31 31
1671_0029_0034_0029_0029.jpg 1 29 34 29 29
1672_0020_0013_0067_0067.jpg 1 20 13 67 67
1673_0029_0031_0065_0065.jpg 1 29 31 65 65
1674_0015_0016_0068_0068.jpg 1 15 16 68 68
1675_0039_0023_0024_0024.jpg 1 39 23 24 24
1676_0032_0010_0054_0054.jpg 1 32 10 54 54
1677_0030_0009_0046_0046.jpg 1 30 9 46 46
1678_0014_0018_0050_0050.jpg 1 14 18 50 50
1679_0007_0023_0038_0038.jpg 1 7 23 38 38
1680_0021_0006_0052_0052.jpg 1 21 6 52 52
1681_0009_0020_0033_0033.jpg 1 9 20 33 33
1682_0034_0016_0056_0056.jpg 1 34 16 56 56
1683_0007_0019_0058_0058.jpg 1 7 19 58 58
1684_0029_0018_0047_0047.jpg 1 29 18 47 47
1685_0027_0063_0026_0026.jpg 1 27 63 26 26
1686_0009_0004_0061_0061.jpg 1 9 4 61 61
1687_0007_0048_0037_0037.jpg 1 7 48 37 37
1688_0035_0009_0027_0027.jpg 1 35 9 27 27
1689_0014_0017_0042_0042.jpg 1 14 17 42 42
1690_0039_0018_0050_0050.jpg 1 39 18 50 50
1691_0005_0028_0062_0062.jpg 1 5 28 62 62
1692_0035_0046_0024_0024.jpg 1 35 46 24 24
1693_0015_0028_0068_0068.jpg 1 15 28 68 68
1694_0054_0034_0035_0035.jpg 1 54 34 35 35
1695_0044_0016_0030_0030.jpg 1 44 16 30 30
1696_0025_0032_0061_0061.jpg 1 25 32 61 61
1697_0040_0058_0027_0027.jpg 1 40 58 27 27
1698_0027_0041_0047_0047.jpg 1 27 41 47 47
1699_0015_0012_0038_0038.jpg 1 15 12 38 38
1700_0016_0020_0069_0069.jpg 1 16 20 69 69
1701_0041_0017_0047_0047.jpg 1 41 17 47 47
1702_0004_0015_0058_0058.jpg 1 4 15 58 58
1703_0018_0036_0058_0058.jpg 1 18 36 58 58
1704_0022_0034_0057_0057.jpg 1 22 34 57 57
1705_0052_0060_0030_0030.jpg 1 52 60 30 30
1706_0037_0030_0045_0045.jpg 1 37 30 45 45
1707_0027_0023_0058_0058.jpg 1 27 23 58 58
1708_0025_0020_0059_0059.jpg 1 25 20 59 59
1709_0010_0034_0056_0056.jpg 1 10 34 56 56
1710_0039_0008_0033_0033.jpg 1 39 8 33 33
1711_0018_0006_0034_0034.jpg 1 18 6 34 34
1712_0020_0015_0065_0065.jpg 1 20 15 65 65
1713_0031_0035_0048_0048.jpg 1 31 35 48 48
1714_0008_0016_0056_0056.jpg 1 8 16 56 56
1715_0019_0047_0042_0042.jpg 1 19 47 42 42
1716_0013_0010_0064_0064.jpg 1 13 10 64 64
1717_0032_0018_0055_0055.jpg 1 32 18 55 55
1718_0046_0061_0027_0027.jpg 1 46 61 27 27
1719_0035_0046_0043_0043.jpg 1 35 46 43 43
1720_0030_0019_0047_0047.jpg 1 30 19 47 47
1721_0023_0027_0039_0039.jpg 1 23 27 39 39
1722_0042_0025_0052_0052.jpg 1 42 25 52 52
1723_0027_0004_0061_0061.jpg 1 27 4 61 61
1724_0012_0011_0065_0065.jpg 1 12 11 65 65
1725_0023_0033_0054_0054.jpg 1 23 33 54 54
1726_0006_0032_0061_0061.jpg 1 6 32 61 61
1727_0038_0046_0038_0038.jpg 1 38 46 38 38
1728_0032_0049_0039_0039.jpg 1 32 49 39 39
1729_0019_0024_0051_0051.jpg 1 19 24 51 51
1730_0021_0011_0039_0039.jpg 1 21 11 39 39
1731_0029_0022_0054_0054.jpg 1 29 22 54 54
1732_0035_0053_0034_0034.jpg 1 35 53 34 34
1733_0026_0006_0034_0034.jpg 1 26 6 34 34
1734_0021_0043_0036_0036.jpg 1 21 43 36 36
1735_0021_0033_0048_0048.jpg 1 21 33 48 48
1736_0023_0035_0058_0058.jpg 1 23 35 58 58
1737_0012_0009_0053_0053.jpg 1 12 9 53 53
1738_0046_0050_0039_0039.jpg 1 46 50 39 39
1739_0010_0019_0050_0050.jpg 1 10 19 50 50
1740_0028_0048_0045_0045.jpg 1 28 48 45 45
1741_0013_0035_0045_0045.jpg 1 13 35 45 45
1742_0046_0045_0034_0034.jpg 1 46 45 34 34
1743_0025_0023_0050_0050.jpg 1 25 23 50 50
1744_0015_0058_0024_0024.jpg 1 15 58 24 24
1745_0026_0013_0046_0046.jpg 1 26 13 46 46
1746_0056_0030_0036_0036.jpg 1 56 30 36 36
1747_0025_0031_0051_0051.jpg 1 25 31 51 51
1748_0045_0034_0046_0046.jpg 1 45 34 46 46
1749_0027_0035_0055_0055.jpg 1 27 35 55 55
1750_0048_0023_0038_0038.jpg 1 48 23 38 38
1751_0017_0046_0024_0024.jpg 1 17 46 24 24
1752_0012_0012_0062_0062.jpg 1 12 12 62 62
1753_0015_0009_0061_0061.jpg 1 15 9 61 61
1754_0020_0040_0041_0041.jpg 1 20 40 41 41
1755_0036_0021_0058_0058.jpg 1 36 21 58 58
1756_0033_0052_0040_0040.jpg 1 33 52 40 40
1757_0018_0036_0046_0046.jpg 1 18 36 46 46
1758_0018_0021_0066_0066.jpg 1 18 21 66 66
1759_0034_0052_0032_0032.jpg 1 34 52 32 32
1760_0026_0021_0041_0041.jpg 1 26 21 41 41
1761_0035_0032_0028_0028.jpg 1 35 32 28 28
1762_0035_0010_0058_0058.jpg 1 35 10 58 58
1763_0027_0011_0038_0038.jpg 1 27 11 38 38
1764_0008_0009_0048_0048.jpg 1 8 9 48 48
1765_0034_0012_0058_0058.jpg 1 34 12 58 58
1766_0016_0038_0049_0049.jpg 1 16 38 49 49
1767_0016_0011_0065_0065.jpg 1 16 11 65 65
1768_0045_0011_0044_0044.jpg 1 45 11 44 44
1769_0026_0030_0038_0038.jpg 1 26 30 38 38
1770_0042_0026_0050_0050.jpg 1 42 26 50 50
1771_0009_0032_0045_0045.jpg 1 9 32 45 45
1772_0036_0044_0029_0029.jpg 1 36 44 29 29
1773_0033_0012_0060_0060.jpg 1 33 12 60 60
1774_0026_0065_0024_0024.jpg 1 26 65 24 24
1775_0037_0031_0041_0041.jpg 1 37 31 41 41
1776_0020_0020_0067_0067.jpg 1 20 20 67 67
1777_0011_0039_0040_0040.jpg 1 11 39 40 40
1778_0061_0057_0024_0024.jpg 1 61 57 24 24
1779_0006_0013_0068_0068.jpg 1 6 13 68 68
1780_0035_0040_0029_0029.jpg 1 35 40 29 29
1781_0029_0020_0044_0044.jpg 1 29 20 44 44
1782_0025_0031_0031_0031.jpg 1 25 31 31 31
1783_0014_0017_0049_0049.jpg 1 14 17 49 49
1784_0034_0047_0034_0034.jpg 1 34 47 34 34
1785_0014_0012_0061_0061.jpg 1 14 12 61 61
1786_0044_0016_0028_0028.jpg 1 44 16 28 28
1787_0041_0035_0035_0035.jpg 1 41 35 35 35
1788_0032_0037_0048_0048.jpg 1 32 37 48 48
1789_0018_0005_0059_0059.jpg 1 18 5 59 59
1790_0016_0041_0030_0030.jpg 1 16 41 30 30
1791_0011_0036_0059_0059.jpg 1 11 36 59 59
1792_0004_0023_0055_0055.jpg 1 4 23 55 55
1793_0010_0052_0036_0036.jpg 1 10 52 36 36
1794_0010_0010_0050_0050.jpg 1 10 10 50 50
1795_0021_0023_0031_0031.jpg 1 21 23 31 31
1796_0041_0017_0047_0047.jpg 1 41 17 47 47
1797_0024_0027_0060_0060.jpg 1 24 27 60 60
1798_0007_0047_0030_0030.jpg 1 7 47 30 30
1799_0017_0050_0035_0035.jpg 1 17 50 35 35
1800_0016_0009_0060_0060.jpg 1 16 9 60 60
1801_0042_0018_0026_0026.jpg 1 42 18 26 26
1802_0046_0029_0043_0043.jpg 1 46 29 43 43
1803_0014_0020_0064_0064.jpg 1 14 20 64 64
1804_0009_0022_0051_0051.jpg 1 9 22 51 51
1805_0017_0037_0042_0042.jpg 1 17 37 42 42
1806_0026_0038_0026_0026.jpg 1 26 38 26 26
1807_0009_0052_0031_0031.jpg 1 9 52 31 31
1808_0024_0015_0054_0054.jpg 1 24 15 54 54
1809_0012_0060_0032_0032.jpg 1 12 60 32 32
1810_0014_0017_0054_0054.jpg 1 14 17 54 54
1811_0026_0050_0026_0026.jpg 1 26 50 26 26
1812_0053_0007_0038_0038.jpg 1 53 7 38 38
1813_0034_0037_0053_0053.jpg 1 34 37 53 53
1814_0016_0009_0046_0046.jpg 1 16 9 46 46
1815_0025_0012_0054_0054.jpg 1 25 12 54 54
1816_0045_0035_0037_0037.jpg 1 45 35 37 37
1817_0023_0038_0054_0054.jpg 1 23 38 54 54
1818_0045_0053_0030_0030.jpg 1 45 53 30 30
1819_0017_0030_0053_0053.jpg 1 17 30 53 53
1820_0050_0039_0029_0029.jpg 1 50 39 29 29
1821_0012_0019_0046_0046.jpg 1 12 19 46 46
1822_0016_0005_0061_0061.jpg 1 16 5 61 61
1823_0010_0011_0050_0050.jpg 1 10 11 50 50
1824_0022_0036_0053_0053.jpg 1 22 36 53 53
1825_0012_0034_0026_0026.jpg 1 12 34 26 26
1826_0017_0028_0068_0068.jpg 1 17 28 68 68
1827_0027_0010_0047_0047.jpg 1 27 10 47 47
1828_0013_0049_0037_0037.jpg 1 13 49 37 37
1829_0039_0031_0041_0041.jpg 1 39 31 41 41
1830_0019_0014_0069_0069.jpg 1 19 14 69 69
1831_0027_0005_0059_0059.jpg 1 27 5 59 59
1832_0033_0031_0046_0046.jpg 1 33 31 46 46
1833_0011_0019_0065_0065.jpg 1 11 19 65 65
1834_0045_0044_0038_0038.jpg 1 45 44 38 38
1835_0025_0056_0031_0031.jpg 1 25 56 31 31
1836_0020_0015_0027_0027.jpg 1 20 15 27 27
1837_0012_0020_0055_0055.jpg 1 12 20 55 55
1838_0025_0009_0056_0056.jpg 1 25 9 56 56
1839_0017_0020_0055_0055.jpg 1 17 20 55 55
1840_0017_0005_0046_0046.jpg 1 17 5 46 46
1841_0046_0043_0046_0046.jpg 1 46 43 46 46
1842_0028_0019_0053_0053.jpg 1 28 19 53 53
1843_0029_0020_0037_0037.jpg 1 29 20 37 37
1844_0066_0023_0026_0026.jpg 1 66 23 26 26
1845_0005_0005_0045_0045.jpg 1 5 5 45 45
1846_0015_0027_0053_0053.jpg 1 15 27 53 53
1847_0029_0059_0032_0032.jpg 1 29 59 32 32
1848_0015_0008_0068_0068.jpg 1 15 8 68 68
1849_0010_0032_0058_0058.jpg 1 10 32 58 58
1850_0039_0020_0049_0049.jpg 1 39 20 49 49
1851_0030_0039_0049_0049.jpg 1 30 39 49 49
1852_0012_0007_0065_0065.jpg 1 12 7 65 65
1853_0038_0056_0037_0037.jpg 1 38 56 37 37
1854_0008_0047_0040_0040.jpg 1 8 47 40 40
1855_0018_0005_0069_0069.jpg 1 18 5 69 69
1856_0025_0018_0034_0034.jpg 1 25 18 34 34
1857_0064_0031_0027_0027.jpg 1 64 31 27 27
1858_0024_0013_0069_0069.jpg 1 24 13 69 69
1859_0024_0009_0064_0064.jpg 1 24 9 64 64
1860_0006_0023_0067_0067.jpg 1 6 23 67 67
1861_0023_0020_0055_0055.jpg 1 23 20 55 55
1862_0008_0023_0062_0062.jpg 1 8 23 62 62
1863_0030_0011_0035_0035.jpg 1 30 11 35 35
1864_0044_0029_0029_0029.jpg 1 44 29 29 29
1865_0007_0033_0049_0049.jpg 1 7 33 49 49
1866_0032_0040_0050_0050.jpg 1 32 40 50 50
1867_0026_0020_0062_0062.jpg 1 26 20 62 62
1868_0009_0016_0065_0065.jpg 1 9 16 65 65
1869_0012_0013_0060_0060.jpg 1 12 13 60 60
1870_0040_0009_0048_0048.jpg 1 40 9 48 48
1871_0011_0023_0043_0043.jpg 1 11 23 43 43
1872_0020_0038_0053_0053.jpg 1 20 38 53 53
1873_0045_0027_0042_0042.jpg 1 45 27 42 42
1874_0009_0042_0037_0037.jpg 1 9 42 37 37
1875_0018_0016_0056_0056.jpg 1 18 16 56 56
1876_0042_0044_0046_0046.jpg 1 42 44 46 46
1877_0046_0037_0045_0045.jpg 1 46 37 45 45
1878_0034_0039_0029_0029.jpg 1 34 39 29 29
1879_0051_0012_0042_0042.jpg 1 51 12 42 42
1880_0007_0015_0060_0060.jpg 1 7 15 60 60
1881_0007_0016_0053_0053.jpg 1 7 16 53 53
1882_0038_0039_0055_0055.jpg 1 38 39 55 55
1883_0028_0034_0033_0033.jpg 1 28 34 33 33
1884_0018_0024_0069_0069.jpg 1 18 24 69 69
1885_0018_0033_0027_0027.jpg 1 18 33 27 27
1886_0020_0020_0064_0064.jpg 1 20 20 64 64
1887_0039_0022_0049_0049.jpg 1 39 22 49 49
1888_0029_0028_0056_0056.jpg 1 29 28 56 56
1889_0028_0026_0065_0065.jpg 1 28 26 65 65
1890_0033_0035_0040_0040.jpg 1 33 35 40 40
1891_0031_0042_0050_0050.jpg 1 31 42 50 50
1892_0061_0021_0025_0025.jpg 1 61 21 25 25
1893_0011_0024_0025_0025.jpg 1 11 24 25 25
1894_0020_0038_0029_0029.jpg 1 20 38 29 29
1895_0030_0011_0060_0060.jpg 1 30 11 60 60
1896_0030_0024_0033_0033.jpg 1 30 24 33 33
1897_0032_0050_0036_0036.jpg 1 32 50 36 36
1898_0065_0012_0024_0024.jpg 1 65 12 24 24
1899_0019_0030_0050_0050.jpg 1 19 30 50 50
1900_0026_0042_0040_0040.jpg 1 26 42 40 40
1901_0009_0056_0025_0025.jpg 1 9 56 25 25
1902_0026_0038_0045_0045.jpg 1 26 38 45 45
1903_0029_0016_0052_0052.jpg 1 29 16 52 52
1904_0036_0015_0046_0046.jpg 1 36 15 46 46
1905_0013_0023_0061_0061.jpg 1 13 23 61 61
1906_0044_0039_0039_0039.jpg 1 44 39 39 39
1907_0047_0045_0043_0043.jpg 1 47 45 43 43
1908_0008_0052_0039_0039.jpg 1 8 52 39 39
1909_0008_0051_0037_0037.jpg 1 8 51 37 37
1910_0016_0008_0062_0062.jpg 1 16 8 62 62
1911_0047_0033_0036_0036.jpg 1 47 33 36 36
1912_0033_0021_0056_0056.jpg 1 33 21 56 56
1913_0040_0024_0049_0049.jpg 1 40 24 49 49
1914_0047_0008_0037_0037.jpg 1 47 8 37 37
1915_0019_0018_0050_0050.jpg 1 19 18 50 50
1916_0010_0013_0057_0057.jpg 1 10 13 57 57
1917_0057_0027_0031_0031.jpg 1 57 27 31 31
1918_0048_0013_0029_0029.jpg 1 48 13 29 29
1919_0013_0012_0065_0065.jpg 1 13 12 65 65
1920_0020_0017_0057_0057.jpg 1 20 17 57 57
1921_0036_0042_0031_0031.jpg 1 36 42 31 31
1922_0013_0007_0045_0045.jpg 1 13 7 45 45
1923_0038_0032_0033_0033.jpg 1 38 32 33 33
1924_0007_0049_0041_0041.jpg 1 7 49 41 41
1925_0031_0013_0055_0055.jpg 1 31 13 55 55
1926_0032_0052_0035_0035.jpg 1 32 52 35 35
1927_0057_0052_0033_0033.jpg 1 57 52 33 33
1928_0009_0016_0043_0043.jpg 1 9 16 43 43
1929_0044_0023_0031_0031.jpg 1 44 23 31 31
1930_0027_0031_0058_0058.jpg 1 27 31 58 58
1931_0024_0034_0061_0061.jpg 1 24 34 61 61
1932_0036_0008_0052_0052.jpg 1 36 8 52 52
1933_0010_0058_0033_0033.jpg 1 10 58 33 33
1934_0047_0036_0046_0046.jpg 1 47 36 46 46
1935_0054_0013_0033_0033.jpg 1 54 13 33 33
1936_0040_0050_0039_0039.jpg 1 40 50 39 39
1937_0031_0065_0025_0025.jpg 1 31 65 25 25
1938_0019_0018_0064_0064.jpg 1 19 18 64 64
1939_0042_0055_0034_0034.jpg 1 42 55 34 34
1940_0014_0016_0065_0065.jpg 1 14 16 65 65
1941_0024_0035_0054_0054.jpg 1 24 35 54 54
1942_0016_0017_0060_0060.jpg 1 16 17 60 60
1943_0004_0034_0061_0061.jpg 1 4 34 61 61
1944_0036_0027_0052_0052.jpg 1 36 27 52 52
1945_0041_0011_0043_0043.jpg 1 41 11 43 43
1946_0022_0041_0054_0054.jpg 1 22 41 54 54
1947_0062_0062_0030_0030.jpg 1 62 62 30 30
1948_0019_0010_0036_0036.jpg 1 19 10 36 36
1949_0019_0030_0064_0064.jpg 1 19 30 64 64
1950_0023_0013_0041_0041.jpg 1 23 13 41 41
