0001_0013_0019_0060_0060.jpg 1 13 19 60 60
0002_0034_0021_0049_0049.jpg 1 34 21 49 49
0003_0007_0026_0067_0067.jpg 1 7 26 67 67
0004_0007_0014_0048_0048.jpg 1 7 14 48 48
0005_0032_0024_0056_0056.jpg 1 32 24 56 56
0006_0009_0021_0061_0061.jpg 1 9 21 61 61
0007_0034_0016_0054_0054.jpg 1 34 16 54 54
0008_0044_0015_0027_0027.jpg 1 44 15 27 27
0009_0043_0042_0043_0043.jpg 1 43 42 43 43
0010_0009_0042_0027_0027.jpg 1 9 42 27 27
0011_0023_0049_0024_0024.jpg 1 23 49 24 24
0012_0022_0025_0056_0056.jpg 1 22 25 56 56
0013_0023_0018_0057_0057.jpg 1 23 18 57 57
0014_0006_0028_0060_0060.jpg 1 6 28 60 60
0015_0028_0020_0064_0064.jpg 1 28 20 64 64
0016_0032_0008_0053_0053.jpg 1 32 8 53 53
0017_0006_0042_0051_0051.jpg 1 6 42 51 51
0018_0005_0008_0061_0061.jpg 1 5 8 61 61
0019_0025_0011_0065_0065.jpg 1 25 11 65 65
0020_0008_0021_0067_0067.jpg 1 8 21 67 67
0021_0008_0028_0061_0061.jpg 1 8 28 61 61
0022_0027_0019_0067_0067.jpg 1 27 19 67 67
0023_0026_0032_0042_0042.jpg 1 26 32 42 42
0024_0009_0015_0025_0025.jpg 1 9 15 25 25
0025_0018_0038_0033_0033.jpg 1 18 38 33 33
0026_0037_0024_0041_0041.jpg 1 37 24 41 41
0027_0020_0022_0051_0051.jpg 1 20 22 51 51
0028_0020_0032_0027_0027.jpg 1 20 32 27 27
0029_0058_0055_0033_0033.jpg 1 58 55 33 33
0030_0030_0026_0065_0065.jpg 1 30 26 65 65
0031_0021_0014_0053_0053.jpg 1 21 14 53 53
0032_0010_0014_0062_0062.jpg 1 10 14 62 62
0033_0028_0049_0037_0037.jpg 1 28 49 37 37
0034_0021_0019_0056_0056.jpg 1 21 19 56 56
0035_0055_0019_0029_0029.jpg 1 55 19 29 29
0036_0035_0040_0040_0040.jpg 1 35 40 40 40
0037_0015_0024_0066_0066.jpg 1 15 24 66 66
0038_0026_0019_0062_0062.jpg 1 26 19 62 62
0039_0017_0060_0026_0026.jpg 1 17 60 26 26
0040_0026_0021_0037_0037.jpg 1 26 21 37 37
0041_0046_0017_0044_0044.jpg 1 46 17 44 44
0042_0035_0026_0057_0057.jpg 1 35 26 57 57
0043_0006_0026_0061_0061.jpg 1 6 26 61 61
0044_0014_0021_0057_0057.jpg 1 14 21 57 57
0045_0028_0027_0025_0025.jpg 1 28 27 25 25
0046_0036_0043_0028_0028.jpg 1 36 43 28 28
0047_0018_0020_0061_0061.jpg 1 18 20 61 61
0048_0022_0053_0029_0029.jpg 1 22 53 29 29
0049_0032_0009_0053_0053.jpg 1 32 9 53 53
0050_0059_0063_0026_0026.jpg 1 59 63 26 26
0051_0019_0026_0068_0068.jpg 1 19 26 68 68
0052_0041_0041_0050_0050.jpg 1 41 41 50 50
0053_0018_0007_0030_0030.jpg 1 18 7 30 30
0054_0011_0053_0029_0029.jpg 1 11 53 29 29
0055_0024_0028_0055_0055.jpg 1 24 28 55 55
0056_0008_0033_0060_0060.jpg 1 8 33 60 60
0057_0004_0017_0062_0062.jpg 1 4 17 62 62
0058_0023_0052_0040_0040.jpg 1 23 52 40 40
0059_0043_0025_0034_0034.jpg 1 43 25 34 34
0060_0045_0039_0036_0036.jpg 1 45 39 36 36
0061_0027_0013_0064_0064.jpg 1 27 13 64 64
0062_0032_0045_0049_0049.jpg 1 32 45 49 49
0063_0031_0015_0052_0052.jpg 1 31 15 52 52
0064_0010_0028_0040_0040.jpg 1 10 28 40 40
0065_0015_0027_0032_0032.jpg 1 15 27 32 32
0066_0030_0028_0053_0053.jpg 1 30 28 53 53
0067_0041_0060_0025_0025.jpg 1 41 60 25 25
0068_0044_0040_0046_0046.jpg 1 44 40 46 46
0069_0008_0034_0060_0060.jpg 1 8 34 60 60
0070_0023_0017_0059_0059.jpg 1 23 17 59 59
0071_0037_0017_0049_0049.jpg 1 37 17 49 49
0072_0040_0029_0027_0027.jpg 1 40 29 27 27
0073_0032_0037_0043_0043.jpg 1 32 37 43 43
0074_0035_0006_0038_0038.jpg 1 35 6 38 38
0075_0010_0010_0038_0038.jpg 1 10 10 38 38
0076_0011_0006_0067_0067.jpg 1 11 6 67 67
0077_0009_0015_0035_0035.jpg 1 9 15 35 35
0078_0014_0015_0067_0067.jpg 1 14 15 67 67
0079_0005_0037_0044_0044.jpg 1 5 37 44 44
0080_0041_0028_0054_0054.jpg 1 41 28 54 54
0081_0039_0028_0039_0039.jpg 1 39 28 39 39
0082_0018_0021_0066_0066.jpg 1 18 21 66 66
0083_0046_0031_0035_0035.jpg 1 46 31 35 35
0084_0014_0014_0046_0046.jpg 1 14 14 46 46
0085_0026_0023_0031_0031.jpg 1 26 23 31 31
0086_0007_0048_0035_0035.jpg 1 7 48 35 35
0087_0006_0007_0048_0048.jpg 1 6 7 48 48
0088_0031_0027_0028_0028.jpg 1 31 27 28 28
0089_0018_0017_0050_0050.jpg 1 18 17 50 50
0090_0012_0015_0068_0068.jpg 1 12 15 68 68
0091_0018_0019_0041_0041.jpg 1 18 19 41 41
0092_0007_0007_0034_0034.jpg 1 7 7 34 34
0093_0020_0007_0052_0052.jpg 1 20 7 52 52
0094_0027_0009_0055_0055.jpg 1 27 9 55 55
0095_0036_0010_0029_0029.jpg 1 36 10 29 29
0096_0006_0029_0066_0066.jpg 1 6 29 66 66
0097_0007_0019_0059_0059.jpg 1 7 19 59 59
0098_0010_0012_0056_0056.jpg 1 10 12 56 56
0099_0025_0011_0050_0050.jpg 1 25 11 50 50
0100_0016_0028_0032_0032.jpg 1 16 28 32 32
0101_0046_0031_0035_0035.jpg 1 46 31 35 35
0102_0003_0026_0069_0069.jpg 1 3 26 69 69
0103_0004_0025_0066_0066.jpg 1 4 25 66 66
0104_0008_0028_0044_0044.jpg 1 8 28 44 44
0105_0023_0029_0048_0048.jpg 1 23 29 48 48
0106_0036_0024_0042_0042.jpg 1 36 24 42 42
0107_0012_0007_0066_0066.jpg 1 12 7 66 66
0108_0010_0033_0060_0060.jpg 1 10 33 60 60
0109_0065_0023_0027_0027.jpg 1 65 23 27 27
0110_0019_0036_0051_0051.jpg 1 19 36 51 51
0111_0015_0038_0042_0042.jpg 1 15 38 42 42
0112_0023_0016_0062_0062.jpg 1 23 16 62 62
0113_0005_0014_0065_0065.jpg 1 5 14 65 65
0114_0025_0019_0062_0062.jpg 1 25 19 62 62
0115_0033_0010_0050_0050.jpg 1 33 10 50 50
0116_0028_0030_0063_0063.jpg 1 28 30 63 63
0117_0024_0054_0032_0032.jpg 1 24 54 32 32
0118_0032_0022_0049_0049.jpg 1 32 22 49 49
0119_0009_0014_0053_0053.jpg 1 9 14 53 53
0120_0026_0032_0062_0062.jpg 1 26 32 62 62
0121_0024_0032_0036_0036.jpg 1 24 32 36 36
0122_0023_0035_0056_0056.jpg 1 23 35 56 56
0123_0024_0009_0056_0056.jpg 1 24 9 56 56
0124_0044_0041_0050_0050.jpg 1 44 41 50 50
0125_0053_0021_0028_0028.jpg 1 53 21 28 28
0126_0046_0030_0028_0028.jpg 1 46 30 28 28
0127_0038_0032_0024_0024.jpg 1 38 32 24 24
0128_0056_0037_0032_0032.jpg 1 56 37 32 32
0129_0048_0008_0030_0030.jpg 1 48 8 30 30
0130_0014_0039_0053_0053.jpg 1 14 39 53 53
0131_0021_0015_0058_0058.jpg 1 21 15 58 58
0132_0021_0021_0036_0036.jpg 1 21 21 36 36
0133_0008_0056_0032_0032.jpg 1 8 56 32 32
0134_0031_0005_0052_0052.jpg 1 31 5 52 52
0135_0034_0041_0054_0054.jpg 1 34 41 54 54
0136_0047_0009_0026_0026.jpg 1 47 9 26 26
0137_0005_0037_0054_0054.jpg 1 5 37 54 54
0138_0011_0062_0030_0030.jpg 1 11 62 30 30
0139_0016_0015_0062_0062.jpg 1 16 15 62 62
0140_0041_0022_0050_0050.jpg 1 41 22 50 50
0141_0007_0016_0065_0065.jpg 1 7 16 65 65
0142_0011_0038_0034_0034.jpg 1 11 38 34 34
0143_0012_0021_0059_0059.jpg 1 12 21 59 59
0144_0031_0031_0059_0059.jpg 1 31 31 59 59
0145_0018_0022_0027_0027.jpg 1 18 22 27 27
0146_0051_0052_0024_0024.jpg 1 51 52 24 24
0147_0040_0021_0031_0031.jpg 1 40 21 31 31
0148_0016_0017_0051_0051.jpg 1 16 17 51 51
0149_0022_0004_0061_0061.jpg 1 22 4 61 61
0150_0029_0035_0055_0055.jpg 1 29 35 55 55
0151_0029_0045_0033_0033.jpg 1 29 45 33 33
0152_0021_0013_0037_0037.jpg 1 21 13 37 37
0153_0035_0032_0034_0034.jpg 1 35 32 34 34
0154_0040_0016_0039_0039.jpg 1 40 16 39 39
0155_0008_0024_0027_0027.jpg 1 8 24 27 27
0156_0027_0022_0037_0037.jpg 1 27 22 37 37
0157_0028_0017_0051_0051.jpg 1 28 17 51 51
0158_0009_0014_0040_0040.jpg 1 9 14 40 40
0159_0038_0005_0052_0052.jpg 1 38 5 52 52
0160_0007_0012_0067_0067.jpg 1 7 12 67 67
0161_0053_0036_0031_0031.jpg 1 53 36 31 31
0162_0016_0015_0068_0068.jpg 1 16 15 68 68
0163_0008_0011_0061_0061.jpg 1 8 11 61 61
0164_0053_0055_0037_0037.jpg 1 53 55 37 37
0165_0008_0040_0040_0040.jpg 1 8 40 40 40
0166_0023_0028_0045_0045.jpg 1 23 28 45 45
0167_0022_0008_0062_0062.jpg 1 22 8 62 62
0168_0008_0025_0044_0044.jpg 1 8 25 44 44
0169_0055_0024_0025_0025.jpg 1 55 24 25 25
0170_0024_0024_0050_0050.jpg 1 24 24 50 50
0171_0051_0050_0039_0039.jpg 1 51 50 39 39
0172_0031_0017_0055_0055.jpg 1 31 17 55 55
0173_0029_0054_0032_0032.jpg 1 29 54 32 32
0174_0033_0027_0056_0056.jpg 1 33 27 56 56
0175_0036_0018_0052_0052.jpg 1 36 18 52 52
0176_0004_0011_0051_0051.jpg 1 4 11 51 51
0177_0031_0022_0063_0063.jpg 1 31 22 63 63
0178_0012_0024_0046_0046.jpg 1 12 24 46 46
0179_0016_0015_0069_0069.jpg 1 16 15 69 69
0180_0010_0034_0044_0044.jpg 1 10 34 44 44
0181_0044_0034_0039_0039.jpg 1 44 34 39 39
0182_0017_0023_0049_0049.jpg 1 17 23 49 49
0183_0032_0023_0032_0032.jpg 1 32 23 32 32
0184_0010_0032_0043_0043.jpg 1 10 32 43 43
0185_0027_0021_0025_0025.jpg 1 27 21 25 25
0186_0027_0024_0031_0031.jpg 1 27 24 31 31
0187_0017_0034_0060_0060.jpg 1 17 34 60 60
0188_0017_0023_0040_0040.jpg 1 17 23 40 40
0189_0023_0030_0057_0057.jpg 1 23 30 57 57
0190_0037_0039_0042_0042.jpg 1 37 39 42 42
0191_0032_0006_0058_0058.jpg 1 32 6 58 58
0192_0054_0023_0036_0036.jpg 1 54 23 36 36
0193_0030_0021_0035_0035.jpg 1 30 21 35 35
0194_0041_0038_0037_0037.jpg 1 41 38 37 37
0195_0006_0021_0055_0055.jpg 1 6 21 55 55
0196_0038_0042_0042_0042.jpg 1 38 42 42 42
0197_0050_0054_0038_0038.jpg 1 50 54 38 38
0198_0010_0006_0060_0060.jpg 1 10 6 60 60
0199_0016_0062_0028_0028.jpg 1 16 62 28 28
0200_0028_0040_0032_0032.jpg 1 28 40 32 32
0201_0041_0009_0034_0034.jpg 1 41 9 34 34
0202_0051_0015_0040_0040.jpg 1 51 15 40 40
0203_0041_0054_0031_0031.jpg 1 41 54 31 31
0204_0020_0028_0049_0049.jpg 1 20 28 49 49
0205_0029_0035_0051_0051.jpg 1 29 35 51 51
0206_0015_0020_0069_0069.jpg 1 15 20 69 69
0207_0036_0050_0030_0030.jpg 1 36 50 30 30
0208_0027_0033_0061_0061.jpg 1 27 33 61 61
0209_0052_0053_0024_0024.jpg 1 52 53 24 24
0210_0026_0005_0061_0061.jpg 1 26 5 61 61
0211_0011_0024_0068_0068.jpg 1 11 24 68 68
0212_0049_0031_0024_0024.jpg 1 49 31 24 24
0213_0016_0012_0067_0067.jpg 1 16 12 67 67
0214_0008_0028_0057_0057.jpg 1 8 28 57 57
0215_0055_0049_0029_0029.jpg 1 55 49 29 29
0216_0014_0031_0030_0030.jpg 1 14 31 30 30
0217_0012_0024_0063_0063.jpg 1 12 24 63 63
0218_0005_0013_0059_0059.jpg 1 5 13 59 59
0219_0021_0031_0060_0060.jpg 1 21 31 60 60
0220_0013_0009_0068_0068.jpg 1 13 9 68 68
0221_0013_0042_0048_0048.jpg 1 13 42 48 48
0222_0025_0005_0054_0054.jpg 1 25 5 54 54
0223_0027_0014_0065_0065.jpg 1 27 14 65 65
0224_0017_0027_0064_0064.jpg 1 17 27 64 64
0225_0049_0021_0032_0032.jpg 1 49 21 32 32
0226_0044_0017_0039_0039.jpg 1 44 17 39 39
0227_0011_0015_0064_0064.jpg 1 11 15 64 64
0228_0017_0029_0067_0067.jpg 1 17 29 67 67
0229_0017_0007_0046_0046.jpg 1 17 7 46 46
0230_0020_0022_0064_0064.jpg 1 20 22 64 64
0231_0041_0015_0040_0040.jpg 1 41 15 40 40
0232_0029_0013_0067_0067.jpg 1 29 13 67 67
0233_0015_0016_0051_0051.jpg 1 15 16 51 51
0234_0005_0026_0058_0058.jpg 1 5 26 58 58
0235_0022_0045_0025_0025.jpg 1 22 45 25 25
0236_0010_0033_0057_0057.jpg 1 10 33 57 57
0237_0017_0032_0063_0063.jpg 1 17 32 63 63
0238_0030_0029_0066_0066.jpg 1 30 29 66 66
0239_0038_0024_0044_0044.jpg 1 38 24 44 44
0240_0025_0037_0053_0053.jpg 1 25 37 53 53
0241_0008_0030_0066_0066.jpg 1 8 30 66 66
0242_0007_0034_0060_0060.jpg 1 7 34 60 60
0243_0038_0033_0042_0042.jpg 1 38 33 42 42
0244_0047_0012_0043_0043.jpg 1 47 12 43 43
0245_0023_0046_0030_0030.jpg 1 23 46 30 30
0246_0029_0024_0066_0066.jpg 1 29 24 66 66
0247_0055_0025_0036_0036.jpg 1 55 25 36 36
0248_0009_0017_0036_0036.jpg 1 9 17 36 36
0249_0014_0004_0067_0067.jpg 1 14 4 67 67
0250_0036_0035_0057_0057.jpg 1 36 35 57 57
0251_0019_0029_0032_0032.jpg 1 19 29 32 32
0252_0021_0009_0028_0028.jpg 1 21 9 28 28
0253_0039_0007_0055_0055.jpg 1 39 7 55 55
0254_0037_0025_0030_0030.jpg 1 37 25 30 30
0255_0046_0056_0036_0036.jpg 1 46 56 36 36
0256_0009_0028_0061_0061.jpg 1 9 28 61 61
0257_0029_0009_0064_0064.jpg 1 29 9 64 64
0258_0038_0036_0049_0049.jpg 1 38 36 49 49
0259_0035_0037_0046_0046.jpg 1 35 37 46 46
0260_0035_0037_0028_0028.jpg 1 35 37 28 28
0261_0019_0034_0059_0059.jpg 1 19 34 59 59
0262_0013_0015_0066_0066.jpg 1 13 15 66 66
0263_0028_0029_0060_0060.jpg 1 28 29 60 60
0264_0044_0016_0031_0031.jpg 1 44 16 31 31
0265_0031_0008_0026_0026.jpg 1 31 8 26 26
0266_0028_0048_0032_0032.jpg 1 28 48 32 32
0267_0010_0016_0046_0046.jpg 1 10 16 46 46
0268_0013_0039_0044_0044.jpg 1 13 39 44 44
0269_0038_0010_0053_0053.jpg 1 38 10 53 53
0270_0028_0009_0058_0058.jpg 1 28 9 58 58
0271_0025_0008_0059_0059.jpg 1 25 8 59 59
0272_0017_0019_0033_0033.jpg 1 17 19 33 33
0273_0038_0038_0027_0027.jpg 1 38 38 27 27
0274_0039_0011_0034_0034.jpg 1 39 11 34 34
0275_0016_0006_0058_0058.jpg 1 16 6 58 58
0276_0020_0010_0058_0058.jpg 1 20 10 58 58
0277_0031_0031_0045_0045.jpg 1 31 31 45 45
0278_0012_0013_0069_0069.jpg 1 12 13 69 69
0279_0017_0032_0048_0048.jpg 1 17 32 48 48
0280_0048_0040_0041_0041.jpg 1 48 40 41 41
0281_0023_0054_0033_0033.jpg 1 23 54 33 33
0282_0025_0041_0039_0039.jpg 1 25 41 39 39
0283_0030_0030_0037_0037.jpg 1 30 30 37 37
0284_0033_0031_0039_0039.jpg 1 33 31 39 39
0285_0035_0038_0025_0025.jpg 1 35 38 25 25
0286_0006_0008_0046_0046.jpg 1 6 8 46 46
0287_0003_0028_0065_0065.jpg 1 3 28 65 65
0288_0008_0036_0053_0053.jpg 1 8 36 53 53
0289_0010_0016_0056_0056.jpg 1 10 16 56 56
0290_0055_0034_0035_0035.jpg 1 55 34 35 35
0291_0025_0032_0035_0035.jpg 1 25 32 35 35
0292_0016_0022_0055_0055.jpg 1 16 22 55 55
0293_0021_0030_0050_0050.jpg 1 21 30 50 50
0294_0042_0046_0045_0045.jpg 1 42 46 45 45
0295_0014_0022_0063_0063.jpg 1 14 22 63 63
0296_0052_0008_0026_0026.jpg 1 52 8 26 26
0297_0058_0027_0031_0031.jpg 1 58 27 31 31
0298_0053_0058_0031_0031.jpg 1 53 58 31 31
0299_0028_0006_0053_0053.jpg 1 28 6 53 53
0300_0049_0016_0032_0032.jpg 1 49 16 32 32
0301_0006_0013_0061_0061.jpg 1 6 13 61 61
0302_0016_0006_0063_0063.jpg 1 16 6 63 63
0303_0010_0058_0035_0035.jpg 1 10 58 35 35
0304_0049_0030_0027_0027.jpg 1 49 30 27 27
0305_0047_0039_0031_0031.jpg 1 47 39 31 31
0306_0028_0023_0033_0033.jpg 1 28 23 33 33
0307_0027_0023_0061_0061.jpg 1 27 23 61 61
0308_0044_0047_0026_0026.jpg 1 44 47 26 26
0309_0023_0005_0053_0053.jpg 1 23 5 53 53
0310_0065_0063_0025_0025.jpg 1 65 63 25 25
0311_0050_0015_0041_0041.jpg 1 50 15 41 41
0312_0012_0056_0036_0036.jpg 1 12 56 36 36
0313_0029_0030_0051_0051.jpg 1 29 30 51 51
0314_0011_0020_0056_0056.jpg 1 11 20 56 56
0315_0031_0048_0032_0032.jpg 1 31 48 32 32
0316_0040_0035_0047_0047.jpg 1 40 35 47 47
0317_0013_0035_0055_0055.jpg 1 13 35 55 55
0318_0026_0028_0062_0062.jpg 1 26 28 62 62
0319_0027_0018_0029_0029.jpg 1 27 18 29 29
0320_0056_0016_0030_0030.jpg 1 56 16 30 30
0321_0017_0003_0065_0065.jpg 1 17 3 65 65
0322_0027_0009_0057_0057.jpg 1 27 9 57 57
0323_0039_0019_0054_0054.jpg 1 39 19 54 54
0324_0018_0021_0054_0054.jpg 1 18 21 54 54
0325_0019_0027_0052_0052.jpg 1 19 27 52 52
0326_0026_0018_0050_0050.jpg 1 26 18 50 50
0327_0041_0054_0030_0030.jpg 1 41 54 30 30
0328_0009_0049_0041_0041.jpg 1 9 49 41 41
0329_0016_0007_0062_0062.jpg 1 16 7 62 62
0330_0015_0021_0032_0032.jpg 1 15 21 32 32
0331_0053_0043_0038_0038.jpg 1 53 43 38 38
0332_0029_0034_0045_0045.jpg 1 29 34 45 45
0333_0056_0042_0025_0025.jpg 1 56 42 25 25
0334_0036_0031_0045_0045.jpg 1 36 31 45 45
0335_0050_0022_0036_0036.jpg 1 50 22 36 36
0336_0029_0008_0058_0058.jpg 1 29 8 58 58
0337_0008_0009_0041_0041.jpg 1 8 9 41 41
0338_0020_0018_0047_0047.jpg 1 20 18 47 47
0339_0049_0006_0041_0041.jpg 1 49 6 41 41
0340_0005_0012_0062_0062.jpg 1 5 12 62 62
0341_0018_0060_0032_0032.jpg 1 18 60 32 32
0342_0007_0034_0039_0039.jpg 1 7 34 39 39
0343_0043_0021_0045_0045.jpg 1 43 21 45 45
0344_0038_0030_0053_0053.jpg 1 38 30 53 53
0345_0048_0044_0034_0034.jpg 1 48 44 34 34
0346_0028_0021_0055_0055.jpg 1 28 21 55 55
0347_0055_0010_0037_0037.jpg 1 55 10 37 37
0348_0013_0011_0058_0058.jpg 1 13 11 58 58
0349_0020_0029_0046_0046.jpg 1 20 29 46 46
0350_0013_0022_0038_0038.jpg 1 13 22 38 38
0351_0020_0012_0065_0065.jpg 1 20 12 65 65
0352_0016_0018_0030_0030.jpg 1 16 18 30 30
0353_0034_0037_0055_0055.jpg 1 34 37 55 55
0354_0030_0008_0056_0056.jpg 1 30 8 56 56
0355_0023_0023_0051_0051.jpg 1 23 23 51 51
0356_0016_0006_0054_0054.jpg 1 16 6 54 54
0357_0027_0031_0061_0061.jpg 1 27 31 61 61
0358_0016_0019_0053_0053.jpg 1 16 19 53 53
0359_0030_0035_0041_0041.jpg 1 30 35 41 41
0360_0056_0039_0034_0034.jpg 1 56 39 34 34
0361_0022_0027_0067_0067.jpg 1 22 27 67 67
0362_0055_0043_0034_0034.jpg 1 55 43 34 34
0363_0025_0040_0046_0046.jpg 1 25 40 46 46
0364_0049_0017_0036_0036.jpg 1 49 17 36 36
0365_0031_0010_0058_0058.jpg 1 31 10 58 58
0366_0007_0007_0064_0064.jpg 1 7 7 64 64
0367_0045_0016_0031_0031.jpg 1 45 16 31 31
0368_0031_0041_0035_0035.jpg 1 31 41 35 35
0369_0027_0027_0067_0067.jpg 1 27 27 67 67
0370_0009_0008_0048_0048.jpg 1 9 8 48 48
0371_0011_0004_0069_0069.jpg 1 11 4 69 69
0372_0035_0021_0055_0055.jpg 1 35 21 55 55
0373_0017_0017_0051_0051.jpg 1 17 17 51 51
0374_0042_0048_0041_0041.jpg 1 42 48 41 41
0375_0006_0007_0047_0047.jpg 1 6 7 47 47
0376_0039_0042_0041_0041.jpg 1 39 42 41 41
0377_0004_0030_0053_0053.jpg 1 4 30 53 53
0378_0009_0007_0042_0042.jpg 1 9 7 42 42
0379_0017_0030_0058_0058.jpg 1 17 30 58 58
0380_0013_0025_0049_0049.jpg 1 13 25 49 49
0381_0015_0007_0068_0068.jpg 1 15 7 68 68
0382_0013_0006_0048_0048.jpg 1 13 6 48 48
0383_0037_0033_0024_0024.jpg 1 37 33 24 24
0384_0025_0034_0031_0031.jpg 1 25 34 31 31
0385_0013_0034_0058_0058.jpg 1 13 34 58 58
0386_0033_0028_0046_0046.jpg 1 33 28 46 46
0387_0008_0016_0039_0039.jpg 1 8 16 39 39
0388_0034_0046_0024_0024.jpg 1 34 46 24 24
0389_0010_0005_0066_0066.jpg 1 10 5 66 66
0390_0034_0027_0052_0052.jpg 1 34 27 52 52
0391_0008_0036_0035_0035.jpg 1 8 36 35 35
0392_0023_0041_0041_0041.jpg 1 23 41 41 41
0393_0014_0066_0024_0024.jpg 1 14 66 24 24
0394_0014_0046_0043_0043.jpg 1 14 46 43 43
0395_0034_0036_0045_0045.jpg 1 34 36 45 45
0396_0039_0015_0056_0056.jpg 1 39 15 56 56
0397_0005_0015_0050_0050.jpg 1 5 15 50 50
0398_0043_0029_0031_0031.jpg 1 43 29 31 31
0399_0029_0046_0040_0040.jpg 1 29 46 40 40
0400_0053_0029_0031_0031.jpg 1 53 29 31 31
0401_0044_0016_0034_0034.jpg 1 44 16 34 34
0402_0009_0006_0068_0068.jpg 1 9 6 68 68
0403_0046_0029_0027_0027.jpg 1 46 29 27 27
0404_0006_0014_0066_0066.jpg 1 6 14 66 66
0405_0005_0013_0062_0062.jpg 1 5 13 62 62
0406_0046_0027_0027_0027.jpg 1 46 27 27 27
0407_0053_0016_0033_0033.jpg 1 53 16 33 33
0408_0009_0022_0032_0032.jpg 1 9 22 32 32
0409_0026_0006_0040_0040.jpg 1 26 6 40 40
0410_0034_0037_0029_0029.jpg 1 34 37 29 29
0411_0044_0020_0050_0050.jpg 1 44 20 50 50
0412_0031_0020_0064_0064.jpg 1 31 20 64 64
0413_0018_0020_0059_0059.jpg 1 18 20 59 59
0414_0041_0046_0040_0040.jpg 1 41 46 40 40
0415_0030_0035_0057_0057.jpg 1 30 35 57 57
0416_0045_0055_0033_0033.jpg 1 45 55 33 33
0417_0032_0047_0031_0031.jpg 1 32 47 31 31
0418_0039_0012_0033_0033.jpg 1 39 12 33 33
0419_0033_0049_0028_0028.jpg 1 33 49 28 28
0420_0045_0036_0047_0047.jpg 1 45 36 47 47
0421_0032_0054_0032_0032.jpg 1 32 54 32 32
0422_0017_0041_0045_0045.jpg 1 17 41 45 45
0423_0029_0039_0035_0035.jpg 1 29 39 35 35
0424_0020_0034_0058_0058.jpg 1 20 34 58 58
0425_0029_0022_0067_0067.jpg 1 29 22 67 67
0426_0011_0039_0044_0044.jpg 1 11 39 44 44
0427_0011_0015_0064_0064.jpg 1 11 15 64 64
0428_0017_0045_0027_0027.jpg 1 17 45 27 27
0429_0035_0033_0033_0033.jpg 1 35 33 33 33
0430_0029_0036_0036_0036.jpg 1 29 36 36 36
0431_0006_0010_0056_0056.jpg 1 6 10 56 56
0432_0017_0026_0052_0052.jpg 1 17 26 52 52
0433_0013_0040_0051_0051.jpg 1 13 40 51 51
0434_0015_0043_0047_0047.jpg 1 15 43 47 47
0435_0039_0023_0044_0044.jpg 1 39 23 44 44
0436_0046_0020_0045_0045.jpg 1 46 20 45 45
0437_0044_0035_0044_0044.jpg 1 44 35 44 44
0438_0018_0056_0027_0027.jpg 1 18 56 27 27
0439_0008_0023_0056_0056.jpg 1 8 23 56 56
0440_0063_0034_0025_0025.jpg 1 63 34 25 25
0441_0035_0006_0057_0057.jpg 1 35 6 57 57
0442_0041_0017_0027_0027.jpg 1 41 17 27 27
0443_0031_0039_0055_0055.jpg 1 31 39 55 55
0444_0034_0021_0056_0056.jpg 1 34 21 56 56
0445_0006_0017_0068_0068.jpg 1 6 17 68 68
0446_0017_0013_0052_0052.jpg 1 17 13 52 52
0447_0027_0058_0030_0030.jpg 1 27 58 30 30
0448_0016_0009_0066_0066.jpg 1 16 9 66 66
0449_0009_0014_0052_0052.jpg 1 9 14 52 52
0450_0019_0031_0059_0059.jpg 1 19 31 59 59
0451_0017_0031_0043_0043.jpg 1 17 31 43 43
0452_0038_0007_0055_0055.jpg 1 38 7 55 55
0453_0007_0027_0035_0035.jpg 1 7 27 35 35
0454_0016_0047_0039_0039.jpg 1 16 47 39 39
0455_0028_0008_0067_0067.jpg 1 28 8 67 67
0456_0012_0035_0046_0046.jpg 1 12 35 46 46
0457_0006_0025_0036_0036.jpg 1 6 25 36 36
0458_0006_0026_0046_0046.jpg 1 6 26 46 46
0459_0019_0030_0052_0052.jpg 1 19 30 52 52
0460_0056_0035_0026_0026.jpg 1 56 35 26 26
0461_0054_0039_0033_0033.jpg 1 54 39 33 33
0462_0040_0044_0036_0036.jpg 1 40 44 36 36
0463_0050_0036_0036_0036.jpg 1 50 36 36 36
0464_0024_0053_0027_0027.jpg 1 24 53 27 27
0465_0012_0061_0031_0031.jpg 1 12 61 31 31
0466_0005_0026_0060_0060.jpg 1 5 26 60 60
0467_0015_0012_0027_0027.jpg 1 15 12 27 27
0468_0040_0038_0044_0044.jpg 1 40 38 44 44
0469_0038_0020_0037_0037.jpg 1 38 20 37 37
0470_0013_0005_0046_0046.jpg 1 13 5 46 46
0471_0040_0032_0027_0027.jpg 1 40 32 27 27
0472_0046_0014_0047_0047.jpg 1 46 14 47 47
0473_0013_0008_0047_0047.jpg 1 13 8 47 47
0474_0034_0015_0051_0051.jpg 1 34 15 51 51
0475_0019_0004_0063_0063.jpg 1 19 4 63 63
0476_0036_0059_0031_0031.jpg 1 36 59 31 31
0477_0024_0012_0068_0068.jpg 1 24 12 68 68
0478_0012_0008_0058_0058.jpg 1 12 8 58 58
0479_0059_0026_0033_0033.jpg 1 59 26 33 33
0480_0010_0057_0029_0029.jpg 1 10 57 29 29
0481_0018_0036_0052_0052.jpg 1 18 36 52 52
0482_0046_0008_0025_0025.jpg 1 46 8 25 25
0483_0006_0013_0055_0055.jpg 1 6 13 55 55
0484_0050_0042_0030_0030.jpg 1 50 42 30 30
0485_0058_0007_0034_0034.jpg 1 58 7 34 34
0486_0027_0031_0044_0044.jpg 1 27 31 44 44
0487_0009_0025_0064_0064.jpg 1 9 25 64 64
0488_0022_0026_0044_0044.jpg 1 22 26 44 44
0489_0028_0013_0066_0066.jpg 1 28 13 66 66
0490_0010_0046_0034_0034.jpg 1 10 46 34 34
0491_0036_0027_0050_0050.jpg 1 36 27 50 50
0492_0025_0019_0032_0032.jpg 1 25 19 32 32
0493_0028_0056_0026_0026.jpg 1 28 56 26 26
0494_0011_0021_0043_0043.jpg 1 11 21 43 43
0495_0022_0024_0051_0051.jpg 1 22 24 51 51
0496_0013_0031_0054_0054.jpg 1 13 31 54 54
0497_0020_0035_0046_0046.jpg 1 20 35 46 46
0498_0030_0029_0056_0056.jpg 1 30 29 56 56
0499_0040_0023_0053_0053.jpg 1 40 23 53 53
0500_0017_0034_0059_0059.jpg 1 17 34 59 59
0501_0037_0054_0027_0027.jpg 1 37 54 27 27
0502_0008_0014_0048_0048.jpg 1 8 14 48 48
0503_0023_0012_0054_0054.jpg 1 23 12 54 54
0504_0007_0005_0054_0054.jpg 1 7 5 54 54
0505_0042_0009_0030_0030.jpg 1 42 9 30 30
0506_0034_0012_0059_0059.jpg 1 34 12 59 59
0507_0039_0009_0048_0048.jpg 1 39 9 48 48
0508_0012_0048_0031_0031.jpg 1 12 48 31 31
0509_0045_0020_0040_0040.jpg 1 45 20 40 40
0510_0026_0006_0061_0061.jpg 1 26 6 61 61
0511_0034_0015_0038_0038.jpg 1 34 15 38 38
0512_0023_0057_0033_0033.jpg 1 23 57 33 33
0513_0024_0009_0068_0068.jpg 1 24 9 68 68
0514_0019_0014_0057_0057.jpg 1 19 14 57 57
0515_0004_0010_0058_0058.jpg 1 4 10 58 58
0516_0028_0042_0036_0036.jpg 1 28 42 36 36
0517_0046_0006_0038_0038.jpg 1 46 6 38 38
0518_0033_0015_0056_0056.jpg 1 33 15 56 56
0519_0014_0028_0050_0050.jpg 1 14 28 50 50
0520_0022_0036_0054_0054.jpg 1 22 36 54 54
0521_0052_0054_0038_0038.jpg 1 52 54 38 38
0522_0043_0041_0047_0047.jpg 1 43 41 47 47
0523_0021_0030_0063_0063.jpg 1 21 30 63 63
0524_0058_0010_0026_0026.jpg 1 58 10 26 26
0525_0024_0010_0054_0054.jpg 1 24 10 54 54
0526_0046_0014_0040_0040.jpg 1 46 14 40 40
0527_0042_0015_0037_0037.jpg 1 42 15 37 37
0528_0020_0016_0043_0043.jpg 1 20 16 43 43
0529_0017_0023_0059_0059.jpg 1 17 23 59 59
0530_0015_0013_0056_0056.jpg 1 15 13 56 56
0531_0025_0032_0056_0056.jpg 1 25 32 56 56
0532_0027_0025_0067_0067.jpg 1 27 25 67 67
0533_0031_0004_0061_0061.jpg 1 31 4 61 61
0534_0015_0004_0056_0056.jpg 1 15 4 56 56
0535_0060_0055_0032_0032.jpg 1 60 55 32 32
0536_0022_0036_0054_0054.jpg 1 22 36 54 54
0537_0024_0046_0036_0036.jpg 1 24 46 36 36
0538_0037_0011_0036_0036.jpg 1 37 11 36 36
0539_0022_0007_0067_0067.jpg 1 22 7 67 67
0540_0015_0026_0060_0060.jpg 1 15 26 60 60
0541_0025_0020_0040_0040.jpg 1 25 20 40 40
0542_0048_0050_0042_0042.jpg 1 48 50 42 42
0543_0034_0017_0048_0048.jpg 1 34 17 48 48
0544_0023_0049_0042_0042.jpg 1 23 49 42 42
0545_0043_0019_0045_0045.jpg 1 43 19 45 45
0546_0028_0007_0057_0057.jpg 1 28 7 57 57
0547_0044_0028_0035_0035.jpg 1 44 28 35 35
0548_0042_0053_0026_0026.jpg 1 42 53 26 26
0549_0053_0017_0039_0039.jpg 1 53 17 39 39
0550_0043_0038_0035_0035.jpg 1 43 38 35 35
0551_0016_0015_0064_0064.jpg 1 16 15 64 64
0552_0014_0012_0058_0058.jpg 1 14 12 58 58
0553_0012_0045_0045_0045.jpg 1 12 45 45 45
0554_0009_0008_0060_0060.jpg 1 9 8 60 60
0555_0036_0037_0057_0057.jpg 1 36 37 57 57
0556_0041_0020_0041_0041.jpg 1 41 20 41 41
0557_0025_0027_0063_0063.jpg 1 25 27 63 63
0558_0030_0008_0051_0051.jpg 1 30 8 51 51
0559_0066_0038_0025_0025.jpg 1 66 38 25 25
0560_0021_0013_0062_0062.jpg 1 21 13 62 62
0561_0030_0013_0031_0031.jpg 1 30 13 31 31
0562_0027_0032_0061_0061.jpg 1 27 32 61 61
0563_0017_0028_0044_0044.jpg 1 17 28 44 44
0564_0010_0032_0057_0057.jpg 1 10 32 57 57
0565_0039_0029_0027_0027.jpg 1 39 29 27 27
0566_0030_0032_0056_0056.jpg 1 30 32 56 56
0567_0014_0006_0055_0055.jpg 1 14 6 55 55
0568_0009_0017_0066_0066.jpg 1 9 17 66 66
0569_0009_0048_0030_0030.jpg 1 9 48 30 30
0570_0057_0013_0024_0024.jpg 1 57 13 24 24
0571_0039_0037_0052_0052.jpg 1 39 37 52 52
0572_0037_0027_0058_0058.jpg 1 37 27 58 58
0573_0032_0032_0045_0045.jpg 1 32 32 45 45
0574_0027_0004_0052_0052.jpg 1 27 4 52 52
0575_0020_0033_0042_0042.jpg 1 20 33 42 42
0576_0010_0041_0043_0043.jpg 1 10 41 43 43
0577_0011_0038_0043_0043.jpg 1 11 38 43 43
0578_0020_0032_0058_0058.jpg 1 20 32 58 58
0579_0035_0044_0040_0040.jpg 1 35 44 40 40
0580_0028_0010_0064_0064.jpg 1 28 10 64 64
0581_0014_0015_0045_0045.jpg 1 14 15 45 45
0582_0016_0008_0026_0026.jpg 1 16 8 26 26
0583_0045_0020_0046_0046.jpg 1 45 20 46 46
0584_0030_0022_0063_0063.jpg 1 30 22 63 63
0585_0011_0049_0040_0040.jpg 1 11 49 40 40
0586_0033_0026_0055_0055.jpg 1 33 26 55 55
0587_0018_0013_0063_0063.jpg 1 18 13 63 63
0588_0042_0036_0037_0037.jpg 1 42 36 37 37
0589_0037_0044_0043_0043.jpg 1 37 44 43 43
0590_0041_0037_0042_0042.jpg 1 41 37 42 42
0591_0023_0019_0034_0034.jpg 1 23 19 34 34
0592_0006_0037_0055_0055.jpg 1 6 37 55 55
0593_0022_0032_0032_0032.jpg 1 22 32 32 32
0594_0031_0010_0055_0055.jpg 1 31 10 55 55
0595_0024_0031_0063_0063.jpg 1 24 31 63 63
0596_0013_0022_0051_0051.jpg 1 13 22 51 51
0597_0021_0028_0061_0061.jpg 1 21 28 61 61
0598_0007_0030_0043_0043.jpg 1 7 30 43 43
0599_0013_0052_0028_0028.jpg 1 13 52 28 28
0600_0037_0020_0047_0047.jpg 1 37 20 47 47
0601_0022_0006_0069_0069.jpg 1 22 6 69 69
0602_0021_0029_0055_0055.jpg 1 21 29 55 55
0603_0045_0024_0027_0027.jpg 1 45 24 27 27
0604_0037_0033_0058_0058.jpg 1 37 33 58 58
0605_0006_0017_0062_0062.jpg 1 6 17 62 62
0606_0025_0006_0059_0059.jpg 1 25 6 59 59
0607_0028_0017_0064_0064.jpg 1 28 17 64 64
0608_0039_0007_0056_0056.jpg 1 39 7 56 56
0609_0023_0006_0044_0044.jpg 1 23 6 44 44
0610_0023_0023_0059_0059.jpg 1 23 23 59 59
0611_0038_0033_0052_0052.jpg 1 38 33 52 52
0612_0013_0010_0064_0064.jpg 1 13 10 64 64
0613_0043_0019_0047_0047.jpg 1 43 19 47 47
0614_0011_0033_0056_0056.jpg 1 11 33 56 56
0615_0035_0009_0057_0057.jpg 1 35 9 57 57
0616_0026_0030_0050_0050.jpg 1 26 30 50 50
0617_0023_0007_0068_0068.jpg 1 23 7 68 68
0618_0007_0025_0059_0059.jpg 1 7 25 59 59
0619_0052_0010_0033_0033.jpg 1 52 10 33 33
0620_0030_0011_0058_0058.jpg 1 30 11 58 58
0621_0022_0016_0059_0059.jpg 1 22 16 59 59
0622_0006_0026_0049_0049.jpg 1 6 26 49 49
0623_0021_0029_0029_0029.jpg 1 21 29 29 29
0624_0027_0037_0039_0039.jpg 1 27 37 39 39
0625_0009_0040_0031_0031.jpg 1 9 40 31 31
0626_0024_0041_0040_0040.jpg 1 24 41 40 40
0627_0013_0025_0055_0055.jpg 1 13 25 55 55
0628_0011_0032_0029_0029.jpg 1 11 32 29 29
0629_0028_0036_0059_0059.jpg 1 28 36 59 59
0630_0031_0019_0036_0036.jpg 1 31 19 36 36
0631_0024_0022_0031_0031.jpg 1 24 22 31 31
0632_0013_0012_0059_0059.jpg 1 13 12 59 59
0633_0039_0014_0050_0050.jpg 1 39 14 50 50
0634_0016_0005_0052_0052.jpg 1 16 5 52 52
0635_0017_0030_0061_0061.jpg 1 17 30 61 61
0636_0036_0010_0036_0036.jpg 1 36 10 36 36
0637_0020_0018_0069_0069.jpg 1 20 18 69 69
0638_0016_0038_0057_0057.jpg 1 16 38 57 57
0639_0021_0045_0040_0040.jpg 1 21 45 40 40
0640_0024_0022_0049_0049.jpg 1 24 22 49 49
0641_0030_0012_0065_0065.jpg 1 30 12 65 65
0642_0036_0024_0050_0050.jpg 1 36 24 50 50
0643_0018_0022_0066_0066.jpg 1 18 22 66 66
0644_0037_0032_0033_0033.jpg 1 37 32 33 33
0645_0026_0052_0032_0032.jpg 1 26 52 32 32
0646_0033_0034_0042_0042.jpg 1 33 34 42 42
0647_0012_0043_0045_0045.jpg 1 12 43 45 45
0648_0048_0037_0027_0027.jpg 1 48 37 27 27
0649_0005_0023_0069_0069.jpg 1 5 23 69 69
0650_0026_0011_0062_0062.jpg 1 26 11 62 62
0651_0015_0013_0067_0067.jpg 1 15 13 67 67
0652_0013_0022_0041_0041.jpg 1 13 22 41 41
0653_0025_0034_0043_0043.jpg 1 25 34 43 43
0654_0007_0038_0040_0040.jpg 1 7 38 40 40
0655_0004_0005_0059_0059.jpg 1 4 5 59 59
0656_0038_0013_0044_0044.jpg 1 38 13 44 44
0657_0046_0038_0028_0028.jpg 1 46 38 28 28
0658_0031_0023_0028_0028.jpg 1 31 23 28 28
0659_0038_0005_0055_0055.jpg 1 38 5 55 55
0660_0026_0009_0035_0035.jpg 1 26 9 35 35
0661_0028_0008_0050_0050.jpg 1 28 8 50 50
0662_0030_0009_0040_0040.jpg 1 30 9 40 40
0663_0019_0046_0037_0037.jpg 1 19 46 37 37
0664_0007_0021_0065_0065.jpg 1 7 21 65 65
0665_0021_0046_0039_0039.jpg 1 21 46 39 39
0666_0013_0059_0032_0032.jpg 1 13 59 32 32
0667_0032_0023_0038_0038.jpg 1 32 23 38 38
0668_0017_0018_0057_0057.jpg 1 17 18 57 57
0669_0040_0023_0051_0051.jpg 1 40 23 51 51
0670_0013_0044_0042_0042.jpg 1 13 44 42 42
0671_0024_0024_0058_0058.jpg 1 24 24 58 58
0672_0018_0017_0043_0043.jpg 1 18 17 43 43
0673_0007_0006_0064_0064.jpg 1 7 6 64 64
0674_0017_0047_0047_0047.jpg 1 17 47 47 47
0675_0024_0006_0043_0043.jpg 1 24 6 43 43
0676_0013_0025_0051_0051.jpg 1 13 25 51 51
0677_0018_0044_0037_0037.jpg 1 18 44 37 37
0678_0031_0022_0030_0030.jpg 1 31 22 30 30
0679_0030_0033_0050_0050.jpg 1 30 33 50 50
0680_0012_0014_0040_0040.jpg 1 12 14 40 40
0681_0036_0028_0044_0044.jpg 1 36 28 44 44
0682_0033_0015_0028_0028.jpg 1 33 15 28 28
0683_0023_0011_0045_0045.jpg 1 23 11 45 45
0684_0055_0031_0034_0034.jpg 1 55 31 34 34
0685_0034_0035_0058_0058.jpg 1 34 35 58 58
0686_0009_0006_0042_0042.jpg 1 9 6 42 42
0687_0007_0016_0036_0036.jpg 1 7 16 36 36
0688_0044_0010_0040_0040.jpg 1 44 10 40 40
0689_0024_0062_0030_0030.jpg 1 24 62 30 30
0690_0010_0042_0042_0042.jpg 1 10 42 42 42
0691_0050_0014_0024_0024.jpg 1 50 14 24 24
0692_0039_0020_0030_0030.jpg 1 39 20 30 30
0693_0030_0017_0057_0057.jpg 1 30 17 57 57
0694_0044_0039_0025_0025.jpg 1 44 39 25 25
0695_0030_0011_0058_0058.jpg 1 30 11 58 58
0696_0042_0026_0050_0050.jpg 1 42 26 50 50
0697_0031_0027_0065_0065.jpg 1 31 27 65 65
0698_0026_0007_0052_0052.jpg 1 26 7 52 52
0699_0030_0010_0060_0060.jpg 1 30 10 60 60
0700_0019_0004_0066_0066.jpg 1 19 4 66 66
0701_0008_0042_0050_0050.jpg 1 8 42 50 50
0702_0019_0010_0029_0029.jpg 1 19 10 29 29
0703_0024_0048_0044_0044.jpg 1 24 48 44 44
0704_0026_0008_0046_0046.jpg 1 26 8 46 46
0705_0039_0038_0048_0048.jpg 1 39 38 48 48
0706_0020_0043_0045_0045.jpg 1 20 43 45 45
0707_0036_0028_0059_0059.jpg 1 36 28 59 59
0708_0036_0040_0031_0031.jpg 1 36 40 31 31
0709_0039_0058_0030_0030.jpg 1 39 58 30 30
0710_0046_0045_0043_0043.jpg 1 46 45 43 43
0711_0017_0051_0027_0027.jpg 1 17 51 27 27
0712_0010_0018_0064_0064.jpg 1 10 18 64 64
0713_0028_0035_0041_0041.jpg 1 28 35 41 41
0714_0013_0016_0068_0068.jpg 1 13 16 68 68
0715_0031_0040_0027_0027.jpg 1 31 40 27 27
0716_0021_0035_0055_0055.jpg 1 21 35 55 55
0717_0046_0026_0044_0044.jpg 1 46 26 44 44
0718_0022_0025_0061_0061.jpg 1 22 25 61 61
0719_0011_0025_0052_0052.jpg 1 11 25 52 52
0720_0006_0012_0060_0060.jpg 1 6 12 60 60
0721_0032_0012_0058_0058.jpg 1 32 12 58 58
0722_0028_0021_0068_0068.jpg 1 28 21 68 68
0723_0006_0011_0059_0059.jpg 1 6 11 59 59
0724_0029_0033_0057_0057.jpg 1 29 33 57 57
0725_0040_0022_0043_0043.jpg 1 40 22 43 43
0726_0005_0005_0065_0065.jpg 1 5 5 65 65
0727_0035_0045_0045_0045.jpg 1 35 45 45 45
0728_0029_0032_0033_0033.jpg 1 29 32 33 33
0729_0025_0018_0056_0056.jpg 1 25 18 56 56
0730_0033_0015_0044_0044.jpg 1 33 15 44 44
0731_0005_0025_0060_0060.jpg 1 5 25 60 60
0732_0060_0053_0032_0032.jpg 1 60 53 32 32
0733_0018_0007_0037_0037.jpg 1 18 7 37 37
0734_0019_0024_0068_0068.jpg 1 19 24 68 68
0735_0045_0014_0033_0033.jpg 1 45 14 33 33
0736_0046_0007_0031_0031.jpg 1 46 7 31 31
0737_0040_0029_0042_0042.jpg 1 40 29 42 42
0738_0046_0007_0035_0035.jpg 1 46 7 35 35
0739_0009_0031_0062_0062.jpg 1 9 31 62 62
0740_0015_0020_0041_0041.jpg 1 15 20 41 41
0741_0018_0021_0048_0048.jpg 1 18 21 48 48
0742_0056_0007_0034_0034.jpg 1 56 7 34 34
0743_0013_0010_0057_0057.jpg 1 13 10 57 57
0744_0035_0021_0049_0049.jpg 1 35 21 49 49
0745_0015_0007_0052_0052.jpg 1 15 7 52 52
0746_0033_0010_0045_0045.jpg 1 33 10 45 45
0747_0035_0017_0046_0046.jpg 1 35 17 46 46
0748_0047_0061_0024_0024.jpg 1 47 61 24 24
0749_0021_0011_0061_0061.jpg 1 21 11 61 61
0750_0008_0054_0031_0031.jpg 1 8 54 31 31
0751_0024_0017_0040_0040.jpg 1 24 17 40 40
0752_0007_0009_0038_0038.jpg 1 7 9 38 38
0753_0011_0023_0046_0046.jpg 1 11 23 46 46
0754_0013_0007_0049_0049.jpg 1 13 7 49 49
0755_0053_0023_0034_0034.jpg 1 53 23 34 34
0756_0027_0017_0060_0060.jpg 1 27 17 60 60
0757_0008_0027_0038_0038.jpg 1 8 27 38 38
0758_0015_0010_0062_0062.jpg 1 15 10 62 62
0759_0039_0044_0046_0046.jpg 1 39 44 46 46
0760_0006_0017_0069_0069.jpg 1 6 17 69 69
0761_0030_0019_0050_0050.jpg 1 30 19 50 50
0762_0018_0016_0069_0069.jpg 1 18 16 69 69
0763_0045_0067_0024_0024.jpg 1 45 67 24 24
0764_0012_0024_0060_0060.jpg 1 12 24 60 60
0765_0015_0015_0055_0055.jpg 1 15 15 55 55
0766_0040_0057_0034_0034.jpg 1 40 57 34 34
0767_0029_0005_0052_0052.jpg 1 29 5 52 52
0768_0018_0031_0038_0038.jpg 1 18 31 38 38
0769_0038_0034_0032_0032.jpg 1 38 34 32 32
0770_0017_0034_0045_0045.jpg 1 17 34 45 45
0771_0007_0021_0041_0041.jpg 1 7 21 41 41
0772_0003_0021_0062_0062.jpg 1 3 21 62 62
0773_0014_0025_0065_0065.jpg 1 14 25 65 65
0774_0016_0016_0037_0037.jpg 1 16 16 37 37
0775_0007_0033_0059_0059.jpg 1 7 33 59 59
0776_0007_0020_0059_0059.jpg 1 7 20 59 59
0777_0010_0014_0046_0046.jpg 1 10 14 46 46
0778_0009_0036_0038_0038.jpg 1 9 36 38 38
0779_0046_0008_0026_0026.jpg 1 46 8 26 26
0780_0050_0052_0039_0039.jpg 1 50 52 39 39
0781_0010_0043_0046_0046.jpg 1 10 43 46 46
0782_0008_0044_0029_0029.jpg 1 8 44 29 29
0783_0024_0013_0042_0042.jpg 1 24 13 42 42
0784_0034_0035_0031_0031.jpg 1 34 35 31 31
0785_0035_0039_0052_0052.jpg 1 35 39 52 52
0786_0010_0033_0030_0030.jpg 1 10 33 30 30
0787_0030_0012_0028_0028.jpg 1 30 12 28 28
0788_0024_0014_0064_0064.jpg 1 24 14 64 64
0789_0058_0042_0025_0025.jpg 1 58 42 25 25
0790_0011_0023_0029_0029.jpg 1 11 23 29 29
0791_0019_0023_0033_0033.jpg 1 19 23 33 33
0792_0035_0022_0050_0050.jpg 1 35 22 50 50
0793_0010_0012_0069_0069.jpg 1 10 12 69 69
0794_0009_0016_0057_0057.jpg 1 9 16 57 57
0795_0026_0031_0049_0049.jpg 1 26 31 49 49
0796_0007_0012_0057_0057.jpg 1 7 12 57 57
0797_0029_0037_0048_0048.jpg 1 29 37 48 48
0798_0013_0035_0043_0043.jpg 1 13 35 43 43
0799_0023_0012_0057_0057.jpg 1 23 12 57 57
0800_0013_0033_0034_0034.jpg 1 13 33 34 34
0801_0028_0015_0067_0067.jpg 1 28 15 67 67
0802_0027_0037_0058_0058.jpg 1 27 37 58 58
0803_0018_0024_0046_0046.jpg 1 18 24 46 46
0804_0025_0038_0039_0039.jpg 1 25 38 39 39
0805_0024_0038_0039_0039.jpg 1 24 38 39 39
0806_0057_0040_0024_0024.jpg 1 57 40 24 24
0807_0051_0033_0033_0033.jpg 1 51 33 33 33
0808_0021_0029_0050_0050.jpg 1 21 29 50 50
0809_0008_0008_0024_0024.jpg 1 8 8 24 24
0810_0038_0012_0040_0040.jpg 1 38 12 40 40
0811_0017_0006_0060_0060.jpg 1 17 6 60 60
0812_0059_0022_0031_0031.jpg 1 59 22 31 31
0813_0059_0019_0032_0032.jpg 1 59 19 32 32
0814_0059_0052_0025_0025.jpg 1 59 52 25 25
0815_0012_0009_0032_0032.jpg 1 12 9 32 32
0816_0025_0025_0052_0052.jpg 1 25 25 52 52
0817_0047_0045_0043_0043.jpg 1 47 45 43 43
0818_0028_0032_0050_0050.jpg 1 28 32 50 50
0819_0035_0018_0059_0059.jpg 1 35 18 59 59
0820_0019_0012_0038_0038.jpg 1 19 12 38 38
0821_0034_0007_0035_0035.jpg 1 34 7 35 35
0822_0010_0046_0042_0042.jpg 1 10 46 42 42
0823_0058_0043_0034_0034.jpg 1 58 43 34 34
0824_0015_0020_0032_0032.jpg 1 15 20 32 32
0825_0006_0009_0054_0054.jpg 1 6 9 54 54
0826_0040_0035_0027_0027.jpg 1 40 35 27 27
0827_0048_0019_0038_0038.jpg 1 48 19 38 38
0828_0050_0049_0032_0032.jpg 1 50 49 32 32
0829_0036_0029_0044_0044.jpg 1 36 29 44 44
0830_0028_0010_0047_0047.jpg 1 28 10 47 47
0831_0018_0028_0046_0046.jpg 1 18 28 46 46
0832_0020_0011_0061_0061.jpg 1 20 11 61 61
0833_0030_0029_0053_0053.jpg 1 30 29 53 53
0834_0021_0025_0049_0049.jpg 1 21 25 49 49
0835_0005_0022_0045_0045.jpg 1 5 22 45 45
0836_0038_0043_0044_0044.jpg 1 38 43 44 44
0837_0019_0006_0041_0041.jpg 1 19 6 41 41
0838_0017_0015_0042_0042.jpg 1 17 15 42 42
0839_0030_0044_0034_0034.jpg 1 30 44 34 34
0840_0031_0006_0049_0049.jpg 1 31 6 49 49
0841_0018_0035_0053_0053.jpg 1 18 35 53 53
0842_0012_0023_0061_0061.jpg 1 12 23 61 61
0843_0032_0063_0026_0026.jpg 1 32 63 26 26
0844_0020_0009_0048_0048.jpg 1 20 9 48 48
0845_0031_0025_0059_0059.jpg 1 31 25 59 59
0846_0014_0040_0049_0049.jpg 1 14 40 49 49
0847_0024_0026_0065_0065.jpg 1 24 26 65 65
0848_0023_0005_0069_0069.jpg 1 23 5 69 69
0849_0013_0018_0024_0024.jpg 1 13 18 24 24
0850_0034_0026_0055_0055.jpg 1 34 26 55 55
0851_0027_0033_0034_0034.jpg 1 27 33 34 34
0852_0053_0023_0026_0026.jpg 1 53 23 26 26
0853_0033_0036_0036_0036.jpg 1 33 36 36 36
0854_0044_0012_0041_0041.jpg 1 44 12 41 41
0855_0007_0032_0042_0042.jpg 1 7 32 42 42
0856_0013_0048_0042_0042.jpg 1 13 48 42 42
0857_0015_0051_0041_0041.jpg 1 15 51 41 41
0858_0021_0054_0034_0034.jpg 1 21 54 34 34
0859_0013_0025_0050_0050.jpg 1 13 25 50 50
0860_0016_0003_0067_0067.jpg 1 16 3 67 67
0861_0005_0027_0059_0059.jpg 1 5 27 59 59
0862_0027_0018_0065_0065.jpg 1 27 18 65 65
0863_0040_0015_0055_0055.jpg 1 40 15 55 55
0864_0062_0016_0024_0024.jpg 1 62 16 24 24
0865_0015_0037_0048_0048.jpg 1 15 37 48 48
0866_0012_0027_0052_0052.jpg 1 12 27 52 52
0867_0026_0021_0064_0064.jpg 1 26 21 64 64
0868_0012_0036_0042_0042.jpg 1 12 36 42 42
0869_0012_0040_0030_0030.jpg 1 12 40 30 30
0870_0023_0022_0068_0068.jpg 1 23 22 68 68
0871_0018_0029_0063_0063.jpg 1 18 29 63 63
0872_0022_0015_0068_0068.jpg 1 22 15 68 68
0873_0030_0024_0061_0061.jpg 1 30 24 61 61
0874_0027_0014_0069_0069.jpg 1 27 14 69 69
0875_0007_0019_0063_0063.jpg 1 7 19 63 63
0876_0040_0011_0051_0051.jpg 1 40 11 51 51
0877_0021_0041_0033_0033.jpg 1 21 41 33 33
0878_0046_0047_0045_0045.jpg 1 46 47 45 45
0879_0034_0027_0047_0047.jpg 1 34 27 47 47
0880_0037_0046_0030_0030.jpg 1 37 46 30 30
0881_0023_0043_0032_0032.jpg 1 23 43 32 32
0882_0049_0052_0042_0042.jpg 1 49 52 42 42
0883_0010_0020_0024_0024.jpg 1 10 20 24 24
0884_0063_0053_0026_0026.jpg 1 63 53 26 26
0885_0014_0006_0063_0063.jpg 1 14 6 63 63
0886_0028_0031_0061_0061.jpg 1 28 31 61 61
0887_0018_0021_0061_0061.jpg 1 18 21 61 61
0888_0014_0023_0038_0038.jpg 1 14 23 38 38
0889_0020_0020_0046_0046.jpg 1 20 20 46 46
0890_0016_0036_0054_0054.jpg 1 16 36 54 54
0891_0028_0025_0039_0039.jpg 1 28 25 39 39
0892_0006_0032_0045_0045.jpg 1 6 32 45 45
0893_0022_0030_0066_0066.jpg 1 22 30 66 66
0894_0020_0012_0064_0064.jpg 1 20 12 64 64
0895_0005_0013_0060_0060.jpg 1 5 13 60 60
0896_0013_0026_0042_0042.jpg 1 13 26 42 42
0897_0003_0006_0069_0069.jpg 1 3 6 69 69
0898_0052_0044_0029_0029.jpg 1 52 44 29 29
0899_0041_0009_0051_0051.jpg 1 41 9 51 51
0900_0009_0010_0041_0041.jpg 1 9 10 41 41
0901_0022_0037_0048_0048.jpg 1 22 37 48 48
0902_0030_0037_0039_0039.jpg 1 30 37 39 39
0903_0049_0047_0041_0041.jpg 1 49 47 41 41
0904_0029_0018_0045_0045.jpg 1 29 18 45 45
0905_0006_0023_0061_0061.jpg 1 6 23 61 61
0906_0020_0017_0053_0053.jpg 1 20 17 53 53
0907_0025_0063_0029_0029.jpg 1 25 63 29 29
0908_0026_0017_0052_0052.jpg 1 26 17 52 52
0909_0038_0032_0034_0034.jpg 1 38 32 34 34
0910_0010_0028_0043_0043.jpg 1 10 28 43 43
0911_0054_0057_0024_0024.jpg 1 54 57 24 24
0912_0028_0024_0063_0063.jpg 1 28 24 63 63
0913_0028_0033_0043_0043.jpg 1 28 33 43 43
0914_0006_0017_0066_0066.jpg 1 6 17 66 66
0915_0043_0011_0027_0027.jpg 1 43 11 27 27
0916_0055_0015_0024_0024.jpg 1 55 15 24 24
0917_0023_0030_0048_0048.jpg 1 23 30 48 48
0918_0047_0009_0029_0029.jpg 1 47 9 29 29
0919_0005_0007_0069_0069.jpg 1 5 7 69 69
0920_0021_0033_0044_0044.jpg 1 21 33 44 44
0921_0058_0041_0030_0030.jpg 1 58 41 30 30
0922_0018_0008_0032_0032.jpg 1 18 8 32 32
0923_0052_0032_0032_0032.jpg 1 52 32 32 32
0924_0037_0013_0043_0043.jpg 1 37 13 43 43
0925_0037_0039_0052_0052.jpg 1 37 39 52 52
0926_0029_0007_0059_0059.jpg 1 29 7 59 59
0927_0017_0010_0028_0028.jpg 1 17 10 28 28
0928_0031_0004_0065_0065.jpg 1 31 4 65 65
0929_0046_0023_0047_0047.jpg 1 46 23 47 47
0930_0022_0041_0048_0048.jpg 1 22 41 48 48
0931_0012_0014_0048_0048.jpg 1 12 14 48 48
0932_0012_0018_0042_0042.jpg 1 12 18 42 42
0933_0054_0034_0035_0035.jpg 1 54 34 35 35
0934_0035_0014_0048_0048.jpg 1 35 14 48 48
0935_0018_0014_0037_0037.jpg 1 18 14 37 37
0936_0028_0028_0063_0063.jpg 1 28 28 63 63
0937_0032_0019_0049_0049.jpg 1 32 19 49 49
0938_0025_0017_0066_0066.jpg 1 25 17 66 66
0939_0018_0035_0049_0049.jpg 1 18 35 49 49
0940_0010_0024_0053_0053.jpg 1 10 24 53 53
0941_0029_0033_0041_0041.jpg 1 29 33 41 41
0942_0021_0020_0067_0067.jpg 1 21 20 67 67
0943_0011_0023_0059_0059.jpg 1 11 23 59 59
0944_0017_0023_0040_0040.jpg 1 17 23 40 40
0945_0033_0023_0031_0031.jpg 1 33 23 31 31
0946_0012_0043_0047_0047.jpg 1 12 43 47 47
0947_0010_0010_0069_0069.jpg 1 10 10 69 69
0948_0028_0052_0033_0033.jpg 1 28 52 33 33
0949_0054_0044_0027_0027.jpg 1 54 44 27 27
0950_0019_0007_0029_0029.jpg 1 19 7 29 29
0951_0014_0047_0035_0035.jpg 1 14 47 35 35
0952_0018_0009_0056_0056.jpg 1 18 9 56 56
0953_0014_0032_0042_0042.jpg 1 14 32 42 42
0954_0039_0010_0053_0053.jpg 1 39 10 53 53
0955_0049_0023_0028_0028.jpg 1 49 23 28 28
0956_0055_0052_0038_0038.jpg 1 55 52 38 38
0957_0011_0032_0024_0024.jpg 1 11 32 24 24
0958_0027_0011_0055_0055.jpg 1 27 11 55 55
0959_0052_0009_0027_0027.jpg 1 52 9 27 27
0960_0008_0006_0046_0046.jpg 1 8 6 46 46
0961_0027_0010_0039_0039.jpg 1 27 10 39 39
0962_0037_0023_0057_0057.jpg 1 37 23 57 57
0963_0033_0041_0051_0051.jpg 1 33 41 51 51
0964_0039_0050_0032_0032.jpg 1 39 50 32 32
0965_0037_0018_0052_0052.jpg 1 37 18 52 52
0966_0026_0025_0054_0054.jpg 1 26 25 54 54
0967_0011_0027_0059_0059.jpg 1 11 27 59 59
0968_0038_0044_0033_0033.jpg 1 38 44 33 33
0969_0039_0048_0029_0029.jpg 1 39 48 29 29
0970_0009_0026_0058_0058.jpg 1 9 26 58 58
0971_0052_0008_0027_0027.jpg 1 52 8 27 27
0972_0013_0014_0048_0048.jpg 1 13 14 48 48
0973_0025_0008_0062_0062.jpg 1 25 8 62 62
0974_0030_0031_0054_0054.jpg 1 30 31 54 54
0975_0058_0016_0030_0030.jpg 1 58 16 30 30
0976_0035_0049_0040_0040.jpg 1 35 49 40 40
0977_0066_0057_0025_0025.jpg 1 66 57 25 25
0978_0009_0008_0040_0040.jpg 1 9 8 40 40
0979_0026_0028_0064_0064.jpg 1 26 28 64 64
0980_0025_0007_0067_0067.jpg 1 25 7 67 67
0981_0010_0029_0053_0053.jpg 1 10 29 53 53
0982_0018_0016_0033_0033.jpg 1 18 16 33 33
0983_0035_0057_0030_0030.jpg 1 35 57 30 30
0984_0016_0028_0057_0057.jpg 1 16 28 57 57
0985_0014_0052_0040_0040.jpg 1 14 52 40 40
0986_0008_0014_0055_0055.jpg 1 8 14 55 55
0987_0046_0046_0046_0046.jpg 1 46 46 46 46
0988_0016_0028_0027_0027.jpg 1 16 28 27 27
0989_0036_0015_0057_0057.jpg 1 36 15 57 57
0990_0036_0035_0047_0047.jpg 1 36 35 47 47
0991_0027_0009_0051_0051.jpg 1 27 9 51 51
0992_0028_0013_0062_0062.jpg 1 28 13 62 62
0993_0027_0016_0060_0060.jpg 1 27 16 60 60
0994_0049_0015_0031_0031.jpg 1 49 15 31 31
0995_0040_0028_0043_0043.jpg 1 40 28 43 43
0996_0032_0034_0060_0060.jpg 1 32 34 60 60
0997_0037_0041_0031_0031.jpg 1 37 41 31 31
0998_0008_0026_0038_0038.jpg 1 8 26 38 38
0999_0033_0042_0052_0052.jpg 1 33 42 52 52
1000_0059_0031_0025_0025.jpg 1 59 31 25 25
1001_0033_0040_0041_0041.jpg 1 33 40 41 41
1002_0036_0045_0047_0047.jpg 1 36 45 47 47
1003_0035_0023_0053_0053.jpg 1 35 23 53 53
1004_0013_0029_0028_0028.jpg 1 13 29 28 28
1005_0021_0009_0058_0058.jpg 1 21 9 58 58
1006_0008_0054_0031_0031.jpg 1 8 54 31 31
1007_0031_0033_0063_0063.jpg 1 31 33 63 63
1008_0044_0045_0034_0034.jpg 1 44 45 34 34
1009_0037_0005_0041_0041.jpg 1 37 5 41 41
1010_0019_0012_0051_0051.jpg 1 19 12 51 51
1011_0044_0054_0028_0028.jpg 1 44 54 28 28
1012_0009_0005_0069_0069.jpg 1 9 5 69 69
1013_0044_0032_0033_0033.jpg 1 44 32 33 33
1014_0049_0048_0042_0042.jpg 1 49 48 42 42
1015_0039_0061_0028_0028.jpg 1 39 61 28 28
1016_0030_0022_0060_0060.jpg 1 30 22 60 60
1017_0024_0010_0059_0059.jpg 1 24 10 59 59
1018_0008_0022_0067_0067.jpg 1 8 22 67 67
1019_0022_0014_0032_0032.jpg 1 22 14 32 32
1020_0027_0043_0038_0038.jpg 1 27 43 38 38
1021_0058_0018_0033_0033.jpg 1 58 18 33 33
1022_0024_0007_0056_0056.jpg 1 24 7 56 56
1023_0028_0007_0068_0068.jpg 1 28 7 68 68
1024_0011_0017_0051_0051.jpg 1 11 17 51 51
1025_0011_0027_0042_0042.jpg 1 11 27 42 42
1026_0011_0047_0045_0045.jpg 1 11 47 45 45
1027_0031_0020_0040_0040.jpg 1 31 20 40 40
1028_0010_0014_0068_0068.jpg 1 10 14 68 68
1029_0025_0028_0068_0068.jpg 1 25 28 68 68
1030_0023_0005_0050_0050.jpg 1 23 5 50 50
1031_0052_0009_0041_0041.jpg 1 52 9 41 41
1032_0014_0046_0044_0044.jpg 1 14 46 44 44
1033_0025_0046_0026_0026.jpg 1 25 46 26 26
1034_0044_0013_0041_0041.jpg 1 44 13 41 41
1035_0029_0013_0042_0042.jpg 1 29 13 42 42
1036_0020_0034_0059_0059.jpg 1 20 34 59 59
1037_0022_0032_0060_0060.jpg 1 22 32 60 60
1038_0019_0039_0050_0050.jpg 1 19 39 50 50
1039_0012_0062_0025_0025.jpg 1 12 62 25 25
1040_0051_0031_0034_0034.jpg 1 51 31 34 34
1041_0027_0011_0043_0043.jpg 1 27 11 43 43
1042_0013_0048_0044_0044.jpg 1 13 48 44 44
1043_0015_0031_0032_0032.jpg 1 15 31 32 32
1044_0005_0043_0046_0046.jpg 1 5 43 46 46
1045_0043_0021_0046_0046.jpg 1 43 21 46 46
1046_0022_0049_0039_0039.jpg 1 22 49 39 39
1047_0051_0025_0032_0032.jpg 1 51 25 32 32
1048_0049_0008_0028_0028.jpg 1 49 8 28 28
1049_0016_0033_0042_0042.jpg 1 16 33 42 42
1050_0037_0013_0056_0056.jpg 1 37 13 56 56
1051_0013_0007_0034_0034.jpg 1 13 7 34 34
1052_0022_0040_0051_0051.jpg 1 22 40 51 51
1053_0034_0024_0053_0053.jpg 1 34 24 53 53
1054_0010_0026_0069_0069.jpg 1 10 26 69 69
1055_0027_0007_0065_0065.jpg 1 27 7 65 65
1056_0016_0051_0038_0038.jpg 1 16 51 38 38
1057_0028_0024_0042_0042.jpg 1 28 24 42 42
1058_0049_0047_0044_0044.jpg 1 49 47 44 44
1059_0009_0016_0064_0064.jpg 1 9 16 64 64
1060_0017_0008_0067_0067.jpg 1 17 8 67 67
1061_0037_0017_0057_0057.jpg 1 37 17 57 57
1062_0013_0038_0032_0032.jpg 1 13 38 32 32
1063_0008_0011_0063_0063.jpg 1 8 11 63 63
1064_0020_0008_0056_0056.jpg 1 20 8 56 56
1065_0048_0037_0034_0034.jpg 1 48 37 34 34
1066_0014_0013_0058_0058.jpg 1 14 13 58 58
1067_0029_0008_0061_0061.jpg 1 29 8 61 61
1068_0021_0030_0063_0063.jpg 1 21 30 63 63
1069_0024_0024_0053_0053.jpg 1 24 24 53 53
1070_0033_0017_0062_0062.jpg 1 33 17 62 62
1071_0021_0046_0034_0034.jpg 1 21 46 34 34
1072_0028_0024_0057_0057.jpg 1 28 24 57 57
1073_0007_0030_0034_0034.jpg 1 7 30 34 34
1074_0011_0020_0034_0034.jpg 1 11 20 34 34
1075_0027_0023_0029_0029.jpg 1 27 23 29 29
1076_0026_0021_0054_0054.jpg 1 26 21 54 54
1077_0021_0023_0064_0064.jpg 1 21 23 64 64
1078_0041_0027_0052_0052.jpg 1 41 27 52 52
1079_0058_0038_0033_0033.jpg 1 58 38 33 33
1080_0018_0012_0049_0049.jpg 1 18 12 49 49
1081_0019_0021_0061_0061.jpg 1 19 21 61 61
1082_0014_0020_0060_0060.jpg 1 14 20 60 60
1083_0023_0010_0032_0032.jpg 1 23 10 32 32
1084_0011_0031_0028_0028.jpg 1 11 31 28 28
1085_0032_0025_0063_0063.jpg 1 32 25 63 63
1086_0020_0052_0033_0033.jpg 1 20 52 33 33
1087_0008_0062_0027_0027.jpg 1 8 62 27 27
1088_0024_0009_0066_0066.jpg 1 24 9 66 66
1089_0041_0011_0050_0050.jpg 1 41 11 50 50
1090_0029_0033_0046_0046.jpg 1 29 33 46 46
1091_0013_0047_0041_0041.jpg 1 13 47 41 41
1092_0021_0019_0055_0055.jpg 1 21 19 55 55
1093_0024_0011_0038_0038.jpg 1 24 11 38 38
1094_0036_0036_0037_0037.jpg 1 36 36 37 37
1095_0048_0028_0034_0034.jpg 1 48 28 34 34
1096_0015_0014_0036_0036.jpg 1 15 14 36 36
1097_0033_0018_0060_0060.jpg 1 33 18 60 60
1098_0027_0020_0050_0050.jpg 1 27 20 50 50
1099_0016_0053_0027_0027.jpg 1 16 53 27 27
1100_0046_0026_0041_0041.jpg 1 46 26 41 41
1101_0058_0037_0030_0030.jpg 1 58 37 30 30
1102_0026_0037_0049_0049.jpg 1 26 37 49 49
1103_0025_0033_0029_0029.jpg 1 25 33 29 29
1104_0064_0042_0024_0024.jpg 1 64 42 24 24
1105_0034_0039_0046_0046.jpg 1 34 39 46 46
1106_0004_0028_0062_0062.jpg 1 4 28 62 62
1107_0009_0039_0044_0044.jpg 1 9 39 44 44
1108_0030_0042_0024_0024.jpg 1 30 42 24 24
1109_0023_0018_0038_0038.jpg 1 23 18 38 38
1110_0014_0029_0046_0046.jpg 1 14 29 46 46
1111_0020_0042_0042_0042.jpg 1 20 42 42 42
1112_0028_0016_0051_0051.jpg 1 28 16 51 51
1113_0029_0048_0025_0025.jpg 1 29 48 25 25
1114_0016_0020_0065_0065.jpg 1 16 20 65 65
1115_0061_0036_0026_0026.jpg 1 61 36 26 26
1116_0045_0010_0045_0045.jpg 1 45 10 45 45
1117_0008_0029_0064_0064.jpg 1 8 29 64 64
1118_0009_0018_0032_0032.jpg 1 9 18 32 32
1119_0011_0033_0058_0058.jpg 1 11 33 58 58
1120_0035_0015_0060_0060.jpg 1 35 15 60 60
1121_0022_0026_0068_0068.jpg 1 22 26 68 68
1122_0006_0013_0066_0066.jpg 1 6 13 66 66
1123_0023_0036_0057_0057.jpg 1 23 36 57 57
1124_0034_0044_0045_0045.jpg 1 34 44 45 45
1125_0006_0020_0060_0060.jpg 1 6 20 60 60
1126_0016_0023_0030_0030.jpg 1 16 23 30 30
1127_0023_0050_0036_0036.jpg 1 23 50 36 36
1128_0013_0011_0032_0032.jpg 1 13 11 32 32
1129_0030_0061_0027_0027.jpg 1 30 61 27 27
1130_0005_0014_0064_0064.jpg 1 5 14 64 64
1131_0019_0021_0038_0038.jpg 1 19 21 38 38
1132_0052_0067_0024_0024.jpg 1 52 67 24 24
1133_0013_0009_0062_0062.jpg 1 13 9 62 62
1134_0033_0041_0054_0054.jpg 1 33 41 54 54
1135_0030_0012_0040_0040.jpg 1 30 12 40 40
1136_0027_0022_0067_0067.jpg 1 27 22 67 67
1137_0012_0006_0069_0069.jpg 1 12 6 69 69
1138_0036_0010_0056_0056.jpg 1 36 10 56 56
1139_0035_0031_0056_0056.jpg 1 35 31 56 56
1140_0039_0048_0026_0026.jpg 1 39 48 26 26
1141_0043_0006_0043_0043.jpg 1 43 6 43 43
1142_0017_0017_0056_0056.jpg 1 17 17 56 56
1143_0026_0015_0069_0069.jpg 1 26 15 69 69
1144_0004_0029_0060_0060.jpg 1 4 29 60 60
1145_0026_0012_0056_0056.jpg 1 26 12 56 56
1146_0016_0043_0041_0041.jpg 1 16 43 41 41
1147_0031_0036_0058_0058.jpg 1 31 36 58 58
1148_0053_0054_0033_0033.jpg 1 53 54 33 33
1149_0016_0020_0046_0046.jpg 1 16 20 46 46
1150_0029_0024_0045_0045.jpg 1 29 24 45 45
1151_0048_0039_0040_0040.jpg 1 48 39 40 40
1152_0017_0021_0059_0059.jpg 1 17 21 59 59
1153_0018_0005_0065_0065.jpg 1 18 5 65 65
1154_0023_0023_0046_0046.jpg 1 23 23 46 46
1155_0009_0025_0046_0046.jpg 1 9 25 46 46
1156_0064_0052_0025_0025.jpg 1 64 52 25 25
1157_0013_0018_0060_0060.jpg 1 13 18 60 60
1158_0005_0007_0065_0065.jpg 1 5 7 65 65
1159_0031_0008_0050_0050.jpg 1 31 8 50 50
1160_0054_0022_0039_0039.jpg 1 54 22 39 39
1161_0025_0030_0049_0049.jpg 1 25 30 49 49
1162_0016_0016_0067_0067.jpg 1 16 16 67 67
1163_0012_0041_0045_0045.jpg 1 12 41 45 45
1164_0056_0013_0029_0029.jpg 1 56 13 29 29
1165_0016_0010_0067_0067.jpg 1 16 10 67 67
1166_0033_0017_0053_0053.jpg 1 33 17 53 53
1167_0025_0010_0026_0026.jpg 1 25 10 26 26
1168_0043_0034_0044_0044.jpg 1 43 34 44 44
1169_0018_0028_0064_0064.jpg 1 18 28 64 64
1170_0036_0036_0028_0028.jpg 1 36 36 28 28
1171_0018_0035_0059_0059.jpg 1 18 35 59 59
1172_0056_0032_0034_0034.jpg 1 56 32 34 34
1173_0015_0041_0048_0048.jpg 1 15 41 48 48
1174_0008_0041_0025_0025.jpg 1 8 41 25 25
1175_0022_0028_0048_0048.jpg 1 22 28 48 48
1176_0027_0009_0061_0061.jpg 1 27 9 61 61
1177_0028_0031_0060_0060.jpg 1 28 31 60 60
1178_0040_0025_0051_0051.jpg 1 40 25 51 51
1179_0017_0015_0060_0060.jpg 1 17 15 60 60
1180_0036_0023_0029_0029.jpg 1 36 23 29 29
1181_0023_0017_0066_0066.jpg 1 23 17 66 66
1182_0016_0024_0069_0069.jpg 1 16 24 69 69
1183_0022_0032_0029_0029.jpg 1 22 32 29 29
1184_0022_0020_0066_0066.jpg 1 22 20 66 66
1185_0008_0046_0048_0048.jpg 1 8 46 48 48
1186_0034_0010_0033_0033.jpg 1 34 10 33 33
1187_0046_0029_0032_0032.jpg 1 46 29 32 32
1188_0022_0009_0060_0060.jpg 1 22 9 60 60
1189_0030_0014_0054_0054.jpg 1 30 14 54 54
1190_0024_0037_0025_0025.jpg 1 24 37 25 25
1191_0027_0024_0055_0055.jpg 1 27 24 55 55
1192_0011_0038_0032_0032.jpg 1 11 38 32 32
1193_0023_0010_0026_0026.jpg 1 23 10 26 26
1194_0033_0008_0054_0054.jpg 1 33 8 54 54
1195_0022_0013_0025_0025.jpg 1 22 13 25 25
1196_0040_0014_0031_0031.jpg 1 40 14 31 31
1197_0025_0047_0044_0044.jpg 1 25 47 44 44
1198_0055_0017_0034_0034.jpg 1 55 17 34 34
1199_0063_0012_0026_0026.jpg 1 63 12 26 26
1200_0009_0012_0045_0045.jpg 1 9 12 45 45
1201_0006_0017_0039_0039.jpg 1 6 17 39 39
1202_0032_0038_0034_0034.jpg 1 32 38 34 34
1203_0012_0014_0034_0034.jpg 1 12 14 34 34
1204_0020_0021_0056_0056.jpg 1 20 21 56 56
1205_0026_0014_0058_0058.jpg 1 26 14 58 58
1206_0030_0029_0030_0030.jpg 1 30 29 30 30
1207_0030_0017_0053_0053.jpg 1 30 17 53 53
1208_0050_0037_0034_0034.jpg 1 50 37 34 34
1209_0061_0042_0030_0030.jpg 1 61 42 30 30
1210_0030_0021_0059_0059.jpg 1 30 21 59 59
1211_0017_0011_0034_0034.jpg 1 17 11 34 34
1212_0035_0021_0040_0040.jpg 1 35 21 40 40
1213_0021_0035_0051_0051.jpg 1 21 35 51 51
1214_0011_0011_0053_0053.jpg 1 11 11 53 53
1215_0022_0030_0048_0048.jpg 1 22 30 48 48
1216_0020_0036_0031_0031.jpg 1 20 36 31 31
1217_0021_0015_0066_0066.jpg 1 21 15 66 66
1218_0012_0020_0024_0024.jpg 1 12 20 24 24
1219_0012_0011_0060_0060.jpg 1 12 11 60 60
1220_0039_0030_0048_0048.jpg 1 39 30 48 48
1221_0015_0020_0068_0068.jpg 1 15 20 68 68
1222_0046_0030_0033_0033.jpg 1 46 30 33 33
1223_0021_0015_0030_0030.jpg 1 21 15 30 30
1224_0044_0006_0049_0049.jpg 1 44 6 49 49
1225_0011_0013_0041_0041.jpg 1 11 13 41 41
1226_0007_0008_0043_0043.jpg 1 7 8 43 43
1227_0039_0011_0048_0048.jpg 1 39 11 48 48
1228_0043_0057_0027_0027.jpg 1 43 57 27 27
1229_0025_0014_0066_0066.jpg 1 25 14 66 66
1230_0016_0054_0029_0029.jpg 1 16 54 29 29
1231_0009_0058_0027_0027.jpg 1 9 58 27 27
1232_0010_0007_0069_0069.jpg 1 10 7 69 69
1233_0018_0010_0068_0068.jpg 1 18 10 68 68
1234_0011_0051_0032_0032.jpg 1 11 51 32 32
1235_0027_0012_0030_0030.jpg 1 27 12 30 30
1236_0037_0005_0057_0057.jpg 1 37 5 57 57
1237_0045_0021_0047_0047.jpg 1 45 21 47 47
1238_0008_0054_0038_0038.jpg 1 8 54 38 38
1239_0021_0038_0048_0048.jpg 1 21 38 48 48
1240_0019_0025_0064_0064.jpg 1 19 25 64 64
1241_0028_0031_0054_0054.jpg 1 28 31 54 54
1242_0040_0041_0029_0029.jpg 1 40 41 29 29
1243_0031_0038_0031_0031.jpg 1 31 38 31 31
1244_0032_0021_0044_0044.jpg 1 32 21 44 44
1245_0009_0045_0024_0024.jpg 1 9 45 24 24
1246_0010_0027_0066_0066.jpg 1 10 27 66 66
1247_0021_0008_0063_0063.jpg 1 21 8 63 63
1248_0044_0007_0046_0046.jpg 1 44 7 46 46
1249_0013_0044_0038_0038.jpg 1 13 44 38 38
1250_0028_0028_0066_0066.jpg 1 28 28 66 66
1251_0039_0016_0056_0056.jpg 1 39 16 56 56
1252_0009_0013_0057_0057.jpg 1 9 13 57 57
1253_0057_0022_0035_0035.jpg 1 57 22 35 35
1254_0027_0026_0047_0047.jpg 1 27 26 47 47
1255_0032_0007_0038_0038.jpg 1 32 7 38 38
1256_0023_0026_0063_0063.jpg 1 23 26 63 63
1257_0035_0015_0055_0055.jpg 1 35 15 55 55
1258_0005_0022_0068_0068.jpg 1 5 22 68 68
1259_0031_0007_0060_0060.jpg 1 31 7 60 60
1260_0009_0042_0046_0046.jpg 1 9 42 46 46
1261_0053_0013_0032_0032.jpg 1 53 13 32 32
1262_0017_0025_0046_0046.jpg 1 17 25 46 46
1263_0047_0053_0030_0030.jpg 1 47 53 30 30
1264_0055_0033_0031_0031.jpg 1 55 33 31 31
1265_0063_0023_0026_0026.jpg 1 63 23 26 26
1266_0047_0025_0027_0027.jpg 1 47 25 27 27
1267_0007_0021_0052_0052.jpg 1 7 21 52 52
1268_0038_0037_0049_0049.jpg 1 38 37 49 49
1269_0039_0012_0048_0048.jpg 1 39 12 48 48
1270_0029_0019_0059_0059.jpg 1 29 19 59 59
1271_0009_0043_0049_0049.jpg 1 9 43 49 49
1272_0010_0025_0064_0064.jpg 1 10 25 64 64
1273_0006_0041_0034_0034.jpg 1 6 41 34 34
1274_0047_0017_0040_0040.jpg 1 47 17 40 40
1275_0028_0030_0043_0043.jpg 1 28 30 43 43
1276_0025_0012_0055_0055.jpg 1 25 12 55 55
1277_0015_0014_0068_0068.jpg 1 15 14 68 68
1278_0048_0042_0024_0024.jpg 1 48 42 24 24
1279_0049_0045_0035_0035.jpg 1 49 45 35 35
1280_0030_0034_0029_0029.jpg 1 30 34 29 29
1281_0054_0030_0031_0031.jpg 1 54 30 31 31
1282_0012_0009_0053_0053.jpg 1 12 9 53 53
1283_0007_0013_0057_0057.jpg 1 7 13 57 57
1284_0045_0047_0037_0037.jpg 1 45 47 37 37
1285_0018_0014_0060_0060.jpg 1 18 14 60 60
1286_0055_0008_0033_0033.jpg 1 55 8 33 33
1287_0006_0026_0068_0068.jpg 1 6 26 68 68
1288_0006_0021_0069_0069.jpg 1 6 21 69 69
1289_0016_0004_0066_0066.jpg 1 16 4 66 66
1290_0059_0019_0024_0024.jpg 1 59 19 24 24
1291_0041_0050_0028_0028.jpg 1 41 50 28 28
1292_0010_0012_0053_0053.jpg 1 10 12 53 53
1293_0052_0030_0039_0039.jpg 1 52 30 39 39
1294_0008_0024_0054_0054.jpg 1 8 24 54 54
1295_0010_0007_0051_0051.jpg 1 10 7 51 51
1296_0047_0044_0033_0033.jpg 1 47 44 33 33
1297_0033_0032_0056_0056.jpg 1 33 32 56 56
1298_0044_0012_0035_0035.jpg 1 44 12 35 35
1299_0031_0054_0029_0029.jpg 1 31 54 29 29
1300_0009_0024_0066_0066.jpg 1 9 24 66 66
1301_0016_0008_0067_0067.jpg 1 16 8 67 67
1302_0015_0020_0030_0030.jpg 1 15 20 30 30
1303_0024_0005_0050_0050.jpg 1 24 5 50 50
1304_0023_0010_0040_0040.jpg 1 23 10 40 40
1305_0017_0028_0033_0033.jpg 1 17 28 33 33
1306_0036_0007_0041_0041.jpg 1 36 7 41 41
1307_0012_0035_0033_0033.jpg 1 12 35 33 33
1308_0017_0040_0055_0055.jpg 1 17 40 55 55
1309_0004_0016_0061_0061.jpg 1 4 16 61 61
1310_0020_0016_0066_0066.jpg 1 20 16 66 66
1311_0030_0027_0059_0059.jpg 1 30 27 59 59
1312_0051_0021_0030_0030.jpg 1 51 21 30 30
1313_0036_0006_0055_0055.jpg 1 36 6 55 55
1314_0009_0038_0046_0046.jpg 1 9 38 46 46
1315_0022_0012_0044_0044.jpg 1 22 12 44 44
1316_0025_0021_0067_0067.jpg 1 25 21 67 67
1317_0021_0013_0050_0050.jpg 1 21 13 50 50
1318_0006_0012_0046_0046.jpg 1 6 12 46 46
1319_0013_0029_0041_0041.jpg 1 13 29 41 41
1320_0011_0014_0045_0045.jpg 1 11 14 45 45
1321_0029_0006_0052_0052.jpg 1 29 6 52 52
1322_0025_0021_0030_0030.jpg 1 25 21 30 30
1323_0042_0007_0027_0027.jpg 1 42 7 27 27
1324_0008_0018_0059_0059.jpg 1 8 18 59 59
1325_0026_0009_0030_0030.jpg 1 26 9 30 30
1326_0030_0043_0047_0047.jpg 1 30 43 47 47
1327_0026_0014_0069_0069.jpg 1 26 14 69 69
1328_0027_0034_0044_0044.jpg 1 27 34 44 44
1329_0049_0048_0039_0039.jpg 1 49 48 39 39
1330_0026_0017_0045_0045.jpg 1 26 17 45 45
1331_0022_0026_0064_0064.jpg 1 22 26 64 64
1332_0011_0013_0069_0069.jpg 1 11 13 69 69
1333_0005_0006_0063_0063.jpg 1 5 6 63 63
1334_0037_0008_0028_0028.jpg 1 37 8 28 28
1335_0020_0025_0037_0037.jpg 1 20 25 37 37
1336_0012_0027_0061_0061.jpg 1 12 27 61 61
1337_0030_0030_0057_0057.jpg 1 30 30 57 57
1338_0022_0013_0039_0039.jpg 1 22 13 39 39
1339_0012_0025_0064_0064.jpg 1 12 25 64 64
1340_0018_0012_0050_0050.jpg 1 18 12 50 50
1341_0022_0030_0055_0055.jpg 1 22 30 55 55
1342_0019_0040_0033_0033.jpg 1 19 40 33 33
1343_0019_0038_0030_0030.jpg 1 19 38 30 30
1344_0023_0004_0067_0067.jpg 1 23 4 67 67
1345_0048_0042_0034_0034.jpg 1 48 42 34 34
1346_0028_0026_0054_0054.jpg 1 28 26 54 54
1347_0034_0026_0056_0056.jpg 1 34 26 56 56
1348_0036_0037_0058_0058.jpg 1 36 37 58 58
1349_0029_0061_0032_0032.jpg 1 29 61 32 32
1350_0055_0060_0032_0032.jpg 1 55 60 32 32
1351_0040_0038_0047_0047.jpg 1 40 38 47 47
1352_0060_0018_0027_0027.jpg 1 60 18 27 27
1353_0013_0004_0059_0059.jpg 1 13 4 59 59
1354_0051_0018_0028_0028.jpg 1 51 18 28 28
1355_0024_0004_0067_0067.jpg 1 24 4 67 67
1356_0010_0024_0059_0059.jpg 1 10 24 59 59
1357_0028_0006_0056_0056.jpg 1 28 6 56 56
1358_0024_0031_0064_0064.jpg 1 24 31 64 64
1359_0011_0037_0026_0026.jpg 1 11 37 26 26
1360_0022_0012_0063_0063.jpg 1 22 12 63 63
1361_0058_0027_0028_0028.jpg 1 58 27 28 28
1362_0030_0039_0052_0052.jpg 1 30 39 52 52
1363_0009_0048_0041_0041.jpg 1 9 48 41 41
1364_0012_0006_0065_0065.jpg 1 12 6 65 65
1365_0010_0019_0065_0065.jpg 1 10 19 65 65
1366_0017_0040_0055_0055.jpg 1 17 40 55 55
1367_0011_0041_0034_0034.jpg 1 11 41 34 34
1368_0050_0063_0029_0029.jpg 1 50 63 29 29
1369_0059_0027_0031_0031.jpg 1 59 27 31 31
1370_0013_0019_0058_0058.jpg 1 13 19 58 58
1371_0021_0025_0036_0036.jpg 1 21 25 36 36
1372_0048_0054_0026_0026.jpg 1 48 54 26 26
1373_0020_0010_0047_0047.jpg 1 20 10 47 47
1374_0044_0007_0036_0036.jpg 1 44 7 36 36
1375_0014_0023_0047_0047.jpg 1 14 23 47 47
1376_0027_0024_0026_0026.jpg 1 27 24 26 26
1377_0041_0020_0039_0039.jpg 1 41 20 39 39
1378_0019_0025_0066_0066.jpg 1 19 25 66 66
1379_0016_0005_0045_0045.jpg 1 16 5 45 45
1380_0039_0029_0049_0049.jpg 1 39 29 49 49
1381_0015_0018_0055_0055.jpg 1 15 18 55 55
1382_0019_0037_0056_0056.jpg 1 19 37 56 56
1383_0052_0056_0034_0034.jpg 1 52 56 34 34
1384_0047_0034_0038_0038.jpg 1 47 34 38 38
1385_0017_0033_0024_0024.jpg 1 17 33 24 24
1386_0047_0035_0045_0045.jpg 1 47 35 45 45
1387_0018_0020_0042_0042.jpg 1 18 20 42 42
1388_0046_0055_0034_0034.jpg 1 46 55 34 34
1389_0018_0021_0036_0036.jpg 1 18 21 36 36
1390_0043_0025_0048_0048.jpg 1 43 25 48 48
1391_0013_0028_0043_0043.jpg 1 13 28 43 43
1392_0005_0034_0052_0052.jpg 1 5 34 52 52
1393_0043_0031_0046_0046.jpg 1 43 31 46 46
1394_0027_0017_0069_0069.jpg 1 27 17 69 69
1395_0029_0007_0040_0040.jpg 1 29 7 40 40
1396_0016_0041_0049_0049.jpg 1 16 41 49 49
1397_0020_0039_0051_0051.jpg 1 20 39 51 51
1398_0011_0027_0060_0060.jpg 1 11 27 60 60
1399_0023_0013_0065_0065.jpg 1 23 13 65 65
1400_0017_0027_0062_0062.jpg 1 17 27 62 62
1401_0043_0026_0039_0039.jpg 1 43 26 39 39
1402_0028_0041_0036_0036.jpg 1 28 41 36 36
1403_0023_0016_0058_0058.jpg 1 23 16 58 58
1404_0006_0015_0034_0034.jpg 1 6 15 34 34
1405_0006_0024_0046_0046.jpg 1 6 24 46 46
1406_0033_0028_0057_0057.jpg 1 33 28 57 57
1407_0025_0023_0068_0068.jpg 1 25 23 68 68
1408_0008_0043_0052_0052.jpg 1 8 43 52 52
1409_0017_0042_0036_0036.jpg 1 17 42 36 36
1410_0034_0029_0057_0057.jpg 1 34 29 57 57
1411_0012_0028_0064_0064.jpg 1 12 28 64 64
1412_0004_0009_0064_0064.jpg 1 4 9 64 64
1413_0042_0043_0026_0026.jpg 1 42 43 26 26
1414_0011_0015_0066_0066.jpg 1 11 15 66 66
1415_0023_0034_0057_0057.jpg 1 23 34 57 57
1416_0053_0030_0036_0036.jpg 1 53 30 36 36
1417_0026_0010_0059_0059.jpg 1 26 10 59 59
1418_0019_0028_0058_0058.jpg 1 19 28 58 58
1419_0023_0017_0030_0030.jpg 1 23 17 30 30
1420_0025_0046_0039_0039.jpg 1 25 46 39 39
1421_0014_0029_0062_0062.jpg 1 14 29 62 62
1422_0008_0016_0067_0067.jpg 1 8 16 67 67
1423_0019_0018_0050_0050.jpg 1 19 18 50 50
1424_0019_0035_0057_0057.jpg 1 19 35 57 57
1425_0010_0035_0036_0036.jpg 1 10 35 36 36
1426_0043_0054_0035_0035.jpg 1 43 54 35 35
1427_0026_0021_0066_0066.jpg 1 26 21 66 66
1428_0017_0016_0056_0056.jpg 1 17 16 56 56
1429_0029_0010_0046_0046.jpg 1 29 10 46 46
1430_0019_0027_0038_0038.jpg 1 19 27 38 38
1431_0028_0013_0055_0055.jpg 1 28 13 55 55
1432_0023_0010_0061_0061.jpg 1 23 10 61 61
1433_0027_0060_0028_0028.jpg 1 27 60 28 28
1434_0017_0025_0065_0065.jpg 1 17 25 65 65
1435_0031_0004_0065_0065.jpg 1 31 4 65 65
1436_0038_0039_0028_0028.jpg 1 38 39 28 28
1437_0039_0047_0047_0047.jpg 1 39 47 47 47
1438_0014_0007_0052_0052.jpg 1 14 7 52 52
1439_0031_0032_0041_0041.jpg 1 31 32 41 41
1440_0030_0011_0048_0048.jpg 1 30 11 48 48
1441_0045_0029_0048_0048.jpg 1 45 29 48 48
1442_0014_0011_0056_0056.jpg 1 14 11 56 56
1443_0038_0017_0034_0034.jpg 1 38 17 34 34
1444_0023_0028_0056_0056.jpg 1 23 28 56 56
1445_0038_0014_0031_0031.jpg 1 38 14 31 31
1446_0025_0029_0067_0067.jpg 1 25 29 67 67
1447_0030_0035_0048_0048.jpg 1 30 35 48 48
1448_0016_0025_0061_0061.jpg 1 16 25 61 61
1449_0049_0016_0034_0034.jpg 1 49 16 34 34
1450_0019_0014_0052_0052.jpg 1 19 14 52 52
1451_0028_0029_0065_0065.jpg 1 28 29 65 65
1452_0036_0032_0050_0050.jpg 1 36 32 50 50
1453_0018_0049_0039_0039.jpg 1 18 49 39 39
1454_0025_0014_0045_0045.jpg 1 25 14 45 45
1455_0043_0011_0048_0048.jpg 1 43 11 48 48
1456_0038_0027_0043_0043.jpg 1 38 27 43 43
1457_0017_0037_0057_0057.jpg 1 17 37 57 57
1458_0024_0024_0057_0057.jpg 1 24 24 57 57
1459_0038_0012_0056_0056.jpg 1 38 12 56 56
1460_0015_0013_0033_0033.jpg 1 15 13 33 33
1461_0034_0050_0041_0041.jpg 1 34 50 41 41
1462_0045_0018_0028_0028.jpg 1 45 18 28 28
1463_0010_0011_0039_0039.jpg 1 10 11 39 39
1464_0023_0007_0065_0065.jpg 1 23 7 65 65
1465_0013_0035_0026_0026.jpg 1 13 35 26 26
1466_0060_0023_0028_0028.jpg 1 60 23 28 28
1467_0021_0024_0040_0040.jpg 1 21 24 40 40
1468_0037_0008_0054_0054.jpg 1 37 8 54 54
1469_0037_0049_0039_0039.jpg 1 37 49 39 39
1470_0058_0025_0027_0027.jpg 1 58 25 27 27
1471_0031_0021_0057_0057.jpg 1 31 21 57 57
1472_0020_0025_0056_0056.jpg 1 20 25 56 56
1473_0021_0010_0065_0065.jpg 1 21 10 65 65
1474_0005_0010_0057_0057.jpg 1 5 10 57 57
1475_0005_0025_0065_0065.jpg 1 5 25 65 65
1476_0019_0005_0067_0067.jpg 1 19 5 67 67
1477_0027_0034_0060_0060.jpg 1 27 34 60 60
1478_0045_0027_0036_0036.jpg 1 45 27 36 36
1479_0021_0031_0036_0036.jpg 1 21 31 36 36
1480_0007_0041_0049_0049.jpg 1 7 41 49 49
1481_0058_0058_0026_0026.jpg 1 58 58 26 26
1482_0027_0007_0066_0066.jpg 1 27 7 66 66
1483_0017_0015_0025_0025.jpg 1 17 15 25 25
1484_0022_0021_0050_0050.jpg 1 22 21 50 50
1485_0043_0028_0047_0047.jpg 1 43 28 47 47
1486_0010_0024_0060_0060.jpg 1 10 24 60 60
1487_0015_0034_0055_0055.jpg 1 15 34 55 55
1488_0049_0017_0039_0039.jpg 1 49 17 39 39
1489_0020_0046_0040_0040.jpg 1 20 46 40 40
1490_0041_0046_0046_0046.jpg 1 41 46 46 46
1491_0006_0020_0063_0063.jpg 1 6 20 63 63
1492_0020_0019_0058_0058.jpg 1 20 19 58 58
1493_0018_0027_0062_0062.jpg 1 18 27 62 62
1494_0010_0044_0050_0050.jpg 1 10 44 50 50
1495_0034_0040_0050_0050.jpg 1 34 40 50 50
1496_0035_0051_0029_0029.jpg 1 35 51 29 29
1497_0006_0035_0039_0039.jpg 1 6 35 39 39
1498_0014_0023_0035_0035.jpg 1 14 23 35 35
1499_0015_0014_0064_0064.jpg 1 15 14 64 64
1500_0039_0031_0026_0026.jpg 1 39 31 26 26
1501_0033_0016_0054_0054.jpg 1 33 16 54 54
1502_0043_0010_0038_0038.jpg 1 43 10 38 38
1503_0026_0042_0049_0049.jpg 1 26 42 49 49
1504_0006_0023_0054_0054.jpg 1 6 23 54 54
1505_0010_0036_0056_0056.jpg 1 10 36 56 56
1506_0021_0012_0044_0044.jpg 1 21 12 44 44
1507_0021_0021_0051_0051.jpg 1 21 21 51 51
1508_0053_0036_0037_0037.jpg 1 53 36 37 37
1509_0047_0034_0047_0047.jpg 1 47 34 47 47
1510_0022_0052_0034_0034.jpg 1 22 52 34 34
1511_0050_0041_0039_0039.jpg 1 50 41 39 39
1512_0047_0020_0040_0040.jpg 1 47 20 40 40
1513_0058_0034_0028_0028.jpg 1 58 34 28 28
1514_0033_0015_0027_0027.jpg 1 33 15 27 27
1515_0017_0007_0033_0033.jpg 1 17 7 33 33
1516_0007_0024_0029_0029.jpg 1 7 24 29 29
1517_0020_0007_0041_0041.jpg 1 20 7 41 41
1518_0025_0034_0060_0060.jpg 1 25 34 60 60
1519_0026_0009_0051_0051.jpg 1 26 9 51 51
1520_0018_0009_0068_0068.jpg 1 18 9 68 68
1521_0040_0036_0025_0025.jpg 1 40 36 25 25
1522_0031_0040_0054_0054.jpg 1 31 40 54 54
1523_0031_0012_0042_0042.jpg 1 31 12 42 42
1524_0051_0022_0035_0035.jpg 1 51 22 35 35
1525_0055_0025_0026_0026.jpg 1 55 25 26 26
1526_0009_0019_0025_0025.jpg 1 9 19 25 25
1527_0059_0048_0028_0028.jpg 1 59 48 28 28
1528_0042_0043_0024_0024.jpg 1 42 43 24 24
1529_0034_0012_0060_0060.jpg 1 34 12 60 60
1530_0039_0035_0025_0025.jpg 1 39 35 25 25
1531_0057_0067_0025_0025.jpg 1 57 67 25 25
1532_0027_0015_0045_0045.jpg 1 27 15 45 45
1533_0026_0024_0051_0051.jpg 1 26 24 51 51
1534_0010_0024_0063_0063.jpg 1 10 24 63 63
1535_0025_0027_0055_0055.jpg 1 25 27 55 55
1536_0024_0009_0056_0056.jpg 1 24 9 56 56
1537_0014_0026_0060_0060.jpg 1 14 26 60 60
1538_0023_0023_0055_0055.jpg 1 23 23 55 55
1539_0053_0024_0029_0029.jpg 1 53 24 29 29
1540_0041_0056_0037_0037.jpg 1 41 56 37 37
1541_0031_0030_0026_0026.jpg 1 31 30 26 26
1542_0027_0016_0027_0027.jpg 1 27 16 27 27
1543_0050_0052_0036_0036.jpg 1 50 52 36 36
1544_0064_0013_0026_0026.jpg 1 64 13 26 26
1545_0049_0032_0037_0037.jpg 1 49 32 37 37
1546_0034_0008_0061_0061.jpg 1 34 8 61 61
1547_0009_0005_0064_0064.jpg 1 9 5 64 64
1548_0037_0013_0025_0025.jpg 1 37 13 25 25
1549_0004_0023_0060_0060.jpg 1 4 23 60 60
1550_0013_0017_0049_0049.jpg 1 13 17 49 49
1551_0012_0047_0025_0025.jpg 1 12 47 25 25
1552_0014_0018_0062_0062.jpg 1 14 18 62 62
1553_0033_0033_0039_0039.jpg 1 33 33 39 39
1554_0022_0052_0037_0037.jpg 1 22 52 37 37
1555_0061_0059_0031_0031.jpg 1 61 59 31 31
1556_0007_0006_0060_0060.jpg 1 7 6 60 60
1557_0007_0006_0064_0064.jpg 1 7 6 64 64
1558_0017_0045_0046_0046.jpg 1 17 45 46 46
1559_0021_0034_0041_0041.jpg 1 21 34 41 41
1560_0008_0028_0036_0036.jpg 1 8 28 36 36
1561_0048_0066_0025_0025.jpg 1 48 66 25 25
1562_0011_0025_0055_0055.jpg 1 11 25 55 55
1563_0029_0037_0053_0053.jpg 1 29 37 53 53
1564_0015_0027_0058_0058.jpg 1 15 27 58 58
1565_0034_0055_0034_0034.jpg 1 34 55 34 34
1566_0031_0009_0057_0057.jpg 1 31 9 57 57
1567_0004_0030_0062_0062.jpg 1 4 30 62 62
1568_0019_0015_0067_0067.jpg 1 19 15 67 67
1569_0044_0021_0044_0044.jpg 1 44 21 44 44
1570_0024_0019_0064_0064.jpg 1 24 19 64 64
1571_0029_0025_0044_0044.jpg 1 29 25 44 44
1572_0044_0028_0038_0038.jpg 1 44 28 38 38
1573_0022_0013_0066_0066.jpg 1 22 13 66 66
1574_0010_0027_0049_0049.jpg 1 10 27 49 49
1575_0012_0041_0049_0049.jpg 1 12 41 49 49
1576_0024_0028_0065_0065.jpg 1 24 28 65 65
1577_0019_0035_0046_0046.jpg 1 19 35 46 46
1578_0034_0029_0048_0048.jpg 1 34 29 48 48
1579_0013_0015_0036_0036.jpg 1 13 15 36 36
1580_0018_0007_0037_0037.jpg 1 18 7 37 37
1581_0009_0014_0064_0064.jpg 1 9 14 64 64
1582_0036_0030_0056_0056.jpg 1 36 30 56 56
1583_0005_0029_0062_0062.jpg 1 5 29 62 62
1584_0029_0017_0047_0047.jpg 1 29 17 47 47
1585_0007_0023_0037_0037.jpg 1 7 23 37 37
1586_0008_0041_0038_0038.jpg 1 8 41 38 38
1587_0005_0007_0066_0066.jpg 1 5 7 66 66
1588_0015_0013_0046_0046.jpg 1 15 13 46 46
1589_0024_0018_0059_0059.jpg 1 24 18 59 59
1590_0013_0047_0044_0044.jpg 1 13 47 44 44
1591_0031_0043_0047_0047.jpg 1 31 43 47 47
1592_0040_0011_0037_0037.jpg 1 40 11 37 37
1593_0061_0059_0025_0025.jpg 1 61 59 25 25
1594_0020_0034_0024_0024.jpg 1 20 34 24 24
1595_0013_0007_0043_0043.jpg 1 13 7 43 43
1596_0019_0023_0043_0043.jpg 1 19 23 43 43
1597_0045_0010_0046_0046.jpg 1 45 10 46 46
1598_0012_0023_0063_0063.jpg 1 12 23 63 63
1599_0023_0042_0024_0024.jpg 1 23 42 24 24
1600_0008_0023_0069_0069.jpg 1 8 23 69 69
1601_0014_0008_0063_0063.jpg 1 14 8 63 63
1602_0007_0019_0068_0068.jpg 1 7 19 68 68
1603_0012_0007_0064_0064.jpg 1 12 7 64 64
1604_0006_0008_0047_0047.jpg 1 6 8 47 47
1605_0047_0032_0033_0033.jpg 1 47 32 33 33
1606_0031_0004_0055_0055.jpg 1 31 4 55 55
1607_0008_0011_0033_0033.jpg 1 8 11 33 33
1608_0018_0017_0067_0067.jpg 1 18 17 67 67
1609_0026_0021_0041_0041.jpg 1 26 21 41 41
1610_0047_0027_0040_0040.jpg 1 47 27 40 40
1611_0018_0036_0027_0027.jpg 1 18 36 27 27
1612_0042_0011_0034_0034.jpg 1 42 11 34 34
1613_0023_0008_0066_0066.jpg 1 23 8 66 66
1614_0046_0036_0030_0030.jpg 1 46 36 30 30
1615_0035_0008_0042_0042.jpg 1 35 8 42 42
1616_0014_0028_0032_0032.jpg 1 14 28 32 32
1617_0004_0007_0060_0060.jpg 1 4 7 60 60
1618_0039_0029_0053_0053.jpg 1 39 29 53 53
1619_0010_0033_0032_0032.jpg 1 10 33 32 32
1620_0011_0014_0044_0044.jpg 1 11 14 44 44
1621_0028_0016_0040_0040.jpg 1 28 16 40 40
1622_0022_0027_0057_0057.jpg 1 22 27 57 57
1623_0031_0006_0045_0045.jpg 1 31 6 45 45
1624_0016_0017_0069_0069.jpg 1 16 17 69 69
1625_0037_0015_0041_0041.jpg 1 37 15 41 41
1626_0048_0022_0035_0035.jpg 1 48 22 35 35
1627_0043_0052_0035_0035.jpg 1 43 52 35 35
1628_0026_0023_0040_0040.jpg 1 26 23 40 40
1629_0036_0032_0058_0058.jpg 1 36 32 58 58
1630_0037_0019_0039_0039.jpg 1 37 19 39 39
1631_0034_0038_0042_0042.jpg 1 34 38 42 42
1632_0019_0028_0024_0024.jpg 1 19 28 24 24
1633_0031_0008_0048_0048.jpg 1 31 8 48 48
1634_0009_0011_0061_0061.jpg 1 9 11 61 61
1635_0055_0055_0036_0036.jpg 1 55 55 36 36
1636_0042_0021_0041_0041.jpg 1 42 21 41 41
1637_0030_0018_0046_0046.jpg 1 30 18 46 46
1638_0032_0012_0062_0062.jpg 1 32 12 62 62
1639_0015_0014_0062_0062.jpg 1 15 14 62 62
1640_0009_0056_0036_0036.jpg 1 9 56 36 36
1641_0034_0016_0049_0049.jpg 1 34 16 49 49
1642_0007_0015_0064_0064.jpg 1 7 15 64 64
1643_0042_0025_0045_0045.jpg 1 42 25 45 45
1644_0011_0017_0053_0053.jpg 1 11 17 53 53
1645_0038_0023_0049_0049.jpg 1 38 23 49 49
1646_0021_0035_0057_0057.jpg 1 21 35 57 57
1647_0038_0015_0030_0030.jpg 1 38 15 30 30
1648_0032_0015_0061_0061.jpg 1 32 15 61 61
1649_0049_0051_0040_0040.jpg 1 49 51 40 40
1650_0031_0020_0032_0032.jpg 1 31 20 32 32
1651_0010_0016_0024_0024.jpg 1 10 16 24 24
1652_0024_0019_0066_0066.jpg 1 24 19 66 66
1653_0024_0016_0026_0026.jpg 1 24 16 26 26
1654_0009_0053_0026_0026.jpg 1 9 53 26 26
1655_0026_0033_0059_0059.jpg 1 26 33 59 59
1656_0028_0036_0057_0057.jpg 1 28 36 57 57
1657_0035_0008_0057_0057.jpg 1 35 8 57 57
1658_0013_0023_0062_0062.jpg 1 13 23 62 62
1659_0030_0052_0025_0025.jpg 1 30 52 25 25
1660_0015_0026_0046_0046.jpg 1 15 26 46 46
1661_0028_0030_0028_0028.jpg 1 28 30 28 28
1662_0022_0011_0043_0043.jpg 1 22 11 43 43
1663_0026_0030_0051_0051.jpg 1 26 30 51 51
1664_0021_0011_0067_0067.jpg 1 21 11 67 67
1665_0049_0027_0035_0035.jpg 1 49 27 35 35
1666_0038_0009_0030_0030.jpg 1 38 9 30 30
1667_0032_0063_0025_0025.jpg 1 32 63 25 25
1668_0018_0053_0029_0029.jpg 1 18 53 29 29
1669_0026_0014_0067_0067.jpg 1 26 14 67 67
1670_0007_0009_0066_0066.jpg 1 7 9 66 66
1671_0029_0020_0027_0027.jpg 1 29 20 27 27
1672_0007_0010_0066_0066.jpg 1 7 10 66 66
1673_0021_0039_0035_0035.jpg 1 21 39 35 35
1674_0011_0014_0069_0069.jpg 1 11 14 69 69
1675_0056_0007_0029_0029.jpg 1 56 7 29 29
1676_0021_0022_0041_0041.jpg 1 21 22 41 41
1677_0030_0050_0029_0029.jpg 1 30 50 29 29
1678_0056_0020_0035_0035.jpg 1 56 20 35 35
1679_0029_0026_0057_0057.jpg 1 29 26 57 57
1680_0039_0013_0039_0039.jpg 1 39 13 39 39
1681_0039_0038_0041_0041.jpg 1 39 38 41 41
1682_0021_0032_0060_0060.jpg 1 21 32 60 60
1683_0028_0020_0044_0044.jpg 1 28 20 44 44
1684_0010_0016_0069_0069.jpg 1 10 16 69 69
1685_0024_0057_0033_0033.jpg 1 24 57 33 33
1686_0043_0053_0037_0037.jpg 1 43 53 37 37
1687_0041_0039_0032_0032.jpg 1 41 39 32 32
1688_0027_0029_0063_0063.jpg 1 27 29 63 63
1689_0017_0020_0039_0039.jpg 1 17 20 39 39
1690_0045_0006_0044_0044.jpg 1 45 6 44 44
1691_0019_0008_0051_0051.jpg 1 19 8 51 51
1692_0038_0009_0051_0051.jpg 1 38 9 51 51
1693_0022_0026_0069_0069.jpg 1 22 26 69 69
1694_0057_0016_0026_0026.jpg 1 57 16 26 26
1695_0014_0018_0055_0055.jpg 1 14 18 55 55
1696_0024_0007_0051_0051.jpg 1 24 7 51 51
1697_0027_0008_0068_0068.jpg 1 27 8 68 68
1698_0036_0022_0041_0041.jpg 1 36 22 41 41
1699_0051_0012_0027_0027.jpg 1 51 12 27 27
1700_0021_0033_0061_0061.jpg 1 21 33 61 61
1701_0015_0048_0038_0038.jpg 1 15 48 38 38
1702_0028_0010_0033_0033.jpg 1 28 10 33 33
1703_0049_0044_0025_0025.jpg 1 49 44 25 25
1704_0010_0008_0067_0067.jpg 1 10 8 67 67
1705_0011_0015_0038_0038.jpg 1 11 15 38 38
1706_0019_0032_0042_0042.jpg 1 19 32 42 42
1707_0027_0013_0050_0050.jpg 1 27 13 50 50
1708_0037_0042_0047_0047.jpg 1 37 42 47 47
1709_0010_0010_0042_0042.jpg 1 10 10 42 42
1710_0020_0030_0034_0034.jpg 1 20 30 34 34
1711_0028_0035_0052_0052.jpg 1 28 35 52 52
1712_0008_0009_0043_0043.jpg 1 8 9 43 43
1713_0028_0005_0062_0062.jpg 1 28 5 62 62
1714_0022_0016_0035_0035.jpg 1 22 16 35 35
1715_0027_0003_0068_0068.jpg 1 27 3 68 68
1716_0044_0040_0033_0033.jpg 1 44 40 33 33
1717_0009_0043_0041_0041.jpg 1 9 43 41 41
1718_0051_0015_0035_0035.jpg 1 51 15 35 35
1719_0045_0017_0048_0048.jpg 1 45 17 48 48
1720_0019_0014_0061_0061.jpg 1 19 14 61 61
1721_0024_0042_0039_0039.jpg 1 24 42 39 39
1722_0017_0014_0051_0051.jpg 1 17 14 51 51
1723_0037_0060_0025_0025.jpg 1 37 60 25 25
1724_0047_0033_0028_0028.jpg 1 47 33 28 28
1725_0037_0015_0043_0043.jpg 1 37 15 43 43
1726_0007_0023_0064_0064.jpg 1 7 23 64 64
1727_0008_0007_0069_0069.jpg 1 8 7 69 69
1728_0006_0044_0039_0039.jpg 1 6 44 39 39
1729_0053_0031_0032_0032.jpg 1 53 31 32 32
1730_0016_0035_0060_0060.jpg 1 16 35 60 60
1731_0037_0044_0029_0029.jpg 1 37 44 29 29
1732_0047_0058_0025_0025.jpg 1 47 58 25 25
1733_0036_0028_0039_0039.jpg 1 36 28 39 39
1734_0042_0036_0046_0046.jpg 1 42 36 46 46
1735_0028_0019_0052_0052.jpg 1 28 19 52 52
1736_0051_0031_0030_0030.jpg 1 51 31 30 30
1737_0059_0039_0024_0024.jpg 1 59 39 24 24
1738_0021_0035_0051_0051.jpg 1 21 35 51 51
1739_0012_0047_0041_0041.jpg 1 12 47 41 41
1740_0046_0022_0045_0045.jpg 1 46 22 45 45
1741_0039_0025_0042_0042.jpg 1 39 25 42 42
1742_0054_0020_0038_0038.jpg 1 54 20 38 38
1743_0017_0026_0040_0040.jpg 1 17 26 40 40
1744_0029_0040_0052_0052.jpg 1 29 40 52 52
1745_0040_0028_0051_0051.jpg 1 40 28 51 51
1746_0045_0040_0039_0039.jpg 1 45 40 39 39
1747_0049_0042_0044_0044.jpg 1 49 42 44 44
1748_0033_0004_0058_0058.jpg 1 33 4 58 58
1749_0028_0010_0040_0040.jpg 1 28 10 40 40
1750_0016_0021_0048_0048.jpg 1 16 21 48 48
1751_0035_0023_0026_0026.jpg 1 35 23 26 26
1752_0042_0025_0031_0031.jpg 1 42 25 31 31
1753_0024_0027_0066_0066.jpg 1 24 27 66 66
1754_0038_0014_0050_0050.jpg 1 38 14 50 50
1755_0048_0036_0027_0027.jpg 1 48 36 27 27
1756_0031_0013_0057_0057.jpg 1 31 13 57 57
1757_0032_0011_0045_0045.jpg 1 32 11 45 45
1758_0015_0008_0057_0057.jpg 1 15 8 57 57
1759_0048_0048_0034_0034.jpg 1 48 48 34 34
1760_0023_0028_0049_0049.jpg 1 23 28 49 49
1761_0013_0017_0068_0068.jpg 1 13 17 68 68
1762_0040_0026_0050_0050.jpg 1 40 26 50 50
1763_0042_0043_0030_0030.jpg 1 42 43 30 30
1764_0017_0038_0054_0054.jpg 1 17 38 54 54
1765_0040_0020_0033_0033.jpg 1 40 20 33 33
1766_0057_0027_0032_0032.jpg 1 57 27 32 32
1767_0050_0047_0043_0043.jpg 1 50 47 43 43
1768_0024_0029_0051_0051.jpg 1 24 29 51 51
1769_0013_0045_0030_0030.jpg 1 13 45 30 30
1770_0005_0006_0069_0069.jpg 1 5 6 69 69
1771_0037_0013_0034_0034.jpg 1 37 13 34 34
1772_0048_0033_0037_0037.jpg 1 48 33 37 37
1773_0007_0055_0033_0033.jpg 1 7 55 33 33
1774_0024_0009_0066_0066.jpg 1 24 9 66 66
1775_0033_0047_0040_0040.jpg 1 33 47 40 40
1776_0034_0035_0059_0059.jpg 1 34 35 59 59
1777_0034_0038_0056_0056.jpg 1 34 38 56 56
1778_0014_0018_0069_0069.jpg 1 14 18 69 69
1779_0018_0042_0041_0041.jpg 1 18 42 41 41
1780_0008_0035_0042_0042.jpg 1 8 35 42 42
1781_0046_0029_0041_0041.jpg 1 46 29 41 41
1782_0025_0028_0052_0052.jpg 1 25 28 52 52
1783_0043_0028_0037_0037.jpg 1 43 28 37 37
1784_0005_0036_0059_0059.jpg 1 5 36 59 59
1785_0022_0011_0066_0066.jpg 1 22 11 66 66
1786_0026_0019_0045_0045.jpg 1 26 19 45 45
1787_0025_0042_0048_0048.jpg 1 25 42 48 48
1788_0049_0021_0039_0039.jpg 1 49 21 39 39
1789_0051_0024_0038_0038.jpg 1 51 24 38 38
1790_0031_0053_0037_0037.jpg 1 31 53 37 37
1791_0010_0029_0026_0026.jpg 1 10 29 26 26
1792_0022_0012_0068_0068.jpg 1 22 12 68 68
1793_0033_0033_0049_0049.jpg 1 33 33 49 49
1794_0024_0030_0052_0052.jpg 1 24 30 52 52
1795_0009_0019_0066_0066.jpg 1 9 19 66 66
1796_0023_0020_0052_0052.jpg 1 23 20 52 52
1797_0032_0029_0029_0029.jpg 1 32 29 29 29
1798_0050_0066_0026_0026.jpg 1 50 66 26 26
1799_0013_0005_0065_0065.jpg 1 13 5 65 65
1800_0057_0039_0035_0035.jpg 1 57 39 35 35
1801_0029_0029_0045_0045.jpg 1 29 29 45 45
1802_0012_0007_0068_0068.jpg 1 12 7 68 68
1803_0007_0040_0048_0048.jpg 1 7 40 48 48
1804_0018_0020_0061_0061.jpg 1 18 20 61 61
1805_0020_0031_0042_0042.jpg 1 20 31 42 42
1806_0045_0007_0036_0036.jpg 1 45 7 36 36
1807_0010_0032_0038_0038.jpg 1 10 32 38 38
1808_0005_0010_0045_0045.jpg 1 5 10 45 45
1809_0053_0017_0031_0031.jpg 1 53 17 31 31
1810_0006_0025_0067_0067.jpg 1 6 25 67 67
1811_0035_0029_0049_0049.jpg 1 35 29 49 49
1812_0024_0024_0066_0066.jpg 1 24 24 66 66
1813_0037_0052_0036_0036.jpg 1 37 52 36 36
1814_0006_0012_0055_0055.jpg 1 6 12 55 55
1815_0012_0018_0061_0061.jpg 1 12 18 61 61
1816_0008_0011_0069_0069.jpg 1 8 11 69 69
1817_0014_0044_0046_0046.jpg 1 14 44 46 46
1818_0027_0024_0031_0031.jpg 1 27 24 31 31
1819_0027_0010_0035_0035.jpg 1 27 10 35 35
1820_0061_0030_0030_0030.jpg 1 61 30 30 30
1821_0028_0017_0049_0049.jpg 1 28 17 49 49
1822_0025_0009_0066_0066.jpg 1 25 9 66 66
1823_0019_0028_0042_0042.jpg 1 19 28 42 42
1824_0055_0022_0027_0027.jpg 1 55 22 27 27
1825_0027_0034_0054_0054.jpg 1 27 34 54 54
1826_0043_0059_0029_0029.jpg 1 43 59 29 29
1827_0032_0005_0057_0057.jpg 1 32 5 57 57
1828_0029_0020_0062_0062.jpg 1 29 20 62 62
1829_0035_0015_0040_0040.jpg 1 35 15 40 40
1830_0018_0010_0053_0053.jpg 1 18 10 53 53
1831_0023_0031_0057_0057.jpg 1 23 31 57 57
1832_0013_0019_0050_0050.jpg 1 13 19 50 50
1833_0009_0005_0062_0062.jpg 1 9 5 62 62
1834_0052_0050_0036_0036.jpg 1 52 50 36 36
1835_0010_0008_0060_0060.jpg 1 10 8 60 60
1836_0020_0006_0055_0055.jpg 1 20 6 55 55
1837_0022_0032_0036_0036.jpg 1 22 32 36 36
1838_0031_0018_0037_0037.jpg 1 31 18 37 37
1839_0012_0030_0054_0054.jpg 1 12 30 54 54
1840_0039_0065_0024_0024.jpg 1 39 65 24 24
1841_0011_0011_0046_0046.jpg 1 11 11 46 46
1842_0032_0010_0040_0040.jpg 1 32 10 40 40
1843_0016_0010_0035_0035.jpg 1 16 10 35 35
1844_0010_0038_0055_0055.jpg 1 10 38 55 55
1845_0048_0043_0034_0034.jpg 1 48 43 34 34
1846_0016_0036_0053_0053.jpg 1 16 36 53 53
1847_0016_0012_0064_0064.jpg 1 16 12 64 64
1848_0026_0039_0053_0053.jpg 1 26 39 53 53
1849_0030_0023_0051_0051.jpg 1 30 23 51 51
1850_0013_0017_0063_0063.jpg 1 13 17 63 63
1851_0021_0034_0027_0027.jpg 1 21 34 27 27
1852_0026_0026_0068_0068.jpg 1 26 26 68 68
1853_0016_0022_0066_0066.jpg 1 16 22 66 66
1854_0025_0039_0045_0045.jpg 1 25 39 45 45
1855_0010_0040_0037_0037.jpg 1 10 40 37 37
1856_0014_0029_0057_0057.jpg 1 14 29 57 57
1857_0008_0057_0026_0026.jpg 1 8 57 26 26
1858_0011_0020_0047_0047.jpg 1 11 20 47 47
1859_0040_0039_0049_0049.jpg 1 40 39 49 49
1860_0028_0025_0058_0058.jpg 1 28 25 58 58
1861_0052_0019_0029_0029.jpg 1 52 19 29 29
1862_0008_0017_0067_0067.jpg 1 8 17 67 67
1863_0031_0012_0043_0043.jpg 1 31 12 43 43
1864_0016_0029_0029_0029.jpg 1 16 29 29 29
1865_0054_0049_0039_0039.jpg 1 54 49 39 39
1866_0039_0010_0024_0024.jpg 1 39 10 24 24
1867_0008_0014_0052_0052.jpg 1 8 14 52 52
1868_0050_0048_0035_0035.jpg 1 50 48 35 35
1869_0029_0028_0052_0052.jpg 1 29 28 52 52
1870_0044_0050_0025_0025.jpg 1 44 50 25 25
1871_0019_0028_0029_0029.jpg 1 19 28 29 29
1872_0039_0017_0045_0045.jpg 1 39 17 45 45
1873_0039_0030_0054_0054.jpg 1 39 30 54 54
1874_0010_0019_0065_0065.jpg 1 10 19 65 65
1875_0010_0033_0047_0047.jpg 1 10 33 47 47
1876_0022_0017_0046_0046.jpg 1 22 17 46 46
1877_0059_0031_0032_0032.jpg 1 59 31 32 32
1878_0024_0030_0025_0025.jpg 1 24 30 25 25
1879_0051_0009_0029_0029.jpg 1 51 9 29 29
1880_0036_0012_0058_0058.jpg 1 36 12 58 58
1881_0047_0027_0035_0035.jpg 1 47 27 35 35
1882_0023_0027_0054_0054.jpg 1 23 27 54 54
1883_0029_0043_0037_0037.jpg 1 29 43 37 37
1884_0025_0017_0050_0050.jpg 1 25 17 50 50
1885_0010_0011_0043_0043.jpg 1 10 11 43 43
1886_0004_0024_0058_0058.jpg 1 4 24 58 58
1887_0027_0014_0054_0054.jpg 1 27 14 54 54
1888_0011_0010_0040_0040.jpg 1 11 10 40 40
1889_0037_0017_0051_0051.jpg 1 37 17 51 51
1890_0027_0028_0046_0046.jpg 1 27 28 46 46
1891_0036_0024_0051_0051.jpg 1 36 24 51 51
1892_0024_0031_0055_0055.jpg 1 24 31 55 55
1893_0012_0022_0061_0061.jpg 1 12 22 61 61
1894_0042_0026_0029_0029.jpg 1 42 26 29 29
1895_0011_0007_0058_0058.jpg 1 11 7 58 58
1896_0020_0008_0068_0068.jpg 1 20 8 68 68
1897_0030_0022_0058_0058.jpg 1 30 22 58 58
1898_0019_0013_0041_0041.jpg 1 19 13 41 41
1899_0049_0050_0043_0043.jpg 1 49 50 43 43
1900_0055_0022_0029_0029.jpg 1 55 22 29 29
1901_0008_0010_0068_0068.jpg 1 8 10 68 68
1902_0055_0036_0032_0032.jpg 1 55 36 32 32
1903_0010_0018_0068_0068.jpg 1 10 18 68 68
1904_0018_0019_0037_0037.jpg 1 18 19 37 37
1905_0016_0026_0064_0064.jpg 1 16 26 64 64
1906_0015_0008_0060_0060.jpg 1 15 8 60 60
1907_0017_0040_0026_0026.jpg 1 17 40 26 26
1908_0031_0026_0062_0062.jpg 1 31 26 62 62
1909_0049_0041_0040_0040.jpg 1 49 41 40 40
1910_0051_0027_0027_0027.jpg 1 51 27 27 27
1911_0025_0011_0065_0065.jpg 1 25 11 65 65
1912_0029_0047_0038_0038.jpg 1 29 47 38 38
1913_0048_0010_0046_0046.jpg 1 48 10 46 46
1914_0043_0012_0031_0031.jpg 1 43 12 31 31
1915_0036_0024_0057_0057.jpg 1 36 24 57 57
1916_0013_0021_0069_0069.jpg 1 13 21 69 69
1917_0048_0047_0041_0041.jpg 1 48 47 41 41
1918_0048_0047_0046_0046.jpg 1 48 47 46 46
1919_0055_0033_0027_0027.jpg 1 55 33 27 27
1920_0029_0027_0049_0049.jpg 1 29 27 49 49
1921_0031_0044_0045_0045.jpg 1 31 44 45 45
1922_0029_0048_0043_0043.jpg 1 29 48 43 43
1923_0018_0008_0047_0047.jpg 1 18 8 47 47
1924_0061_0043_0024_0024.jpg 1 61 43 24 24
1925_0038_0007_0037_0037.jpg 1 38 7 37 37
1926_0024_0033_0060_0060.jpg 1 24 33 60 60
1927_0021_0020_0059_0059.jpg 1 21 20 59 59
1928_0029_0016_0050_0050.jpg 1 29 16 50 50
1929_0050_0019_0024_0024.jpg 1 50 19 24 24
1930_0062_0029_0028_0028.jpg 1 62 29 28 28
1931_0007_0027_0027_0027.jpg 1 7 27 27 27
1932_0056_0018_0034_0034.jpg 1 56 18 34 34
1933_0008_0004_0067_0067.jpg 1 8 4 67 67
1934_0019_0044_0048_0048.jpg 1 19 44 48 48
1935_0044_0050_0033_0033.jpg 1 44 50 33 33
1936_0029_0040_0030_0030.jpg 1 29 40 30 30
1937_0063_0061_0024_0024.jpg 1 63 61 24 24
1938_0025_0027_0052_0052.jpg 1 25 27 52 52
1939_0011_0036_0045_0045.jpg 1 11 36 45 45
1940_0012_0014_0051_0051.jpg 1 12 14 51 51
1941_0027_0036_0045_0045.jpg 1 27 36 45 45
1942_0017_0010_0066_0066.jpg 1 17 10 66 66
1943_0008_0014_0065_0065.jpg 1 8 14 65 65
1944_0038_0016_0045_0045.jpg 1 38 16 45 45
1945_0013_0030_0065_0065.jpg 1 13 30 65 65
1946_0045_0029_0031_0031.jpg 1 45 29 31 31
1947_0027_0027_0048_0048.jpg 1 27 27 48 48
1948_0035_0018_0034_0034.jpg 1 35 18 34 34
1949_0025_0008_0034_0034.jpg 1 25 8 34 34
1950_0042_0053_0035_0035.jpg 1 42 53 35 35
