0001_0017_0015_0028_0028.jpg 1 17 15 28 28
0002_0040_0023_0047_0047.jpg 1 40 23 47 47
0003_0008_0055_0037_0037.jpg 1 8 55 37 37
0004_0030_0064_0027_0027.jpg 1 30 64 27 27
0005_0007_0048_0040_0040.jpg 1 7 48 40 40
0006_0012_0006_0069_0069.jpg 1 12 6 69 69
0007_0015_0045_0028_0028.jpg 1 15 45 28 28
0008_0004_0013_0067_0067.jpg 1 4 13 67 67
0009_0011_0020_0047_0047.jpg 1 11 20 47 47
0010_0018_0047_0037_0037.jpg 1 18 47 37 37
0011_0051_0013_0029_0029.jpg 1 51 13 29 29
0012_0063_0048_0025_0025.jpg 1 63 48 25 25
0013_0031_0012_0062_0062.jpg 1 31 12 62 62
0014_0035_0058_0028_0028.jpg 1 35 58 28 28
0015_0004_0019_0059_0059.jpg 1 4 19 59 59
0016_0010_0006_0065_0065.jpg 1 10 6 65 65
0017_0045_0037_0040_0040.jpg 1 45 37 40 40
0018_0043_0034_0028_0028.jpg 1 43 34 28 28
0019_0031_0014_0064_0064.jpg 1 31 14 64 64
0020_0022_0059_0031_0031.jpg 1 22 59 31 31
0021_0023_0010_0053_0053.jpg 1 23 10 53 53
0022_0032_0007_0054_0054.jpg 1 32 7 54 54
0023_0021_0029_0041_0041.jpg 1 21 29 41 41
0024_0025_0023_0063_0063.jpg 1 25 23 63 63
0025_0036_0021_0036_0036.jpg 1 36 21 36 36
0026_0037_0016_0048_0048.jpg 1 37 16 48 48
0027_0030_0048_0035_0035.jpg 1 30 48 35 35
0028_0022_0021_0060_0060.jpg 1 22 21 60 60
0029_0046_0020_0044_0044.jpg 1 46 20 44 44
0030_0013_0021_0067_0067.jpg 1 13 21 67 67
0031_0018_0019_0064_0064.jpg 1 18 19 64 64
0032_0019_0042_0053_0053.jpg 1 19 42 53 53
0033_0014_0042_0049_0049.jpg 1 14 42 49 49
0034_0027_0034_0025_0025.jpg 1 27 34 25 25
0035_0019_0020_0047_0047.jpg 1 19 20 47 47
0036_0032_0031_0056_0056.jpg 1 32 31 56 56
0037_0043_0005_0049_0049.jpg 1 43 5 49 49
0038_0019_0027_0068_0068.jpg 1 19 27 68 68
0039_0022_0035_0034_0034.jpg 1 22 35 34 34
0040_0029_0033_0062_0062.jpg 1 29 33 62 62
0041_0065_0055_0027_0027.jpg 1 65 55 27 27
0042_0010_0034_0033_0033.jpg 1 10 34 33 33
0043_0022_0005_0058_0058.jpg 1 22 5 58 58
0044_0025_0022_0069_0069.jpg 1 25 22 69 69
0045_0013_0003_0068_0068.jpg 1 13 3 68 68
0046_0028_0050_0033_0033.jpg 1 28 50 33 33
0047_0014_0005_0052_0052.jpg 1 14 5 52 52
0048_0011_0019_0042_0042.jpg 1 11 19 42 42
0049_0031_0026_0056_0056.jpg 1 31 26 56 56
0050_0012_0012_0052_0052.jpg 1 12 12 52 52
0051_0018_0008_0054_0054.jpg 1 18 8 54 54
0052_0016_0015_0068_0068.jpg 1 16 15 68 68
0053_0022_0007_0061_0061.jpg 1 22 7 61 61
0054_0004_0021_0057_0057.jpg 1 4 21 57 57
0055_0034_0023_0036_0036.jpg 1 34 23 36 36
0056_0029_0022_0065_0065.jpg 1 29 22 65 65
0057_0019_0033_0062_0062.jpg 1 19 33 62 62
0058_0012_0030_0060_0060.jpg 1 12 30 60 60
0059_0047_0018_0034_0034.jpg 1 47 18 34 34
0060_0012_0009_0042_0042.jpg 1 12 9 42 42
0061_0038_0039_0056_0056.jpg 1 38 39 56 56
0062_0043_0019_0051_0051.jpg 1 43 19 51 51
0063_0043_0046_0029_0029.jpg 1 43 46 29 29
0064_0052_0008_0037_0037.jpg 1 52 8 37 37
0065_0024_0024_0060_0060.jpg 1 24 24 60 60
0066_0011_0021_0056_0056.jpg 1 11 21 56 56
0067_0008_0024_0048_0048.jpg 1 8 24 48 48
0068_0046_0039_0037_0037.jpg 1 46 39 37 37
0069_0038_0041_0039_0039.jpg 1 38 41 39 39
0070_0015_0024_0068_0068.jpg 1 15 24 68 68
0071_0045_0025_0033_0033.jpg 1 45 25 33 33
0072_0019_0015_0062_0062.jpg 1 19 15 62 62
0073_0049_0020_0027_0027.jpg 1 49 20 27 27
0074_0006_0008_0060_0060.jpg 1 6 8 60 60
0075_0037_0060_0032_0032.jpg 1 37 60 32 32
0076_0042_0010_0038_0038.jpg 1 42 10 38 38
0077_0061_0022_0029_0029.jpg 1 61 22 29 29
0078_0035_0006_0055_0055.jpg 1 35 6 55 55
0079_0047_0049_0024_0024.jpg 1 47 49 24 24
0080_0018_0044_0025_0025.jpg 1 18 44 25 25
0081_0010_0019_0068_0068.jpg 1 10 19 68 68
0082_0017_0055_0029_0029.jpg 1 17 55 29 29
0083_0008_0033_0059_0059.jpg 1 8 33 59 59
0084_0037_0026_0044_0044.jpg 1 37 26 44 44
0085_0035_0033_0037_0037.jpg 1 35 33 37 37
0086_0012_0013_0069_0069.jpg 1 12 13 69 69
0087_0028_0041_0036_0036.jpg 1 28 41 36 36
0088_0040_0030_0044_0044.jpg 1 40 30 44 44
0089_0045_0024_0049_0049.jpg 1 45 24 49 49
0090_0036_0023_0030_0030.jpg 1 36 23 30 30
0091_0050_0025_0040_0040.jpg 1 50 25 40 40
0092_0005_0020_0057_0057.jpg 1 5 20 57 57
0093_0021_0026_0058_0058.jpg 1 21 26 58 58
0094_0019_0030_0054_0054.jpg 1 19 30 54 54
0095_0024_0007_0061_0061.jpg 1 24 7 61 61
0096_0023_0012_0053_0053.jpg 1 23 12 53 53
0097_0014_0029_0062_0062.jpg 1 14 29 62 62
0098_0026_0017_0058_0058.jpg 1 26 17 58 58
0099_0043_0043_0028_0028.jpg 1 43 43 28 28
0100_0043_0044_0033_0033.jpg 1 43 44 33 33
0101_0017_0037_0035_0035.jpg 1 17 37 35 35
0102_0018_0020_0060_0060.jpg 1 18 20 60 60
0103_0034_0046_0030_0030.jpg 1 34 46 30 30
0104_0027_0026_0063_0063.jpg 1 27 26 63 63
