0001_0102_0023_0039_0039.jpg 1 102 23 39 39
0002_0137_0053_0046_0046.jpg 1 137 53 46 46
0003_0022_0049_0046_0046.jpg 1 22 49 46 46
0004_0072_0077_0057_0057.jpg 1 72 77 57 57
0005_0061_0027_0062_0062.jpg 1 61 27 62 62
0006_0120_0018_0087_0087.jpg 1 120 18 87 87
0007_0036_0035_0053_0053.jpg 1 36 35 53 53
0008_0081_0065_0058_0058.jpg 1 81 65 58 58
0009_0029_0047_0088_0088.jpg 1 29 47 88 88
0010_0139_0041_0050_0050.jpg 1 139 41 50 50
0011_0046_0037_0035_0035.jpg 1 46 37 35 35
0012_0087_0084_0041_0041.jpg 1 87 84 41 41
0013_0153_0072_0024_0024.jpg 1 153 72 24 24
0014_0183_0102_0079_0079.jpg 1 183 102 79 79
0015_0045_0055_0084_0084.jpg 1 45 55 84 84
0016_0142_0032_0058_0058.jpg 1 142 32 58 58
0017_0025_0012_0039_0039.jpg 1 25 12 39 39
0018_0040_0060_0068_0068.jpg 1 40 60 68 68
0019_0070_0023_0100_0100.jpg 1 70 23 100 100
0020_0076_0050_0051_0051.jpg 1 76 50 51 51
0021_0064_0049_0092_0092.jpg 1 64 49 92 92
0022_0160_0078_0028_0028.jpg 1 160 78 28 28
0023_0120_0078_0031_0031.jpg 1 120 78 31 31
0024_0026_0032_0064_0064.jpg 1 26 32 64 64
0025_0034_0029_0046_0046.jpg 1 34 29 46 46
0026_0070_0064_0062_0062.jpg 1 70 64 62 62
0027_0099_0035_0082_0082.jpg 1 99 35 82 82
0028_0025_0006_0094_0094.jpg 1 25 6 94 94
0029_0022_0011_0058_0058.jpg 1 22 11 58 58
0030_0134_0199_0026_0026.jpg 1 134 199 26 26
0031_0135_0053_0037_0037.jpg 1 135 53 37 37
0032_0136_0022_0035_0035.jpg 1 136 22 35 35
0033_0080_0013_0064_0064.jpg 1 80 13 64 64
0034_0119_0024_0088_0088.jpg 1 119 24 88 88
0035_0082_0017_0092_0092.jpg 1 82 17 92 92
0036_0024_0008_0088_0088.jpg 1 24 8 88 88
0037_0136_0050_0071_0071.jpg 1 136 50 71 71
0038_0113_0020_0090_0090.jpg 1 113 20 90 90
0039_0150_0037_0026_0026.jpg 1 150 37 26 26
0040_0125_0088_0029_0029.jpg 1 125 88 29 29
0041_0049_0053_0044_0044.jpg 1 49 53 44 44
0042_0246_0166_0043_0043.jpg 1 246 166 43 43
0043_0162_0037_0030_0030.jpg 1 162 37 30 30
0044_0120_0046_0083_0083.jpg 1 120 46 83 83
0045_0030_0045_0093_0093.jpg 1 30 45 93 93
0046_0135_0073_0051_0051.jpg 1 135 73 51 51
0047_0204_0105_0055_0055.jpg 1 204 105 55 55
0048_0023_0031_0072_0072.jpg 1 23 31 72 72
0049_0120_0016_0073_0073.jpg 1 120 16 73 73
0050_0242_0035_0100_0100.jpg 1 242 35 100 100
0051_0136_0039_0055_0055.jpg 1 136 39 55 55
0052_0246_0074_0085_0085.jpg 1 246 74 85 85
0053_0037_0040_0096_0096.jpg 1 37 40 96 96
0054_0205_0122_0099_0099.jpg 1 205 122 99 99
0055_0136_0165_0035_0035.jpg 1 136 165 35 35
0056_0020_0034_0033_0033.jpg 1 20 34 33 33
0057_0078_0024_0060_0060.jpg 1 78 24 60 60
0058_0037_0021_0093_0093.jpg 1 37 21 93 93
0059_0064_0006_0080_0080.jpg 1 64 6 80 80
0060_0264_0038_0079_0079.jpg 1 264 38 79 79
0061_0137_0062_0036_0036.jpg 1 137 62 36 36
0062_0096_0049_0050_0050.jpg 1 96 49 50 50
0063_0057_0028_0036_0036.jpg 1 57 28 36 36
0064_0058_0043_0060_0060.jpg 1 58 43 60 60
0065_0114_0034_0063_0063.jpg 1 114 34 63 63
0066_0059_0052_0048_0048.jpg 1 59 52 48 48
0067_0109_0045_0081_0081.jpg 1 109 45 81 81
0068_0059_0041_0069_0069.jpg 1 59 41 69 69
0069_0027_0018_0074_0074.jpg 1 27 18 74 74
0070_0081_0048_0081_0081.jpg 1 81 48 81 81
0071_0066_0075_0062_0062.jpg 1 66 75 62 62
0072_0073_0019_0050_0050.jpg 1 73 19 50 50
0073_0050_0044_0072_0072.jpg 1 50 44 72 72
0074_0271_0140_0042_0042.jpg 1 271 140 42 42
0075_0081_0032_0050_0050.jpg 1 81 32 50 50
0076_0147_0012_0027_0027.jpg 1 147 12 27 27
0077_0153_0021_0028_0028.jpg 1 153 21 28 28
0078_0204_0149_0059_0059.jpg 1 204 149 59 59
0079_0046_0051_0040_0040.jpg 1 46 51 40 40
0080_0086_0104_0100_0100.jpg 1 86 104 100 100
0081_0038_0135_0094_0094.jpg 1 38 135 94 94
0082_0111_0031_0029_0029.jpg 1 111 31 29 29
0083_0090_0081_0036_0036.jpg 1 90 81 36 36
0084_0072_0029_0068_0068.jpg 1 72 29 68 68
0085_0114_0076_0054_0054.jpg 1 114 76 54 54
0086_0057_0078_0056_0056.jpg 1 57 78 56 56
0087_0068_0032_0049_0049.jpg 1 68 32 49 49
0088_0090_0006_0086_0086.jpg 1 90 6 86 86
0089_0026_0023_0038_0038.jpg 1 26 23 38 38
0090_0099_0048_0061_0061.jpg 1 99 48 61 61
0091_0144_0038_0030_0030.jpg 1 144 38 30 30
0092_0040_0041_0072_0072.jpg 1 40 41 72 72
0093_0075_0050_0078_0078.jpg 1 75 50 78 78
0094_0038_0028_0084_0084.jpg 1 38 28 84 84
0095_0034_0050_0072_0072.jpg 1 34 50 72 72
0096_0025_0010_0095_0095.jpg 1 25 10 95 95
0097_0046_0006_0096_0096.jpg 1 46 6 96 96
0098_0094_0025_0069_0069.jpg 1 94 25 69 69
0099_0053_0021_0088_0088.jpg 1 53 21 88 88
0100_0030_0022_0075_0075.jpg 1 30 22 75 75
0101_0104_0013_0090_0090.jpg 1 104 13 90 90
0102_0115_0066_0044_0044.jpg 1 115 66 44 44
0103_0035_0008_0074_0074.jpg 1 35 8 74 74
0104_0111_0005_0095_0095.jpg 1 111 5 95 95
0105_0074_0069_0031_0031.jpg 1 74 69 31 31
0106_0056_0015_0061_0061.jpg 1 56 15 61 61
0107_0146_0109_0024_0024.jpg 1 146 109 24 24
0108_0053_0079_0052_0052.jpg 1 53 79 52 52
0109_0020_0064_0058_0058.jpg 1 20 64 58 58
0110_0017_0049_0079_0079.jpg 1 17 49 79 79
0111_0112_0045_0045_0045.jpg 1 112 45 45 45
0112_0093_0011_0059_0059.jpg 1 93 11 59 59
0113_0105_0018_0028_0028.jpg 1 105 18 28 28
0114_0042_0067_0050_0050.jpg 1 42 67 50 50
0115_0086_0032_0076_0076.jpg 1 86 32 76 76
0116_0133_0023_0072_0072.jpg 1 133 23 72 72
0117_0150_0055_0040_0040.jpg 1 150 55 40 40
0118_0028_0037_0100_0100.jpg 1 28 37 100 100
0119_0081_0080_0048_0048.jpg 1 81 80 48 48
0120_0104_0016_0059_0059.jpg 1 104 16 59 59
0121_0036_0039_0089_0089.jpg 1 36 39 89 89
0122_0128_0023_0083_0083.jpg 1 128 23 83 83
0123_0074_0054_0053_0053.jpg 1 74 54 53 53
0124_0130_0040_0052_0052.jpg 1 130 40 52 52
0125_0032_0035_0090_0090.jpg 1 32 35 90 90
0126_0129_0099_0032_0032.jpg 1 129 99 32 32
0127_0053_0043_0083_0083.jpg 1 53 43 83 83
0128_0051_0018_0085_0085.jpg 1 51 18 85 85
0129_0064_0015_0087_0087.jpg 1 64 15 87 87
0130_0058_0064_0042_0042.jpg 1 58 64 42 42
0131_0024_0013_0062_0062.jpg 1 24 13 62 62
0132_0025_0010_0084_0084.jpg 1 25 10 84 84
0133_0069_0025_0085_0085.jpg 1 69 25 85 85
0134_0107_0030_0071_0071.jpg 1 107 30 71 71
0135_0070_0034_0040_0040.jpg 1 70 34 40 40
0136_0203_0162_0033_0033.jpg 1 203 162 33 33
0137_0128_0018_0043_0043.jpg 1 128 18 43 43
0138_0241_0076_0102_0102.jpg 1 241 76 102 102
0139_0110_0038_0033_0033.jpg 1 110 38 33 33
0140_0142_0061_0046_0046.jpg 1 142 61 46 46
0141_0053_0080_0026_0026.jpg 1 53 80 26 26
0142_0022_0039_0030_0030.jpg 1 22 39 30 30
0143_0035_0055_0075_0075.jpg 1 35 55 75 75
0144_0070_0021_0078_0078.jpg 1 70 21 78 78
0145_0043_0046_0051_0051.jpg 1 43 46 51 51
0146_0018_0027_0043_0043.jpg 1 18 27 43 43
0147_0256_0068_0091_0091.jpg 1 256 68 91 91
0148_0035_0086_0030_0030.jpg 1 35 86 30 30
0149_0017_0046_0082_0082.jpg 1 17 46 82 82
0150_0079_0072_0066_0066.jpg 1 79 72 66 66
0151_0049_0024_0100_0100.jpg 1 49 24 100 100
0152_0050_0064_0074_0074.jpg 1 50 64 74 74
0153_0077_0103_0028_0028.jpg 1 77 103 28 28
0154_0111_0017_0047_0047.jpg 1 111 17 47 47
0155_0121_0079_0050_0050.jpg 1 121 79 50 50
0156_0098_0052_0044_0044.jpg 1 98 52 44 44
0157_0167_0054_0030_0030.jpg 1 167 54 30 30
0158_0106_0035_0092_0092.jpg 1 106 35 92 92
0159_0114_0017_0081_0081.jpg 1 114 17 81 81
0160_0068_0017_0052_0052.jpg 1 68 17 52 52
0161_0079_0032_0044_0044.jpg 1 79 32 44 44
0162_0065_0137_0083_0083.jpg 1 65 137 83 83
0163_0102_0006_0091_0091.jpg 1 102 6 91 91
0164_0020_0059_0076_0076.jpg 1 20 59 76 76
0165_0085_0072_0032_0032.jpg 1 85 72 32 32
0166_0296_0115_0032_0032.jpg 1 296 115 32 32
0167_0104_0011_0069_0069.jpg 1 104 11 69 69
0168_0040_0013_0032_0032.jpg 1 40 13 32 32
0169_0058_0015_0058_0058.jpg 1 58 15 58 58
0170_0300_0156_0037_0037.jpg 1 300 156 37 37
0171_0102_0026_0050_0050.jpg 1 102 26 50 50
0172_0120_0034_0051_0051.jpg 1 120 34 51 51
0173_0037_0052_0037_0037.jpg 1 37 52 37 37
0174_0142_0181_0031_0031.jpg 1 142 181 31 31
0175_0058_0076_0061_0061.jpg 1 58 76 61 61
0176_0083_0014_0101_0101.jpg 1 83 14 101 101
0177_0120_0037_0089_0089.jpg 1 120 37 89 89
0178_0059_0079_0052_0052.jpg 1 59 79 52 52
0179_0151_0023_0040_0040.jpg 1 151 23 40 40
0180_0258_0185_0026_0026.jpg 1 258 185 26 26
0181_0090_0072_0063_0063.jpg 1 90 72 63 63
0182_0034_0036_0033_0033.jpg 1 34 36 33 33
0183_0046_0046_0047_0047.jpg 1 46 46 47 47
0184_0099_0009_0102_0102.jpg 1 99 9 102 102
0185_0042_0021_0102_0102.jpg 1 42 21 102 102
0186_0097_0022_0082_0082.jpg 1 97 22 82 82
0187_0158_0080_0037_0037.jpg 1 158 80 37 37
0188_0078_0019_0077_0077.jpg 1 78 19 77 77
0189_0076_0017_0097_0097.jpg 1 76 17 97 97
0190_0072_0068_0065_0065.jpg 1 72 68 65 65
0191_0090_0050_0059_0059.jpg 1 90 50 59 59
0192_0135_0064_0066_0066.jpg 1 135 64 66 66
0193_0126_0095_0052_0052.jpg 1 126 95 52 52
0194_0133_0025_0029_0029.jpg 1 133 25 29 29
0195_0033_0069_0050_0050.jpg 1 33 69 50 50
0196_0055_0061_0042_0042.jpg 1 55 61 42 42
0197_0057_0044_0098_0098.jpg 1 57 44 98 98
0198_0082_0041_0062_0062.jpg 1 82 41 62 62
0199_0043_0036_0039_0039.jpg 1 43 36 39 39
0200_0022_0046_0056_0056.jpg 1 22 46 56 56
0201_0057_0023_0086_0086.jpg 1 57 23 86 86
0202_0103_0036_0090_0090.jpg 1 103 36 90 90
0203_0060_0094_0037_0037.jpg 1 60 94 37 37
0204_0049_0106_0032_0032.jpg 1 49 106 32 32
0205_0046_0029_0079_0079.jpg 1 46 29 79 79
0206_0250_0073_0077_0077.jpg 1 250 73 77 77
0207_0241_0050_0049_0049.jpg 1 241 50 49 49
0208_0128_0059_0059_0059.jpg 1 128 59 59 59
0209_0238_0124_0089_0089.jpg 1 238 124 89 89
0210_0036_0038_0063_0063.jpg 1 36 38 63 63
0211_0141_0041_0046_0046.jpg 1 141 41 46 46
0212_0094_0096_0033_0033.jpg 1 94 96 33 33
0213_0100_0018_0090_0090.jpg 1 100 18 90 90
0214_0116_0057_0032_0032.jpg 1 116 57 32 32
0215_0096_0025_0092_0092.jpg 1 96 25 92 92
0216_0037_0006_0090_0090.jpg 1 37 6 90 90
0217_0110_0035_0063_0063.jpg 1 110 35 63 63
0218_0021_0039_0044_0044.jpg 1 21 39 44 44
0219_0102_0029_0027_0027.jpg 1 102 29 27 27
0220_0088_0016_0073_0073.jpg 1 88 16 73 73
0221_0084_0015_0083_0083.jpg 1 84 15 83 83
0222_0064_0052_0083_0083.jpg 1 64 52 83 83
0223_0157_0055_0047_0047.jpg 1 157 55 47 47
0224_0077_0057_0048_0048.jpg 1 77 57 48 48
0225_0156_0095_0026_0026.jpg 1 156 95 26 26
0226_0053_0018_0069_0069.jpg 1 53 18 69 69
0227_0094_0101_0026_0026.jpg 1 94 101 26 26
0228_0063_0033_0078_0078.jpg 1 63 33 78 78
0229_0037_0054_0080_0080.jpg 1 37 54 80 80
0230_0166_0061_0078_0078.jpg 1 166 61 78 78
0231_0087_0082_0051_0051.jpg 1 87 82 51 51
0232_0101_0053_0027_0027.jpg 1 101 53 27 27
0233_0026_0093_0038_0038.jpg 1 26 93 38 38
0234_0104_0043_0095_0095.jpg 1 104 43 95 95
0235_0122_0067_0071_0071.jpg 1 122 67 71 71
0236_0025_0010_0093_0093.jpg 1 25 10 93 93
0237_0020_0010_0066_0066.jpg 1 20 10 66 66
0238_0092_0035_0097_0097.jpg 1 92 35 97 97
0239_0154_0059_0077_0077.jpg 1 154 59 77 77
0240_0036_0079_0051_0051.jpg 1 36 79 51 51
0241_0028_0030_0039_0039.jpg 1 28 30 39 39
0242_0219_0054_0078_0078.jpg 1 219 54 78 78
0243_0095_0030_0038_0038.jpg 1 95 30 38 38
0244_0040_0023_0099_0099.jpg 1 40 23 99 99
0245_0055_0063_0064_0064.jpg 1 55 63 64 64
0246_0038_0031_0078_0078.jpg 1 38 31 78 78
0247_0134_0070_0062_0062.jpg 1 134 70 62 62
0248_0152_0020_0027_0027.jpg 1 152 20 27 27
0249_0082_0074_0057_0057.jpg 1 82 74 57 57
0250_0145_0188_0038_0038.jpg 1 145 188 38 38
0251_0121_0138_0052_0052.jpg 1 121 138 52 52
0252_0117_0047_0075_0075.jpg 1 117 47 75 75
0253_0049_0050_0069_0069.jpg 1 49 50 69 69
0254_0260_0127_0042_0042.jpg 1 260 127 42 42
0255_0118_0016_0048_0048.jpg 1 118 16 48 48
0256_0027_0030_0051_0051.jpg 1 27 30 51 51
0257_0065_0026_0080_0080.jpg 1 65 26 80 80
0258_0127_0082_0036_0036.jpg 1 127 82 36 36
0259_0105_0054_0055_0055.jpg 1 105 54 55 55
0260_0152_0033_0044_0044.jpg 1 152 33 44 44
0261_0138_0062_0064_0064.jpg 1 138 62 64 64
0262_0203_0015_0102_0102.jpg 1 203 15 102 102
0263_0138_0035_0054_0054.jpg 1 138 35 54 54
0264_0312_0097_0029_0029.jpg 1 312 97 29 29
0265_0062_0027_0084_0084.jpg 1 62 27 84 84
0266_0086_0045_0081_0081.jpg 1 86 45 81 81
0267_0107_0048_0034_0034.jpg 1 107 48 34 34
0268_0031_0013_0076_0076.jpg 1 31 13 76 76
0269_0103_0071_0040_0040.jpg 1 103 71 40 40
0270_0119_0183_0027_0027.jpg 1 119 183 27 27
0271_0058_0015_0090_0090.jpg 1 58 15 90 90
0272_0114_0052_0077_0077.jpg 1 114 52 77 77
0273_0210_0025_0069_0069.jpg 1 210 25 69 69
0274_0080_0036_0090_0090.jpg 1 80 36 90 90
0275_0036_0048_0078_0078.jpg 1 36 48 78 78
0276_0091_0029_0024_0024.jpg 1 91 29 24 24
0277_0111_0047_0036_0036.jpg 1 111 47 36 36
0278_0117_0049_0047_0047.jpg 1 117 49 47 47
0279_0153_0069_0039_0039.jpg 1 153 69 39 39
0280_0097_0060_0062_0062.jpg 1 97 60 62 62
0281_0157_0089_0044_0044.jpg 1 157 89 44 44
0282_0022_0017_0101_0101.jpg 1 22 17 101 101
0283_0270_0027_0061_0061.jpg 1 270 27 61 61
0284_0036_0022_0095_0095.jpg 1 36 22 95 95
0285_0122_0060_0040_0040.jpg 1 122 60 40 40
0286_0095_0045_0086_0086.jpg 1 95 45 86 86
0287_0093_0031_0069_0069.jpg 1 93 31 69 69
0288_0048_0012_0093_0093.jpg 1 48 12 93 93
0289_0041_0057_0070_0070.jpg 1 41 57 70 70
0290_0021_0053_0043_0043.jpg 1 21 53 43 43
0291_0099_0022_0069_0069.jpg 1 99 22 69 69
0292_0141_0118_0034_0034.jpg 1 141 118 34 34
0293_0038_0031_0098_0098.jpg 1 38 31 98 98
0294_0098_0030_0100_0100.jpg 1 98 30 100 100
0295_0163_0102_0029_0029.jpg 1 163 102 29 29
0296_0057_0017_0096_0096.jpg 1 57 17 96 96
0297_0144_0122_0064_0064.jpg 1 144 122 64 64
0298_0196_0087_0047_0047.jpg 1 196 87 47 47
0299_0074_0062_0072_0072.jpg 1 74 62 72 72
0300_0267_0137_0066_0066.jpg 1 267 137 66 66
0301_0140_0109_0026_0026.jpg 1 140 109 26 26
0302_0061_0072_0050_0050.jpg 1 61 72 50 50
0303_0282_0074_0053_0053.jpg 1 282 74 53 53
0304_0060_0021_0089_0089.jpg 1 60 21 89 89
0305_0136_0057_0068_0068.jpg 1 136 57 68 68
0306_0099_0060_0036_0036.jpg 1 99 60 36 36
0307_0022_0038_0061_0061.jpg 1 22 38 61 61
0308_0022_0032_0071_0071.jpg 1 22 32 71 71
0309_0078_0013_0093_0093.jpg 1 78 13 93 93
0310_0066_0008_0096_0096.jpg 1 66 8 96 96
0311_0072_0025_0098_0098.jpg 1 72 25 98 98
0312_0148_0099_0028_0028.jpg 1 148 99 28 28
0313_0113_0021_0092_0092.jpg 1 113 21 92 92
0314_0086_0015_0046_0046.jpg 1 86 15 46 46
0315_0115_0033_0047_0047.jpg 1 115 33 47 47
0316_0105_0030_0059_0059.jpg 1 105 30 59 59
0317_0102_0157_0046_0046.jpg 1 102 157 46 46
0318_0020_0029_0100_0100.jpg 1 20 29 100 100
0319_0088_0013_0050_0050.jpg 1 88 13 50 50
0320_0037_0059_0088_0088.jpg 1 37 59 88 88
0321_0042_0020_0082_0082.jpg 1 42 20 82 82
0322_0068_0041_0096_0096.jpg 1 68 41 96 96
0323_0069_0059_0062_0062.jpg 1 69 59 62 62
0324_0166_0018_0034_0034.jpg 1 166 18 34 34
0325_0034_0059_0060_0060.jpg 1 34 59 60 60
0326_0037_0026_0097_0097.jpg 1 37 26 97 97
0327_0017_0013_0068_0068.jpg 1 17 13 68 68
0328_0118_0051_0087_0087.jpg 1 118 51 87 87
0329_0112_0024_0048_0048.jpg 1 112 24 48 48
0330_0072_0052_0087_0087.jpg 1 72 52 87 87
0331_0115_0138_0063_0063.jpg 1 115 138 63 63
0332_0100_0043_0095_0095.jpg 1 100 43 95 95
0333_0066_0043_0032_0032.jpg 1 66 43 32 32
0334_0065_0059_0080_0080.jpg 1 65 59 80 80
0335_0133_0011_0062_0062.jpg 1 133 11 62 62
0336_0047_0033_0089_0089.jpg 1 47 33 89 89
0337_0039_0005_0101_0101.jpg 1 39 5 101 101
0338_0020_0046_0041_0041.jpg 1 20 46 41 41
0339_0201_0039_0037_0037.jpg 1 201 39 37 37
0340_0033_0049_0069_0069.jpg 1 33 49 69 69
0341_0047_0021_0058_0058.jpg 1 47 21 58 58
0342_0049_0013_0095_0095.jpg 1 49 13 95 95
0343_0050_0038_0097_0097.jpg 1 50 38 97 97
0344_0070_0021_0089_0089.jpg 1 70 21 89 89
0345_0093_0031_0101_0101.jpg 1 93 31 101 101
0346_0104_0085_0044_0044.jpg 1 104 85 44 44
0347_0123_0052_0068_0068.jpg 1 123 52 68 68
0348_0152_0132_0031_0031.jpg 1 152 132 31 31
0349_0038_0081_0046_0046.jpg 1 38 81 46 46
0350_0140_0083_0047_0047.jpg 1 140 83 47 47
0351_0309_0194_0034_0034.jpg 1 309 194 34 34
0352_0200_0098_0101_0101.jpg 1 200 98 101 101
0353_0195_0062_0102_0102.jpg 1 195 62 102 102
0354_0047_0068_0069_0069.jpg 1 47 68 69 69
0355_0055_0022_0049_0049.jpg 1 55 22 49 49
0356_0017_0067_0060_0060.jpg 1 17 67 60 60
0357_0112_0022_0028_0028.jpg 1 112 22 28 28
0358_0103_0033_0028_0028.jpg 1 103 33 28 28
0359_0117_0026_0027_0027.jpg 1 117 26 27 27
0360_0102_0057_0082_0082.jpg 1 102 57 82 82
0361_0062_0054_0039_0039.jpg 1 62 54 39 39
0362_0033_0054_0066_0066.jpg 1 33 54 66 66
0363_0125_0052_0035_0035.jpg 1 125 52 35 35
0364_0123_0108_0025_0025.jpg 1 123 108 25 25
0365_0100_0076_0058_0058.jpg 1 100 76 58 58
0366_0109_0044_0056_0056.jpg 1 109 44 56 56
0367_0099_0020_0087_0087.jpg 1 99 20 87 87
0368_0086_0045_0079_0079.jpg 1 86 45 79 79
0369_0048_0045_0071_0071.jpg 1 48 45 71 71
0370_0166_0019_0032_0032.jpg 1 166 19 32 32
0371_0035_0073_0033_0033.jpg 1 35 73 33 33
0372_0051_0076_0030_0030.jpg 1 51 76 30 30
0373_0041_0025_0072_0072.jpg 1 41 25 72 72
0374_0133_0069_0035_0035.jpg 1 133 69 35 35
0375_0049_0037_0098_0098.jpg 1 49 37 98 98
0376_0156_0075_0049_0049.jpg 1 156 75 49 49
0377_0133_0021_0064_0064.jpg 1 133 21 64 64
0378_0111_0010_0050_0050.jpg 1 111 10 50 50
0379_0061_0007_0082_0082.jpg 1 61 7 82 82
0380_0100_0057_0069_0069.jpg 1 100 57 69 69
0381_0121_0045_0037_0037.jpg 1 121 45 37 37
0382_0019_0031_0088_0088.jpg 1 19 31 88 88
0383_0062_0047_0084_0084.jpg 1 62 47 84 84
0384_0269_0124_0076_0076.jpg 1 269 124 76 76
0385_0099_0021_0086_0086.jpg 1 99 21 86 86
0386_0146_0058_0039_0039.jpg 1 146 58 39 39
0387_0149_0105_0027_0027.jpg 1 149 105 27 27
0388_0088_0074_0058_0058.jpg 1 88 74 58 58
0389_0205_0163_0062_0062.jpg 1 205 163 62 62
0390_0094_0067_0045_0045.jpg 1 94 67 45 45
0391_0055_0042_0033_0033.jpg 1 55 42 33 33
0392_0085_0031_0086_0086.jpg 1 85 31 86 86
0393_0138_0048_0035_0035.jpg 1 138 48 35 35
0394_0076_0042_0098_0098.jpg 1 76 42 98 98
0395_0082_0038_0094_0094.jpg 1 82 38 94 94
0396_0026_0040_0058_0058.jpg 1 26 40 58 58
0397_0076_0025_0076_0076.jpg 1 76 25 76 76
0398_0042_0071_0078_0078.jpg 1 42 71 78 78
0399_0196_0126_0068_0068.jpg 1 196 126 68 68
0400_0036_0058_0062_0062.jpg 1 36 58 62 62
0401_0084_0032_0085_0085.jpg 1 84 32 85 85
0402_0249_0123_0093_0093.jpg 1 249 123 93 93
0403_0064_0035_0086_0086.jpg 1 64 35 86 86
0404_0120_0029_0048_0048.jpg 1 120 29 48 48
0405_0076_0023_0071_0071.jpg 1 76 23 71 71
0406_0098_0015_0043_0043.jpg 1 98 15 43 43
0407_0192_0040_0097_0097.jpg 1 192 40 97 97
0408_0126_0014_0039_0039.jpg 1 126 14 39 39
0409_0111_0038_0032_0032.jpg 1 111 38 32 32
0410_0160_0021_0035_0035.jpg 1 160 21 35 35
0411_0032_0054_0042_0042.jpg 1 32 54 42 42
0412_0258_0129_0082_0082.jpg 1 258 129 82 82
0413_0037_0092_0035_0035.jpg 1 37 92 35 35
0414_0059_0037_0083_0083.jpg 1 59 37 83 83
0415_0085_0058_0072_0072.jpg 1 85 58 72 72
0416_0061_0068_0064_0064.jpg 1 61 68 64 64
0417_0138_0087_0038_0038.jpg 1 138 87 38 38
0418_0059_0077_0044_0044.jpg 1 59 77 44 44
0419_0103_0046_0073_0073.jpg 1 103 46 73 73
0420_0106_0040_0091_0091.jpg 1 106 40 91 91
0421_0034_0051_0087_0087.jpg 1 34 51 87 87
0422_0085_0029_0080_0080.jpg 1 85 29 80 80
0423_0116_0024_0062_0062.jpg 1 116 24 62 62
0424_0107_0064_0067_0067.jpg 1 107 64 67 67
0425_0046_0046_0054_0054.jpg 1 46 46 54 54
0426_0085_0018_0060_0060.jpg 1 85 18 60 60
0427_0120_0023_0074_0074.jpg 1 120 23 74 74
0428_0034_0072_0056_0056.jpg 1 34 72 56 56
0429_0022_0011_0096_0096.jpg 1 22 11 96 96
0430_0132_0022_0071_0071.jpg 1 132 22 71 71
0431_0026_0075_0057_0057.jpg 1 26 75 57 57
0432_0144_0019_0049_0049.jpg 1 144 19 49 49
0433_0089_0032_0074_0074.jpg 1 89 32 74 74
0434_0084_0010_0052_0052.jpg 1 84 10 52 52
0435_0082_0016_0078_0078.jpg 1 82 16 78 78
0436_0090_0076_0030_0030.jpg 1 90 76 30 30
0437_0092_0017_0102_0102.jpg 1 92 17 102 102
0438_0024_0011_0073_0073.jpg 1 24 11 73 73
0439_0092_0044_0096_0096.jpg 1 92 44 96 96
0440_0032_0020_0098_0098.jpg 1 32 20 98 98
0441_0127_0072_0057_0057.jpg 1 127 72 57 57
0442_0130_0037_0067_0067.jpg 1 130 37 67 67
0443_0159_0071_0043_0043.jpg 1 159 71 43 43
0444_0089_0028_0088_0088.jpg 1 89 28 88 88
0445_0098_0041_0082_0082.jpg 1 98 41 82 82
0446_0044_0065_0060_0060.jpg 1 44 65 60 60
0447_0084_0011_0076_0076.jpg 1 84 11 76 76
0448_0054_0060_0056_0056.jpg 1 54 60 56 56
0449_0034_0064_0060_0060.jpg 1 34 64 60 60
0450_0089_0044_0097_0097.jpg 1 89 44 97 97
0451_0049_0064_0073_0073.jpg 1 49 64 73 73
